Determining if compiler supports C++ filesystem failed with the following output:
Change Dir: /home/xin/tools/cmake-3.23.2/CMakeFiles/CMakeTmp

Run Build Command(s):/usr/bin/make -f Makefile cmTC_a5b70/fast && make  -f CMakeFiles/cmTC_a5b70.dir/build.make CMakeFiles/cmTC_a5b70.dir/build
make[1]: 进入目录“/home/xin/tools/cmake-3.23.2/CMakeFiles/CMakeTmp”
Building CXX object CMakeFiles/cmTC_a5b70.dir/cm_cxx_filesystem.cxx.o
/usr/bin/g++   -std=gnu++1z -o CMakeFiles/cmTC_a5b70.dir/cm_cxx_filesystem.cxx.o -c /home/xin/tools/cmake-3.23.2/Source/Checks/cm_cxx_filesystem.cxx
/home/xin/tools/cmake-3.23.2/Source/Checks/cm_cxx_filesystem.cxx:2:10: fatal error: filesystem: 没有那个文件或目录
 #include <filesystem>
          ^~~~~~~~~~~~
compilation terminated.
CMakeFiles/cmTC_a5b70.dir/build.make:77: recipe for target 'CMakeFiles/cmTC_a5b70.dir/cm_cxx_filesystem.cxx.o' failed
make[1]: *** [CMakeFiles/cmTC_a5b70.dir/cm_cxx_filesystem.cxx.o] Error 1
make[1]: 离开目录“/home/xin/tools/cmake-3.23.2/CMakeFiles/CMakeTmp”
Makefile:127: recipe for target 'cmTC_a5b70/fast' failed
make: *** [cmTC_a5b70/fast] Error 2



Determining if the environ exist failed with the following output:
Change Dir: /home/xin/tools/cmake-3.23.2/CMakeFiles/CMakeTmp

Run Build Command(s):/usr/bin/make -f Makefile cmTC_5ff07/fast && make  -f CMakeFiles/cmTC_5ff07.dir/build.make CMakeFiles/cmTC_5ff07.dir/build
make[1]: 进入目录“/home/xin/tools/cmake-3.23.2/CMakeFiles/CMakeTmp”
Building C object CMakeFiles/cmTC_5ff07.dir/CheckSymbolExists.c.o
/usr/bin/gcc    -o CMakeFiles/cmTC_5ff07.dir/CheckSymbolExists.c.o -c /home/xin/tools/cmake-3.23.2/CMakeFiles/CMakeTmp/CheckSymbolExists.c
/home/xin/tools/cmake-3.23.2/CMakeFiles/CMakeTmp/CheckSymbolExists.c: In function ‘main’:
/home/xin/tools/cmake-3.23.2/CMakeFiles/CMakeTmp/CheckSymbolExists.c:8:19: error: ‘environ’ undeclared (first use in this function)
   return ((int*)(&environ))[argc];
                   ^~~~~~~
/home/xin/tools/cmake-3.23.2/CMakeFiles/CMakeTmp/CheckSymbolExists.c:8:19: note: each undeclared identifier is reported only once for each function it appears in
CMakeFiles/cmTC_5ff07.dir/build.make:77: recipe for target 'CMakeFiles/cmTC_5ff07.dir/CheckSymbolExists.c.o' failed
make[1]: *** [CMakeFiles/cmTC_5ff07.dir/CheckSymbolExists.c.o] Error 1
make[1]: 离开目录“/home/xin/tools/cmake-3.23.2/CMakeFiles/CMakeTmp”
Makefile:127: recipe for target 'cmTC_5ff07/fast' failed
make: *** [cmTC_5ff07/fast] Error 2


File /home/xin/tools/cmake-3.23.2/CMakeFiles/CMakeTmp/CheckSymbolExists.c:
/* */
#include <stdlib.h>

int main(int argc, char** argv)
{
  (void)argv;
#ifndef environ
  return ((int*)(&environ))[argc];
#else
  (void)argc;
  return 0;
#endif
}
Performing C SOURCE FILE Test CMAKE_HAVE_LIBC_PTHREAD failed with the following output:
Change Dir: /home/xin/tools/cmake-3.23.2/CMakeFiles/CMakeTmp

Run Build Command(s):/usr/bin/make -f Makefile cmTC_b8905/fast && make  -f CMakeFiles/cmTC_b8905.dir/build.make CMakeFiles/cmTC_b8905.dir/build
make[1]: 进入目录“/home/xin/tools/cmake-3.23.2/CMakeFiles/CMakeTmp”
Building C object CMakeFiles/cmTC_b8905.dir/src.c.o
/usr/bin/gcc -DCMAKE_HAVE_LIBC_PTHREAD   -o CMakeFiles/cmTC_b8905.dir/src.c.o -c /home/xin/tools/cmake-3.23.2/CMakeFiles/CMakeTmp/src.c
Linking C executable cmTC_b8905
/home/xin/tools/cmake-3.23.2/Bootstrap.cmk/cmake -E cmake_link_script CMakeFiles/cmTC_b8905.dir/link.txt --verbose=1
/usr/bin/gcc CMakeFiles/cmTC_b8905.dir/src.c.o -o cmTC_b8905 
CMakeFiles/cmTC_b8905.dir/src.c.o：在函数‘main’中：
src.c:(.text+0x3e)：对‘pthread_create’未定义的引用
src.c:(.text+0x4a)：对‘pthread_detach’未定义的引用
src.c:(.text+0x56)：对‘pthread_cancel’未定义的引用
src.c:(.text+0x67)：对‘pthread_join’未定义的引用
src.c:(.text+0x7b)：对‘pthread_atfork’未定义的引用
collect2: error: ld returned 1 exit status
CMakeFiles/cmTC_b8905.dir/build.make:98: recipe for target 'cmTC_b8905' failed
make[1]: *** [cmTC_b8905] Error 1
make[1]: 离开目录“/home/xin/tools/cmake-3.23.2/CMakeFiles/CMakeTmp”
Makefile:127: recipe for target 'cmTC_b8905/fast' failed
make: *** [cmTC_b8905/fast] Error 2


Source file was:
#include <pthread.h>

static void* test_func(void* data)
{
  return data;
}

int main(void)
{
  pthread_t thread;
  pthread_create(&thread, NULL, test_func, NULL);
  pthread_detach(thread);
  pthread_cancel(thread);
  pthread_join(thread, NULL);
  pthread_atfork(NULL, NULL, NULL);
  pthread_exit(NULL);

  return 0;
}

Determining if the function pthread_create exists in the pthreads failed with the following output:
Change Dir: /home/xin/tools/cmake-3.23.2/CMakeFiles/CMakeTmp

Run Build Command(s):/usr/bin/make -f Makefile cmTC_3aedc/fast && make  -f CMakeFiles/cmTC_3aedc.dir/build.make CMakeFiles/cmTC_3aedc.dir/build
make[1]: 进入目录“/home/xin/tools/cmake-3.23.2/CMakeFiles/CMakeTmp”
Building C object CMakeFiles/cmTC_3aedc.dir/CheckFunctionExists.c.o
/usr/bin/gcc   -DCHECK_FUNCTION_EXISTS=pthread_create -o CMakeFiles/cmTC_3aedc.dir/CheckFunctionExists.c.o -c /home/xin/tools/cmake-3.23.2/Modules/CheckFunctionExists.c
Linking C executable cmTC_3aedc
/home/xin/tools/cmake-3.23.2/Bootstrap.cmk/cmake -E cmake_link_script CMakeFiles/cmTC_3aedc.dir/link.txt --verbose=1
/usr/bin/gcc  -DCHECK_FUNCTION_EXISTS=pthread_create CMakeFiles/cmTC_3aedc.dir/CheckFunctionExists.c.o -o cmTC_3aedc  -lpthreads 
/usr/bin/ld: 找不到 -lpthreads
collect2: error: ld returned 1 exit status
CMakeFiles/cmTC_3aedc.dir/build.make:98: recipe for target 'cmTC_3aedc' failed
make[1]: *** [cmTC_3aedc] Error 1
make[1]: 离开目录“/home/xin/tools/cmake-3.23.2/CMakeFiles/CMakeTmp”
Makefile:127: recipe for target 'cmTC_3aedc/fast' failed
make: *** [cmTC_3aedc/fast] Error 2



Checking whether CXX compiler has environ in stdlib.h failed to compile with the following output:
Change Dir: /home/xin/tools/cmake-3.23.2/Source/kwsys/CMakeFiles/CMakeTmp

Run Build Command(s):/usr/bin/make -f Makefile cmTC_008cf/fast && make  -f CMakeFiles/cmTC_008cf.dir/build.make CMakeFiles/cmTC_008cf.dir/build
make[1]: 进入目录“/home/xin/tools/cmake-3.23.2/Source/kwsys/CMakeFiles/CMakeTmp”
Building CXX object CMakeFiles/cmTC_008cf.dir/kwsysPlatformTestsCXX.cxx.o
/usr/bin/g++ -DTEST_KWSYS_CXX_HAS_ENVIRON_IN_STDLIB_H  -std=gnu++1z -o CMakeFiles/cmTC_008cf.dir/kwsysPlatformTestsCXX.cxx.o -c /home/xin/tools/cmake-3.23.2/Source/kwsys/kwsysPlatformTestsCXX.cxx
/home/xin/tools/cmake-3.23.2/Source/kwsys/kwsysPlatformTestsCXX.cxx: In function ‘int main()’:
/home/xin/tools/cmake-3.23.2/Source/kwsys/kwsysPlatformTestsCXX.cxx:53:13: error: ‘environ’ was not declared in this scope
   char* e = environ[0];
             ^~~~~~~
/home/xin/tools/cmake-3.23.2/Source/kwsys/kwsysPlatformTestsCXX.cxx:53:13: note: suggested alternative: ‘union’
   char* e = environ[0];
             ^~~~~~~
             union
CMakeFiles/cmTC_008cf.dir/build.make:77: recipe for target 'CMakeFiles/cmTC_008cf.dir/kwsysPlatformTestsCXX.cxx.o' failed
make[1]: *** [CMakeFiles/cmTC_008cf.dir/kwsysPlatformTestsCXX.cxx.o] Error 1
make[1]: 离开目录“/home/xin/tools/cmake-3.23.2/Source/kwsys/CMakeFiles/CMakeTmp”
Makefile:127: recipe for target 'cmTC_008cf/fast' failed
make: *** [cmTC_008cf/fast] Error 2



Checking whether CXX compiler struct stat has st_mtimespec member failed to compile with the following output:
Change Dir: /home/xin/tools/cmake-3.23.2/Source/kwsys/CMakeFiles/CMakeTmp

Run Build Command(s):/usr/bin/make -f Makefile cmTC_76958/fast && make  -f CMakeFiles/cmTC_76958.dir/build.make CMakeFiles/cmTC_76958.dir/build
make[1]: 进入目录“/home/xin/tools/cmake-3.23.2/Source/kwsys/CMakeFiles/CMakeTmp”
Building CXX object CMakeFiles/cmTC_76958.dir/kwsysPlatformTestsCXX.cxx.o
/usr/bin/g++ -DTEST_KWSYS_CXX_STAT_HAS_ST_MTIMESPEC  -std=gnu++1z -o CMakeFiles/cmTC_76958.dir/kwsysPlatformTestsCXX.cxx.o -c /home/xin/tools/cmake-3.23.2/Source/kwsys/kwsysPlatformTestsCXX.cxx
/home/xin/tools/cmake-3.23.2/Source/kwsys/kwsysPlatformTestsCXX.cxx: In function ‘int main()’:
/home/xin/tools/cmake-3.23.2/Source/kwsys/kwsysPlatformTestsCXX.cxx:26:15: error: ‘struct stat’ has no member named ‘st_mtimespec’; did you mean ‘st_mtim’?
   (void)stat1.st_mtimespec.tv_sec;
               ^~~~~~~~~~~~
               st_mtim
/home/xin/tools/cmake-3.23.2/Source/kwsys/kwsysPlatformTestsCXX.cxx:27:15: error: ‘struct stat’ has no member named ‘st_mtimespec’; did you mean ‘st_mtim’?
   (void)stat1.st_mtimespec.tv_nsec;
               ^~~~~~~~~~~~
               st_mtim
CMakeFiles/cmTC_76958.dir/build.make:77: recipe for target 'CMakeFiles/cmTC_76958.dir/kwsysPlatformTestsCXX.cxx.o' failed
make[1]: *** [CMakeFiles/cmTC_76958.dir/kwsysPlatformTestsCXX.cxx.o] Error 1
make[1]: 离开目录“/home/xin/tools/cmake-3.23.2/Source/kwsys/CMakeFiles/CMakeTmp”
Makefile:127: recipe for target 'cmTC_76958/fast' failed
make: *** [cmTC_76958/fast] Error 2



Determining if the function connect exists in the socket;dl failed with the following output:
Change Dir: /home/xin/tools/cmake-3.23.2/CMakeFiles/CMakeTmp

Run Build Command(s):/usr/bin/make -f Makefile cmTC_01943/fast && make  -f CMakeFiles/cmTC_01943.dir/build.make CMakeFiles/cmTC_01943.dir/build
make[1]: 进入目录“/home/xin/tools/cmake-3.23.2/CMakeFiles/CMakeTmp”
Building C object CMakeFiles/cmTC_01943.dir/CheckFunctionExists.c.o
/usr/bin/gcc   -w -DCHECK_FUNCTION_EXISTS=connect -o CMakeFiles/cmTC_01943.dir/CheckFunctionExists.c.o -c /home/xin/tools/cmake-3.23.2/Modules/CheckFunctionExists.c
Linking C executable cmTC_01943
/home/xin/tools/cmake-3.23.2/Bootstrap.cmk/cmake -E cmake_link_script CMakeFiles/cmTC_01943.dir/link.txt --verbose=1
/usr/bin/gcc  -w -DCHECK_FUNCTION_EXISTS=connect CMakeFiles/cmTC_01943.dir/CheckFunctionExists.c.o -o cmTC_01943  -lsocket -ldl 
/usr/bin/ld: 找不到 -lsocket
collect2: error: ld returned 1 exit status
CMakeFiles/cmTC_01943.dir/build.make:98: recipe for target 'cmTC_01943' failed
make[1]: *** [cmTC_01943] Error 1
make[1]: 离开目录“/home/xin/tools/cmake-3.23.2/CMakeFiles/CMakeTmp”
Makefile:127: recipe for target 'cmTC_01943/fast' failed
make: *** [cmTC_01943/fast] Error 2



Determining if the function recv exists in the network;dl failed with the following output:
Change Dir: /home/xin/tools/cmake-3.23.2/CMakeFiles/CMakeTmp

Run Build Command(s):/usr/bin/make -f Makefile cmTC_85d3f/fast && make  -f CMakeFiles/cmTC_85d3f.dir/build.make CMakeFiles/cmTC_85d3f.dir/build
make[1]: 进入目录“/home/xin/tools/cmake-3.23.2/CMakeFiles/CMakeTmp”
Building C object CMakeFiles/cmTC_85d3f.dir/CheckFunctionExists.c.o
/usr/bin/gcc   -w -DCHECK_FUNCTION_EXISTS=recv -o CMakeFiles/cmTC_85d3f.dir/CheckFunctionExists.c.o -c /home/xin/tools/cmake-3.23.2/Modules/CheckFunctionExists.c
Linking C executable cmTC_85d3f
/home/xin/tools/cmake-3.23.2/Bootstrap.cmk/cmake -E cmake_link_script CMakeFiles/cmTC_85d3f.dir/link.txt --verbose=1
/usr/bin/gcc  -w -DCHECK_FUNCTION_EXISTS=recv CMakeFiles/cmTC_85d3f.dir/CheckFunctionExists.c.o -o cmTC_85d3f  -lnetwork -ldl 
/usr/bin/ld: 找不到 -lnetwork
collect2: error: ld returned 1 exit status
CMakeFiles/cmTC_85d3f.dir/build.make:98: recipe for target 'cmTC_85d3f' failed
make[1]: *** [cmTC_85d3f] Error 1
make[1]: 离开目录“/home/xin/tools/cmake-3.23.2/CMakeFiles/CMakeTmp”
Makefile:127: recipe for target 'cmTC_85d3f/fast' failed
make: *** [cmTC_85d3f/fast] Error 2



Determining if the RAND_status exist failed with the following output:
Change Dir: /home/xin/tools/cmake-3.23.2/CMakeFiles/CMakeTmp

Run Build Command(s):/usr/bin/make -f Makefile cmTC_f735a/fast && make  -f CMakeFiles/cmTC_f735a.dir/build.make CMakeFiles/cmTC_f735a.dir/build
make[1]: 进入目录“/home/xin/tools/cmake-3.23.2/CMakeFiles/CMakeTmp”
Building C object CMakeFiles/cmTC_f735a.dir/CheckSymbolExists.c.o
/usr/bin/gcc   -w  -o CMakeFiles/cmTC_f735a.dir/CheckSymbolExists.c.o -c /home/xin/tools/cmake-3.23.2/CMakeFiles/CMakeTmp/CheckSymbolExists.c
/home/xin/tools/cmake-3.23.2/CMakeFiles/CMakeTmp/CheckSymbolExists.c: In function ‘main’:
/home/xin/tools/cmake-3.23.2/CMakeFiles/CMakeTmp/CheckSymbolExists.c:7:19: error: ‘RAND_status’ undeclared (first use in this function)
   return ((int*)(&RAND_status))[argc];
                   ^~~~~~~~~~~
/home/xin/tools/cmake-3.23.2/CMakeFiles/CMakeTmp/CheckSymbolExists.c:7:19: note: each undeclared identifier is reported only once for each function it appears in
CMakeFiles/cmTC_f735a.dir/build.make:77: recipe for target 'CMakeFiles/cmTC_f735a.dir/CheckSymbolExists.c.o' failed
make[1]: *** [CMakeFiles/cmTC_f735a.dir/CheckSymbolExists.c.o] Error 1
make[1]: 离开目录“/home/xin/tools/cmake-3.23.2/CMakeFiles/CMakeTmp”
Makefile:127: recipe for target 'cmTC_f735a/fast' failed
make: *** [cmTC_f735a/fast] Error 2


File /home/xin/tools/cmake-3.23.2/CMakeFiles/CMakeTmp/CheckSymbolExists.c:
/* */

int main(int argc, char** argv)
{
  (void)argv;
#ifndef RAND_status
  return ((int*)(&RAND_status))[argc];
#else
  (void)argc;
  return 0;
#endif
}
Determining if the RAND_screen exist failed with the following output:
Change Dir: /home/xin/tools/cmake-3.23.2/CMakeFiles/CMakeTmp

Run Build Command(s):/usr/bin/make -f Makefile cmTC_fcd31/fast && make  -f CMakeFiles/cmTC_fcd31.dir/build.make CMakeFiles/cmTC_fcd31.dir/build
make[1]: 进入目录“/home/xin/tools/cmake-3.23.2/CMakeFiles/CMakeTmp”
Building C object CMakeFiles/cmTC_fcd31.dir/CheckSymbolExists.c.o
/usr/bin/gcc   -w  -o CMakeFiles/cmTC_fcd31.dir/CheckSymbolExists.c.o -c /home/xin/tools/cmake-3.23.2/CMakeFiles/CMakeTmp/CheckSymbolExists.c
/home/xin/tools/cmake-3.23.2/CMakeFiles/CMakeTmp/CheckSymbolExists.c: In function ‘main’:
/home/xin/tools/cmake-3.23.2/CMakeFiles/CMakeTmp/CheckSymbolExists.c:7:19: error: ‘RAND_screen’ undeclared (first use in this function)
   return ((int*)(&RAND_screen))[argc];
                   ^~~~~~~~~~~
/home/xin/tools/cmake-3.23.2/CMakeFiles/CMakeTmp/CheckSymbolExists.c:7:19: note: each undeclared identifier is reported only once for each function it appears in
CMakeFiles/cmTC_fcd31.dir/build.make:77: recipe for target 'CMakeFiles/cmTC_fcd31.dir/CheckSymbolExists.c.o' failed
make[1]: *** [CMakeFiles/cmTC_fcd31.dir/CheckSymbolExists.c.o] Error 1
make[1]: 离开目录“/home/xin/tools/cmake-3.23.2/CMakeFiles/CMakeTmp”
Makefile:127: recipe for target 'cmTC_fcd31/fast' failed
make: *** [cmTC_fcd31/fast] Error 2


File /home/xin/tools/cmake-3.23.2/CMakeFiles/CMakeTmp/CheckSymbolExists.c:
/* */

int main(int argc, char** argv)
{
  (void)argv;
#ifndef RAND_screen
  return ((int*)(&RAND_screen))[argc];
#else
  (void)argc;
  return 0;
#endif
}
Determining if the RAND_egd exist failed with the following output:
Change Dir: /home/xin/tools/cmake-3.23.2/CMakeFiles/CMakeTmp

Run Build Command(s):/usr/bin/make -f Makefile cmTC_bbfb1/fast && make  -f CMakeFiles/cmTC_bbfb1.dir/build.make CMakeFiles/cmTC_bbfb1.dir/build
make[1]: 进入目录“/home/xin/tools/cmake-3.23.2/CMakeFiles/CMakeTmp”
Building C object CMakeFiles/cmTC_bbfb1.dir/CheckSymbolExists.c.o
/usr/bin/gcc   -w  -o CMakeFiles/cmTC_bbfb1.dir/CheckSymbolExists.c.o -c /home/xin/tools/cmake-3.23.2/CMakeFiles/CMakeTmp/CheckSymbolExists.c
/home/xin/tools/cmake-3.23.2/CMakeFiles/CMakeTmp/CheckSymbolExists.c: In function ‘main’:
/home/xin/tools/cmake-3.23.2/CMakeFiles/CMakeTmp/CheckSymbolExists.c:7:19: error: ‘RAND_egd’ undeclared (first use in this function)
   return ((int*)(&RAND_egd))[argc];
                   ^~~~~~~~
/home/xin/tools/cmake-3.23.2/CMakeFiles/CMakeTmp/CheckSymbolExists.c:7:19: note: each undeclared identifier is reported only once for each function it appears in
CMakeFiles/cmTC_bbfb1.dir/build.make:77: recipe for target 'CMakeFiles/cmTC_bbfb1.dir/CheckSymbolExists.c.o' failed
make[1]: *** [CMakeFiles/cmTC_bbfb1.dir/CheckSymbolExists.c.o] Error 1
make[1]: 离开目录“/home/xin/tools/cmake-3.23.2/CMakeFiles/CMakeTmp”
Makefile:127: recipe for target 'cmTC_bbfb1/fast' failed
make: *** [cmTC_bbfb1/fast] Error 2


File /home/xin/tools/cmake-3.23.2/CMakeFiles/CMakeTmp/CheckSymbolExists.c:
/* */

int main(int argc, char** argv)
{
  (void)argv;
#ifndef RAND_egd
  return ((int*)(&RAND_egd))[argc];
#else
  (void)argc;
  return 0;
#endif
}
Determining if the function dlopen exists in the dl;/usr/lib/x86_64-linux-gnu/libssl.so;/usr/lib/x86_64-linux-gnu/libcrypto.so;cmnghttp2 failed with the following output:
Change Dir: /home/xin/tools/cmake-3.23.2/CMakeFiles/CMakeTmp

Run Build Command(s):/usr/bin/make -f Makefile cmTC_e5123/fast && make  -f CMakeFiles/cmTC_e5123.dir/build.make CMakeFiles/cmTC_e5123.dir/build
make[1]: 进入目录“/home/xin/tools/cmake-3.23.2/CMakeFiles/CMakeTmp”
Building C object CMakeFiles/cmTC_e5123.dir/CheckFunctionExists.c.o
/usr/bin/gcc   -w -DCHECK_FUNCTION_EXISTS=dlopen -o CMakeFiles/cmTC_e5123.dir/CheckFunctionExists.c.o -c /home/xin/tools/cmake-3.23.2/Modules/CheckFunctionExists.c
Linking C executable cmTC_e5123
/home/xin/tools/cmake-3.23.2/Bootstrap.cmk/cmake -E cmake_link_script CMakeFiles/cmTC_e5123.dir/link.txt --verbose=1
/usr/bin/gcc  -w -DCHECK_FUNCTION_EXISTS=dlopen CMakeFiles/cmTC_e5123.dir/CheckFunctionExists.c.o -o cmTC_e5123  -ldl /usr/lib/x86_64-linux-gnu/libssl.so /usr/lib/x86_64-linux-gnu/libcrypto.so -lcmnghttp2 
/usr/bin/ld: 找不到 -lcmnghttp2
collect2: error: ld returned 1 exit status
CMakeFiles/cmTC_e5123.dir/build.make:100: recipe for target 'cmTC_e5123' failed
make[1]: *** [cmTC_e5123] Error 1
make[1]: 离开目录“/home/xin/tools/cmake-3.23.2/CMakeFiles/CMakeTmp”
Makefile:127: recipe for target 'cmTC_e5123/fast' failed
make: *** [cmTC_e5123/fast] Error 2



Determining if files stdio.h;inttypes.h;sys/filio.h exist failed with the following output:
Change Dir: /home/xin/tools/cmake-3.23.2/CMakeFiles/CMakeTmp

Run Build Command(s):/usr/bin/make -f Makefile cmTC_e0423/fast && make  -f CMakeFiles/cmTC_e0423.dir/build.make CMakeFiles/cmTC_e0423.dir/build
make[1]: 进入目录“/home/xin/tools/cmake-3.23.2/CMakeFiles/CMakeTmp”
Building C object CMakeFiles/cmTC_e0423.dir/HAVE_SYS_FILIO_H.c.o
/usr/bin/gcc   -w  -o CMakeFiles/cmTC_e0423.dir/HAVE_SYS_FILIO_H.c.o -c /home/xin/tools/cmake-3.23.2/CMakeFiles/CheckIncludeFiles/HAVE_SYS_FILIO_H.c
/home/xin/tools/cmake-3.23.2/CMakeFiles/CheckIncludeFiles/HAVE_SYS_FILIO_H.c:4:10: fatal error: sys/filio.h: 没有那个文件或目录
 #include <sys/filio.h>
          ^~~~~~~~~~~~~
compilation terminated.
CMakeFiles/cmTC_e0423.dir/build.make:77: recipe for target 'CMakeFiles/cmTC_e0423.dir/HAVE_SYS_FILIO_H.c.o' failed
make[1]: *** [CMakeFiles/cmTC_e0423.dir/HAVE_SYS_FILIO_H.c.o] Error 1
make[1]: 离开目录“/home/xin/tools/cmake-3.23.2/CMakeFiles/CMakeTmp”
Makefile:127: recipe for target 'cmTC_e0423/fast' failed
make: *** [cmTC_e0423/fast] Error 2


Source:
/* */
#include <stdio.h>
#include <inttypes.h>
#include <sys/filio.h>


int main(void){return 0;}

Determining if files stdio.h;inttypes.h;sys/ioctl.h;sys/param.h;sys/poll.h;sys/resource.h;sys/select.h;sys/socket.h;sys/sockio.h exist failed with the following output:
Change Dir: /home/xin/tools/cmake-3.23.2/CMakeFiles/CMakeTmp

Run Build Command(s):/usr/bin/make -f Makefile cmTC_051d1/fast && make  -f CMakeFiles/cmTC_051d1.dir/build.make CMakeFiles/cmTC_051d1.dir/build
make[1]: 进入目录“/home/xin/tools/cmake-3.23.2/CMakeFiles/CMakeTmp”
Building C object CMakeFiles/cmTC_051d1.dir/HAVE_SYS_SOCKIO_H.c.o
/usr/bin/gcc   -w  -o CMakeFiles/cmTC_051d1.dir/HAVE_SYS_SOCKIO_H.c.o -c /home/xin/tools/cmake-3.23.2/CMakeFiles/CheckIncludeFiles/HAVE_SYS_SOCKIO_H.c
/home/xin/tools/cmake-3.23.2/CMakeFiles/CheckIncludeFiles/HAVE_SYS_SOCKIO_H.c:10:10: fatal error: sys/sockio.h: 没有那个文件或目录
 #include <sys/sockio.h>
          ^~~~~~~~~~~~~~
compilation terminated.
CMakeFiles/cmTC_051d1.dir/build.make:77: recipe for target 'CMakeFiles/cmTC_051d1.dir/HAVE_SYS_SOCKIO_H.c.o' failed
make[1]: *** [CMakeFiles/cmTC_051d1.dir/HAVE_SYS_SOCKIO_H.c.o] Error 1
make[1]: 离开目录“/home/xin/tools/cmake-3.23.2/CMakeFiles/CMakeTmp”
Makefile:127: recipe for target 'cmTC_051d1/fast' failed
make: *** [cmTC_051d1/fast] Error 2


Source:
/* */
#include <stdio.h>
#include <inttypes.h>
#include <sys/ioctl.h>
#include <sys/param.h>
#include <sys/poll.h>
#include <sys/resource.h>
#include <sys/select.h>
#include <sys/socket.h>
#include <sys/sockio.h>


int main(void){return 0;}

Determining if files stdio.h;inttypes.h;sys/ioctl.h;sys/param.h;sys/poll.h;sys/resource.h;sys/select.h;sys/socket.h;sys/stat.h;sys/time.h;sys/types.h;sys/uio.h;sys/un.h;sys/utime.h exist failed with the following output:
Change Dir: /home/xin/tools/cmake-3.23.2/CMakeFiles/CMakeTmp

Run Build Command(s):/usr/bin/make -f Makefile cmTC_3da9f/fast && make  -f CMakeFiles/cmTC_3da9f.dir/build.make CMakeFiles/cmTC_3da9f.dir/build
make[1]: 进入目录“/home/xin/tools/cmake-3.23.2/CMakeFiles/CMakeTmp”
Building C object CMakeFiles/cmTC_3da9f.dir/HAVE_SYS_UTIME_H.c.o
/usr/bin/gcc   -w  -o CMakeFiles/cmTC_3da9f.dir/HAVE_SYS_UTIME_H.c.o -c /home/xin/tools/cmake-3.23.2/CMakeFiles/CheckIncludeFiles/HAVE_SYS_UTIME_H.c
/home/xin/tools/cmake-3.23.2/CMakeFiles/CheckIncludeFiles/HAVE_SYS_UTIME_H.c:15:10: fatal error: sys/utime.h: 没有那个文件或目录
 #include <sys/utime.h>
          ^~~~~~~~~~~~~
compilation terminated.
CMakeFiles/cmTC_3da9f.dir/build.make:77: recipe for target 'CMakeFiles/cmTC_3da9f.dir/HAVE_SYS_UTIME_H.c.o' failed
make[1]: *** [CMakeFiles/cmTC_3da9f.dir/HAVE_SYS_UTIME_H.c.o] Error 1
make[1]: 离开目录“/home/xin/tools/cmake-3.23.2/CMakeFiles/CMakeTmp”
Makefile:127: recipe for target 'cmTC_3da9f/fast' failed
make: *** [cmTC_3da9f/fast] Error 2


Source:
/* */
#include <stdio.h>
#include <inttypes.h>
#include <sys/ioctl.h>
#include <sys/param.h>
#include <sys/poll.h>
#include <sys/resource.h>
#include <sys/select.h>
#include <sys/socket.h>
#include <sys/stat.h>
#include <sys/time.h>
#include <sys/types.h>
#include <sys/uio.h>
#include <sys/un.h>
#include <sys/utime.h>


int main(void){return 0;}

Determining if files stdio.h;inttypes.h;sys/ioctl.h;sys/param.h;sys/poll.h;sys/resource.h;sys/select.h;sys/socket.h;sys/stat.h;sys/time.h;sys/types.h;sys/uio.h;sys/un.h;sys/xattr.h;alloca.h;arpa/inet.h;arpa/tftp.h;assert.h;errno.h;fcntl.h;idn2.h exist failed with the following output:
Change Dir: /home/xin/tools/cmake-3.23.2/CMakeFiles/CMakeTmp

Run Build Command(s):/usr/bin/make -f Makefile cmTC_609f8/fast && make  -f CMakeFiles/cmTC_609f8.dir/build.make CMakeFiles/cmTC_609f8.dir/build
make[1]: 进入目录“/home/xin/tools/cmake-3.23.2/CMakeFiles/CMakeTmp”
Building C object CMakeFiles/cmTC_609f8.dir/HAVE_IDN2_H.c.o
/usr/bin/gcc   -w  -o CMakeFiles/cmTC_609f8.dir/HAVE_IDN2_H.c.o -c /home/xin/tools/cmake-3.23.2/CMakeFiles/CheckIncludeFiles/HAVE_IDN2_H.c
/home/xin/tools/cmake-3.23.2/CMakeFiles/CheckIncludeFiles/HAVE_IDN2_H.c:22:10: fatal error: idn2.h: 没有那个文件或目录
 #include <idn2.h>
          ^~~~~~~~
compilation terminated.
CMakeFiles/cmTC_609f8.dir/build.make:77: recipe for target 'CMakeFiles/cmTC_609f8.dir/HAVE_IDN2_H.c.o' failed
make[1]: *** [CMakeFiles/cmTC_609f8.dir/HAVE_IDN2_H.c.o] Error 1
make[1]: 离开目录“/home/xin/tools/cmake-3.23.2/CMakeFiles/CMakeTmp”
Makefile:127: recipe for target 'cmTC_609f8/fast' failed
make: *** [cmTC_609f8/fast] Error 2


Source:
/* */
#include <stdio.h>
#include <inttypes.h>
#include <sys/ioctl.h>
#include <sys/param.h>
#include <sys/poll.h>
#include <sys/resource.h>
#include <sys/select.h>
#include <sys/socket.h>
#include <sys/stat.h>
#include <sys/time.h>
#include <sys/types.h>
#include <sys/uio.h>
#include <sys/un.h>
#include <sys/xattr.h>
#include <alloca.h>
#include <arpa/inet.h>
#include <arpa/tftp.h>
#include <assert.h>
#include <errno.h>
#include <fcntl.h>
#include <idn2.h>


int main(void){return 0;}

Determining if files stdio.h;inttypes.h;sys/ioctl.h;sys/param.h;sys/poll.h;sys/resource.h;sys/select.h;sys/socket.h;sys/stat.h;sys/time.h;sys/types.h;sys/uio.h;sys/un.h;sys/xattr.h;alloca.h;arpa/inet.h;arpa/tftp.h;assert.h;errno.h;fcntl.h;ifaddrs.h;io.h exist failed with the following output:
Change Dir: /home/xin/tools/cmake-3.23.2/CMakeFiles/CMakeTmp

Run Build Command(s):/usr/bin/make -f Makefile cmTC_21f10/fast && make  -f CMakeFiles/cmTC_21f10.dir/build.make CMakeFiles/cmTC_21f10.dir/build
make[1]: 进入目录“/home/xin/tools/cmake-3.23.2/CMakeFiles/CMakeTmp”
Building C object CMakeFiles/cmTC_21f10.dir/HAVE_IO_H.c.o
/usr/bin/gcc   -w  -o CMakeFiles/cmTC_21f10.dir/HAVE_IO_H.c.o -c /home/xin/tools/cmake-3.23.2/CMakeFiles/CheckIncludeFiles/HAVE_IO_H.c
/home/xin/tools/cmake-3.23.2/CMakeFiles/CheckIncludeFiles/HAVE_IO_H.c:23:10: fatal error: io.h: 没有那个文件或目录
 #include <io.h>
          ^~~~~~
compilation terminated.
CMakeFiles/cmTC_21f10.dir/build.make:77: recipe for target 'CMakeFiles/cmTC_21f10.dir/HAVE_IO_H.c.o' failed
make[1]: *** [CMakeFiles/cmTC_21f10.dir/HAVE_IO_H.c.o] Error 1
make[1]: 离开目录“/home/xin/tools/cmake-3.23.2/CMakeFiles/CMakeTmp”
Makefile:127: recipe for target 'cmTC_21f10/fast' failed
make: *** [cmTC_21f10/fast] Error 2


Source:
/* */
#include <stdio.h>
#include <inttypes.h>
#include <sys/ioctl.h>
#include <sys/param.h>
#include <sys/poll.h>
#include <sys/resource.h>
#include <sys/select.h>
#include <sys/socket.h>
#include <sys/stat.h>
#include <sys/time.h>
#include <sys/types.h>
#include <sys/uio.h>
#include <sys/un.h>
#include <sys/xattr.h>
#include <alloca.h>
#include <arpa/inet.h>
#include <arpa/tftp.h>
#include <assert.h>
#include <errno.h>
#include <fcntl.h>
#include <ifaddrs.h>
#include <io.h>


int main(void){return 0;}

Determining if files stdio.h;inttypes.h;sys/ioctl.h;sys/param.h;sys/poll.h;sys/resource.h;sys/select.h;sys/socket.h;sys/stat.h;sys/time.h;sys/types.h;sys/uio.h;sys/un.h;sys/xattr.h;alloca.h;arpa/inet.h;arpa/tftp.h;assert.h;errno.h;fcntl.h;ifaddrs.h;krb.h exist failed with the following output:
Change Dir: /home/xin/tools/cmake-3.23.2/CMakeFiles/CMakeTmp

Run Build Command(s):/usr/bin/make -f Makefile cmTC_33f72/fast && make  -f CMakeFiles/cmTC_33f72.dir/build.make CMakeFiles/cmTC_33f72.dir/build
make[1]: 进入目录“/home/xin/tools/cmake-3.23.2/CMakeFiles/CMakeTmp”
Building C object CMakeFiles/cmTC_33f72.dir/HAVE_KRB_H.c.o
/usr/bin/gcc   -w  -o CMakeFiles/cmTC_33f72.dir/HAVE_KRB_H.c.o -c /home/xin/tools/cmake-3.23.2/CMakeFiles/CheckIncludeFiles/HAVE_KRB_H.c
/home/xin/tools/cmake-3.23.2/CMakeFiles/CheckIncludeFiles/HAVE_KRB_H.c:23:10: fatal error: krb.h: 没有那个文件或目录
 #include <krb.h>
          ^~~~~~~
compilation terminated.
CMakeFiles/cmTC_33f72.dir/build.make:77: recipe for target 'CMakeFiles/cmTC_33f72.dir/HAVE_KRB_H.c.o' failed
make[1]: *** [CMakeFiles/cmTC_33f72.dir/HAVE_KRB_H.c.o] Error 1
make[1]: 离开目录“/home/xin/tools/cmake-3.23.2/CMakeFiles/CMakeTmp”
Makefile:127: recipe for target 'cmTC_33f72/fast' failed
make: *** [cmTC_33f72/fast] Error 2


Source:
/* */
#include <stdio.h>
#include <inttypes.h>
#include <sys/ioctl.h>
#include <sys/param.h>
#include <sys/poll.h>
#include <sys/resource.h>
#include <sys/select.h>
#include <sys/socket.h>
#include <sys/stat.h>
#include <sys/time.h>
#include <sys/types.h>
#include <sys/uio.h>
#include <sys/un.h>
#include <sys/xattr.h>
#include <alloca.h>
#include <arpa/inet.h>
#include <arpa/tftp.h>
#include <assert.h>
#include <errno.h>
#include <fcntl.h>
#include <ifaddrs.h>
#include <krb.h>


int main(void){return 0;}

Determining if files stdio.h;inttypes.h;sys/ioctl.h;sys/param.h;sys/poll.h;sys/resource.h;sys/select.h;sys/socket.h;sys/stat.h;sys/time.h;sys/types.h;sys/uio.h;sys/un.h;sys/xattr.h;alloca.h;arpa/inet.h;arpa/tftp.h;assert.h;errno.h;fcntl.h;ifaddrs.h;libgen.h;locale.h;net/if.h;netdb.h;netinet/in.h;netinet/tcp.h;pem.h exist failed with the following output:
Change Dir: /home/xin/tools/cmake-3.23.2/CMakeFiles/CMakeTmp

Run Build Command(s):/usr/bin/make -f Makefile cmTC_468ab/fast && make  -f CMakeFiles/cmTC_468ab.dir/build.make CMakeFiles/cmTC_468ab.dir/build
make[1]: 进入目录“/home/xin/tools/cmake-3.23.2/CMakeFiles/CMakeTmp”
Building C object CMakeFiles/cmTC_468ab.dir/HAVE_PEM_H.c.o
/usr/bin/gcc   -w  -o CMakeFiles/cmTC_468ab.dir/HAVE_PEM_H.c.o -c /home/xin/tools/cmake-3.23.2/CMakeFiles/CheckIncludeFiles/HAVE_PEM_H.c
/home/xin/tools/cmake-3.23.2/CMakeFiles/CheckIncludeFiles/HAVE_PEM_H.c:29:10: fatal error: pem.h: 没有那个文件或目录
 #include <pem.h>
          ^~~~~~~
compilation terminated.
CMakeFiles/cmTC_468ab.dir/build.make:77: recipe for target 'CMakeFiles/cmTC_468ab.dir/HAVE_PEM_H.c.o' failed
make[1]: *** [CMakeFiles/cmTC_468ab.dir/HAVE_PEM_H.c.o] Error 1
make[1]: 离开目录“/home/xin/tools/cmake-3.23.2/CMakeFiles/CMakeTmp”
Makefile:127: recipe for target 'cmTC_468ab/fast' failed
make: *** [cmTC_468ab/fast] Error 2


Source:
/* */
#include <stdio.h>
#include <inttypes.h>
#include <sys/ioctl.h>
#include <sys/param.h>
#include <sys/poll.h>
#include <sys/resource.h>
#include <sys/select.h>
#include <sys/socket.h>
#include <sys/stat.h>
#include <sys/time.h>
#include <sys/types.h>
#include <sys/uio.h>
#include <sys/un.h>
#include <sys/xattr.h>
#include <alloca.h>
#include <arpa/inet.h>
#include <arpa/tftp.h>
#include <assert.h>
#include <errno.h>
#include <fcntl.h>
#include <ifaddrs.h>
#include <libgen.h>
#include <locale.h>
#include <net/if.h>
#include <netdb.h>
#include <netinet/in.h>
#include <netinet/tcp.h>
#include <pem.h>


int main(void){return 0;}

Determining if files stdio.h;inttypes.h;sys/ioctl.h;sys/param.h;sys/poll.h;sys/resource.h;sys/select.h;sys/socket.h;sys/stat.h;sys/time.h;sys/types.h;sys/uio.h;sys/un.h;sys/xattr.h;alloca.h;arpa/inet.h;arpa/tftp.h;assert.h;errno.h;fcntl.h;ifaddrs.h;libgen.h;locale.h;net/if.h;netdb.h;netinet/in.h;netinet/tcp.h;poll.h;pwd.h;setjmp.h;signal.h;ssl.h exist failed with the following output:
Change Dir: /home/xin/tools/cmake-3.23.2/CMakeFiles/CMakeTmp

Run Build Command(s):/usr/bin/make -f Makefile cmTC_8d80a/fast && make  -f CMakeFiles/cmTC_8d80a.dir/build.make CMakeFiles/cmTC_8d80a.dir/build
make[1]: 进入目录“/home/xin/tools/cmake-3.23.2/CMakeFiles/CMakeTmp”
Building C object CMakeFiles/cmTC_8d80a.dir/HAVE_SSL_H.c.o
/usr/bin/gcc   -w  -o CMakeFiles/cmTC_8d80a.dir/HAVE_SSL_H.c.o -c /home/xin/tools/cmake-3.23.2/CMakeFiles/CheckIncludeFiles/HAVE_SSL_H.c
/home/xin/tools/cmake-3.23.2/CMakeFiles/CheckIncludeFiles/HAVE_SSL_H.c:33:10: fatal error: ssl.h: 没有那个文件或目录
 #include <ssl.h>
          ^~~~~~~
compilation terminated.
CMakeFiles/cmTC_8d80a.dir/build.make:77: recipe for target 'CMakeFiles/cmTC_8d80a.dir/HAVE_SSL_H.c.o' failed
make[1]: *** [CMakeFiles/cmTC_8d80a.dir/HAVE_SSL_H.c.o] Error 1
make[1]: 离开目录“/home/xin/tools/cmake-3.23.2/CMakeFiles/CMakeTmp”
Makefile:127: recipe for target 'cmTC_8d80a/fast' failed
make: *** [cmTC_8d80a/fast] Error 2


Source:
/* */
#include <stdio.h>
#include <inttypes.h>
#include <sys/ioctl.h>
#include <sys/param.h>
#include <sys/poll.h>
#include <sys/resource.h>
#include <sys/select.h>
#include <sys/socket.h>
#include <sys/stat.h>
#include <sys/time.h>
#include <sys/types.h>
#include <sys/uio.h>
#include <sys/un.h>
#include <sys/xattr.h>
#include <alloca.h>
#include <arpa/inet.h>
#include <arpa/tftp.h>
#include <assert.h>
#include <errno.h>
#include <fcntl.h>
#include <ifaddrs.h>
#include <libgen.h>
#include <locale.h>
#include <net/if.h>
#include <netdb.h>
#include <netinet/in.h>
#include <netinet/tcp.h>
#include <poll.h>
#include <pwd.h>
#include <setjmp.h>
#include <signal.h>
#include <ssl.h>


int main(void){return 0;}

Determining if files stdio.h;inttypes.h;sys/ioctl.h;sys/param.h;sys/poll.h;sys/resource.h;sys/select.h;sys/socket.h;sys/stat.h;sys/time.h;sys/types.h;sys/uio.h;sys/un.h;sys/xattr.h;alloca.h;arpa/inet.h;arpa/tftp.h;assert.h;errno.h;fcntl.h;ifaddrs.h;libgen.h;locale.h;net/if.h;netdb.h;netinet/in.h;netinet/tcp.h;poll.h;pwd.h;setjmp.h;signal.h;stdbool.h;stdint.h;stdio.h;stdlib.h;string.h;strings.h;stropts.h;termio.h;termios.h;time.h;unistd.h;utime.h;x509.h exist failed with the following output:
Change Dir: /home/xin/tools/cmake-3.23.2/CMakeFiles/CMakeTmp

Run Build Command(s):/usr/bin/make -f Makefile cmTC_1bcf2/fast && make  -f CMakeFiles/cmTC_1bcf2.dir/build.make CMakeFiles/cmTC_1bcf2.dir/build
make[1]: 进入目录“/home/xin/tools/cmake-3.23.2/CMakeFiles/CMakeTmp”
Building C object CMakeFiles/cmTC_1bcf2.dir/HAVE_X509_H.c.o
/usr/bin/gcc   -w  -o CMakeFiles/cmTC_1bcf2.dir/HAVE_X509_H.c.o -c /home/xin/tools/cmake-3.23.2/CMakeFiles/CheckIncludeFiles/HAVE_X509_H.c
/home/xin/tools/cmake-3.23.2/CMakeFiles/CheckIncludeFiles/HAVE_X509_H.c:45:10: fatal error: x509.h: 没有那个文件或目录
 #include <x509.h>
          ^~~~~~~~
compilation terminated.
CMakeFiles/cmTC_1bcf2.dir/build.make:77: recipe for target 'CMakeFiles/cmTC_1bcf2.dir/HAVE_X509_H.c.o' failed
make[1]: *** [CMakeFiles/cmTC_1bcf2.dir/HAVE_X509_H.c.o] Error 1
make[1]: 离开目录“/home/xin/tools/cmake-3.23.2/CMakeFiles/CMakeTmp”
Makefile:127: recipe for target 'cmTC_1bcf2/fast' failed
make: *** [cmTC_1bcf2/fast] Error 2


Source:
/* */
#include <stdio.h>
#include <inttypes.h>
#include <sys/ioctl.h>
#include <sys/param.h>
#include <sys/poll.h>
#include <sys/resource.h>
#include <sys/select.h>
#include <sys/socket.h>
#include <sys/stat.h>
#include <sys/time.h>
#include <sys/types.h>
#include <sys/uio.h>
#include <sys/un.h>
#include <sys/xattr.h>
#include <alloca.h>
#include <arpa/inet.h>
#include <arpa/tftp.h>
#include <assert.h>
#include <errno.h>
#include <fcntl.h>
#include <ifaddrs.h>
#include <libgen.h>
#include <locale.h>
#include <net/if.h>
#include <netdb.h>
#include <netinet/in.h>
#include <netinet/tcp.h>
#include <poll.h>
#include <pwd.h>
#include <setjmp.h>
#include <signal.h>
#include <stdbool.h>
#include <stdint.h>
#include <stdio.h>
#include <stdlib.h>
#include <string.h>
#include <strings.h>
#include <stropts.h>
#include <termio.h>
#include <termios.h>
#include <time.h>
#include <unistd.h>
#include <utime.h>
#include <x509.h>


int main(void){return 0;}

Determining if files stdio.h;inttypes.h;sys/ioctl.h;sys/param.h;sys/poll.h;sys/resource.h;sys/select.h;sys/socket.h;sys/stat.h;sys/time.h;sys/types.h;sys/uio.h;sys/un.h;sys/xattr.h;alloca.h;arpa/inet.h;arpa/tftp.h;assert.h;errno.h;fcntl.h;ifaddrs.h;libgen.h;locale.h;net/if.h;netdb.h;netinet/in.h;netinet/tcp.h;poll.h;pwd.h;setjmp.h;signal.h;stdbool.h;stdint.h;stdio.h;stdlib.h;string.h;strings.h;stropts.h;termio.h;termios.h;time.h;unistd.h;utime.h;process.h exist failed with the following output:
Change Dir: /home/xin/tools/cmake-3.23.2/CMakeFiles/CMakeTmp

Run Build Command(s):/usr/bin/make -f Makefile cmTC_0829d/fast && make  -f CMakeFiles/cmTC_0829d.dir/build.make CMakeFiles/cmTC_0829d.dir/build
make[1]: 进入目录“/home/xin/tools/cmake-3.23.2/CMakeFiles/CMakeTmp”
Building C object CMakeFiles/cmTC_0829d.dir/HAVE_PROCESS_H.c.o
/usr/bin/gcc   -w  -o CMakeFiles/cmTC_0829d.dir/HAVE_PROCESS_H.c.o -c /home/xin/tools/cmake-3.23.2/CMakeFiles/CheckIncludeFiles/HAVE_PROCESS_H.c
/home/xin/tools/cmake-3.23.2/CMakeFiles/CheckIncludeFiles/HAVE_PROCESS_H.c:45:10: fatal error: process.h: 没有那个文件或目录
 #include <process.h>
          ^~~~~~~~~~~
compilation terminated.
CMakeFiles/cmTC_0829d.dir/build.make:77: recipe for target 'CMakeFiles/cmTC_0829d.dir/HAVE_PROCESS_H.c.o' failed
make[1]: *** [CMakeFiles/cmTC_0829d.dir/HAVE_PROCESS_H.c.o] Error 1
make[1]: 离开目录“/home/xin/tools/cmake-3.23.2/CMakeFiles/CMakeTmp”
Makefile:127: recipe for target 'cmTC_0829d/fast' failed
make: *** [cmTC_0829d/fast] Error 2


Source:
/* */
#include <stdio.h>
#include <inttypes.h>
#include <sys/ioctl.h>
#include <sys/param.h>
#include <sys/poll.h>
#include <sys/resource.h>
#include <sys/select.h>
#include <sys/socket.h>
#include <sys/stat.h>
#include <sys/time.h>
#include <sys/types.h>
#include <sys/uio.h>
#include <sys/un.h>
#include <sys/xattr.h>
#include <alloca.h>
#include <arpa/inet.h>
#include <arpa/tftp.h>
#include <assert.h>
#include <errno.h>
#include <fcntl.h>
#include <ifaddrs.h>
#include <libgen.h>
#include <locale.h>
#include <net/if.h>
#include <netdb.h>
#include <netinet/in.h>
#include <netinet/tcp.h>
#include <poll.h>
#include <pwd.h>
#include <setjmp.h>
#include <signal.h>
#include <stdbool.h>
#include <stdint.h>
#include <stdio.h>
#include <stdlib.h>
#include <string.h>
#include <strings.h>
#include <stropts.h>
#include <termio.h>
#include <termios.h>
#include <time.h>
#include <unistd.h>
#include <utime.h>
#include <process.h>


int main(void){return 0;}

Determining if files stdio.h;inttypes.h;sys/ioctl.h;sys/param.h;sys/poll.h;sys/resource.h;sys/select.h;sys/socket.h;sys/stat.h;sys/time.h;sys/types.h;sys/uio.h;sys/un.h;sys/xattr.h;alloca.h;arpa/inet.h;arpa/tftp.h;assert.h;errno.h;fcntl.h;ifaddrs.h;libgen.h;locale.h;net/if.h;netdb.h;netinet/in.h;netinet/tcp.h;poll.h;pwd.h;setjmp.h;signal.h;stdbool.h;stdint.h;stdio.h;stdlib.h;string.h;strings.h;stropts.h;termio.h;termios.h;time.h;unistd.h;utime.h;stddef.h;dlfcn.h;malloc.h;memory.h;netinet/if_ether.h;stdint.h;sockio.h exist failed with the following output:
Change Dir: /home/xin/tools/cmake-3.23.2/CMakeFiles/CMakeTmp

Run Build Command(s):/usr/bin/make -f Makefile cmTC_670ca/fast && make  -f CMakeFiles/cmTC_670ca.dir/build.make CMakeFiles/cmTC_670ca.dir/build
make[1]: 进入目录“/home/xin/tools/cmake-3.23.2/CMakeFiles/CMakeTmp”
Building C object CMakeFiles/cmTC_670ca.dir/HAVE_SOCKIO_H.c.o
/usr/bin/gcc   -w  -o CMakeFiles/cmTC_670ca.dir/HAVE_SOCKIO_H.c.o -c /home/xin/tools/cmake-3.23.2/CMakeFiles/CheckIncludeFiles/HAVE_SOCKIO_H.c
/home/xin/tools/cmake-3.23.2/CMakeFiles/CheckIncludeFiles/HAVE_SOCKIO_H.c:51:10: fatal error: sockio.h: 没有那个文件或目录
 #include <sockio.h>
          ^~~~~~~~~~
compilation terminated.
CMakeFiles/cmTC_670ca.dir/build.make:77: recipe for target 'CMakeFiles/cmTC_670ca.dir/HAVE_SOCKIO_H.c.o' failed
make[1]: *** [CMakeFiles/cmTC_670ca.dir/HAVE_SOCKIO_H.c.o] Error 1
make[1]: 离开目录“/home/xin/tools/cmake-3.23.2/CMakeFiles/CMakeTmp”
Makefile:127: recipe for target 'cmTC_670ca/fast' failed
make: *** [cmTC_670ca/fast] Error 2


Source:
/* */
#include <stdio.h>
#include <inttypes.h>
#include <sys/ioctl.h>
#include <sys/param.h>
#include <sys/poll.h>
#include <sys/resource.h>
#include <sys/select.h>
#include <sys/socket.h>
#include <sys/stat.h>
#include <sys/time.h>
#include <sys/types.h>
#include <sys/uio.h>
#include <sys/un.h>
#include <sys/xattr.h>
#include <alloca.h>
#include <arpa/inet.h>
#include <arpa/tftp.h>
#include <assert.h>
#include <errno.h>
#include <fcntl.h>
#include <ifaddrs.h>
#include <libgen.h>
#include <locale.h>
#include <net/if.h>
#include <netdb.h>
#include <netinet/in.h>
#include <netinet/tcp.h>
#include <poll.h>
#include <pwd.h>
#include <setjmp.h>
#include <signal.h>
#include <stdbool.h>
#include <stdint.h>
#include <stdio.h>
#include <stdlib.h>
#include <string.h>
#include <strings.h>
#include <stropts.h>
#include <termio.h>
#include <termios.h>
#include <time.h>
#include <unistd.h>
#include <utime.h>
#include <stddef.h>
#include <dlfcn.h>
#include <malloc.h>
#include <memory.h>
#include <netinet/if_ether.h>
#include <stdint.h>
#include <sockio.h>


int main(void){return 0;}

Determining if the stricmp exist failed with the following output:
Change Dir: /home/xin/tools/cmake-3.23.2/CMakeFiles/CMakeTmp

Run Build Command(s):/usr/bin/make -f Makefile cmTC_b2809/fast && make  -f CMakeFiles/cmTC_b2809.dir/build.make CMakeFiles/cmTC_b2809.dir/build
make[1]: 进入目录“/home/xin/tools/cmake-3.23.2/CMakeFiles/CMakeTmp”
Building C object CMakeFiles/cmTC_b2809.dir/CheckSymbolExists.c.o
/usr/bin/gcc   -w  -o CMakeFiles/cmTC_b2809.dir/CheckSymbolExists.c.o -c /home/xin/tools/cmake-3.23.2/CMakeFiles/CMakeTmp/CheckSymbolExists.c
/home/xin/tools/cmake-3.23.2/CMakeFiles/CMakeTmp/CheckSymbolExists.c: In function ‘main’:
/home/xin/tools/cmake-3.23.2/CMakeFiles/CMakeTmp/CheckSymbolExists.c:57:19: error: ‘stricmp’ undeclared (first use in this function); did you mean ‘strncmp’?
   return ((int*)(&stricmp))[argc];
                   ^~~~~~~
                   strncmp
/home/xin/tools/cmake-3.23.2/CMakeFiles/CMakeTmp/CheckSymbolExists.c:57:19: note: each undeclared identifier is reported only once for each function it appears in
CMakeFiles/cmTC_b2809.dir/build.make:77: recipe for target 'CMakeFiles/cmTC_b2809.dir/CheckSymbolExists.c.o' failed
make[1]: *** [CMakeFiles/cmTC_b2809.dir/CheckSymbolExists.c.o] Error 1
make[1]: 离开目录“/home/xin/tools/cmake-3.23.2/CMakeFiles/CMakeTmp”
Makefile:127: recipe for target 'cmTC_b2809/fast' failed
make: *** [cmTC_b2809/fast] Error 2


File /home/xin/tools/cmake-3.23.2/CMakeFiles/CMakeTmp/CheckSymbolExists.c:
/* */
#include <stdio.h>
#include <inttypes.h>
#include <sys/ioctl.h>
#include <sys/param.h>
#include <sys/poll.h>
#include <sys/resource.h>
#include <sys/select.h>
#include <sys/socket.h>
#include <sys/stat.h>
#include <sys/time.h>
#include <sys/types.h>
#include <sys/uio.h>
#include <sys/un.h>
#include <sys/xattr.h>
#include <alloca.h>
#include <arpa/inet.h>
#include <arpa/tftp.h>
#include <assert.h>
#include <errno.h>
#include <fcntl.h>
#include <ifaddrs.h>
#include <libgen.h>
#include <locale.h>
#include <net/if.h>
#include <netdb.h>
#include <netinet/in.h>
#include <netinet/tcp.h>
#include <poll.h>
#include <pwd.h>
#include <setjmp.h>
#include <signal.h>
#include <stdbool.h>
#include <stdint.h>
#include <stdio.h>
#include <stdlib.h>
#include <string.h>
#include <strings.h>
#include <stropts.h>
#include <termio.h>
#include <termios.h>
#include <time.h>
#include <unistd.h>
#include <utime.h>
#include <stddef.h>
#include <dlfcn.h>
#include <malloc.h>
#include <memory.h>
#include <netinet/if_ether.h>
#include <stdint.h>
#include <sys/utsname.h>

int main(int argc, char** argv)
{
  (void)argv;
#ifndef stricmp
  return ((int*)(&stricmp))[argc];
#else
  (void)argc;
  return 0;
#endif
}
Determining if the strcmpi exist failed with the following output:
Change Dir: /home/xin/tools/cmake-3.23.2/CMakeFiles/CMakeTmp

Run Build Command(s):/usr/bin/make -f Makefile cmTC_af29a/fast && make  -f CMakeFiles/cmTC_af29a.dir/build.make CMakeFiles/cmTC_af29a.dir/build
make[1]: 进入目录“/home/xin/tools/cmake-3.23.2/CMakeFiles/CMakeTmp”
Building C object CMakeFiles/cmTC_af29a.dir/CheckSymbolExists.c.o
/usr/bin/gcc   -w  -o CMakeFiles/cmTC_af29a.dir/CheckSymbolExists.c.o -c /home/xin/tools/cmake-3.23.2/CMakeFiles/CMakeTmp/CheckSymbolExists.c
/home/xin/tools/cmake-3.23.2/CMakeFiles/CMakeTmp/CheckSymbolExists.c: In function ‘main’:
/home/xin/tools/cmake-3.23.2/CMakeFiles/CMakeTmp/CheckSymbolExists.c:57:19: error: ‘strcmpi’ undeclared (first use in this function); did you mean ‘strcmp’?
   return ((int*)(&strcmpi))[argc];
                   ^~~~~~~
                   strcmp
/home/xin/tools/cmake-3.23.2/CMakeFiles/CMakeTmp/CheckSymbolExists.c:57:19: note: each undeclared identifier is reported only once for each function it appears in
CMakeFiles/cmTC_af29a.dir/build.make:77: recipe for target 'CMakeFiles/cmTC_af29a.dir/CheckSymbolExists.c.o' failed
make[1]: *** [CMakeFiles/cmTC_af29a.dir/CheckSymbolExists.c.o] Error 1
make[1]: 离开目录“/home/xin/tools/cmake-3.23.2/CMakeFiles/CMakeTmp”
Makefile:127: recipe for target 'cmTC_af29a/fast' failed
make: *** [cmTC_af29a/fast] Error 2


File /home/xin/tools/cmake-3.23.2/CMakeFiles/CMakeTmp/CheckSymbolExists.c:
/* */
#include <stdio.h>
#include <inttypes.h>
#include <sys/ioctl.h>
#include <sys/param.h>
#include <sys/poll.h>
#include <sys/resource.h>
#include <sys/select.h>
#include <sys/socket.h>
#include <sys/stat.h>
#include <sys/time.h>
#include <sys/types.h>
#include <sys/uio.h>
#include <sys/un.h>
#include <sys/xattr.h>
#include <alloca.h>
#include <arpa/inet.h>
#include <arpa/tftp.h>
#include <assert.h>
#include <errno.h>
#include <fcntl.h>
#include <ifaddrs.h>
#include <libgen.h>
#include <locale.h>
#include <net/if.h>
#include <netdb.h>
#include <netinet/in.h>
#include <netinet/tcp.h>
#include <poll.h>
#include <pwd.h>
#include <setjmp.h>
#include <signal.h>
#include <stdbool.h>
#include <stdint.h>
#include <stdio.h>
#include <stdlib.h>
#include <string.h>
#include <strings.h>
#include <stropts.h>
#include <termio.h>
#include <termios.h>
#include <time.h>
#include <unistd.h>
#include <utime.h>
#include <stddef.h>
#include <dlfcn.h>
#include <malloc.h>
#include <memory.h>
#include <netinet/if_ether.h>
#include <stdint.h>
#include <sys/utsname.h>

int main(int argc, char** argv)
{
  (void)argv;
#ifndef strcmpi
  return ((int*)(&strcmpi))[argc];
#else
  (void)argc;
  return 0;
#endif
}
Determining if the strncmpi exist failed with the following output:
Change Dir: /home/xin/tools/cmake-3.23.2/CMakeFiles/CMakeTmp

Run Build Command(s):/usr/bin/make -f Makefile cmTC_84b94/fast && make  -f CMakeFiles/cmTC_84b94.dir/build.make CMakeFiles/cmTC_84b94.dir/build
make[1]: 进入目录“/home/xin/tools/cmake-3.23.2/CMakeFiles/CMakeTmp”
Building C object CMakeFiles/cmTC_84b94.dir/CheckSymbolExists.c.o
/usr/bin/gcc   -w  -o CMakeFiles/cmTC_84b94.dir/CheckSymbolExists.c.o -c /home/xin/tools/cmake-3.23.2/CMakeFiles/CMakeTmp/CheckSymbolExists.c
/home/xin/tools/cmake-3.23.2/CMakeFiles/CMakeTmp/CheckSymbolExists.c: In function ‘main’:
/home/xin/tools/cmake-3.23.2/CMakeFiles/CMakeTmp/CheckSymbolExists.c:57:19: error: ‘strncmpi’ undeclared (first use in this function); did you mean ‘strncmp’?
   return ((int*)(&strncmpi))[argc];
                   ^~~~~~~~
                   strncmp
/home/xin/tools/cmake-3.23.2/CMakeFiles/CMakeTmp/CheckSymbolExists.c:57:19: note: each undeclared identifier is reported only once for each function it appears in
CMakeFiles/cmTC_84b94.dir/build.make:77: recipe for target 'CMakeFiles/cmTC_84b94.dir/CheckSymbolExists.c.o' failed
make[1]: *** [CMakeFiles/cmTC_84b94.dir/CheckSymbolExists.c.o] Error 1
make[1]: 离开目录“/home/xin/tools/cmake-3.23.2/CMakeFiles/CMakeTmp”
Makefile:127: recipe for target 'cmTC_84b94/fast' failed
make: *** [cmTC_84b94/fast] Error 2


File /home/xin/tools/cmake-3.23.2/CMakeFiles/CMakeTmp/CheckSymbolExists.c:
/* */
#include <stdio.h>
#include <inttypes.h>
#include <sys/ioctl.h>
#include <sys/param.h>
#include <sys/poll.h>
#include <sys/resource.h>
#include <sys/select.h>
#include <sys/socket.h>
#include <sys/stat.h>
#include <sys/time.h>
#include <sys/types.h>
#include <sys/uio.h>
#include <sys/un.h>
#include <sys/xattr.h>
#include <alloca.h>
#include <arpa/inet.h>
#include <arpa/tftp.h>
#include <assert.h>
#include <errno.h>
#include <fcntl.h>
#include <ifaddrs.h>
#include <libgen.h>
#include <locale.h>
#include <net/if.h>
#include <netdb.h>
#include <netinet/in.h>
#include <netinet/tcp.h>
#include <poll.h>
#include <pwd.h>
#include <setjmp.h>
#include <signal.h>
#include <stdbool.h>
#include <stdint.h>
#include <stdio.h>
#include <stdlib.h>
#include <string.h>
#include <strings.h>
#include <stropts.h>
#include <termio.h>
#include <termios.h>
#include <time.h>
#include <unistd.h>
#include <utime.h>
#include <stddef.h>
#include <dlfcn.h>
#include <malloc.h>
#include <memory.h>
#include <netinet/if_ether.h>
#include <stdint.h>
#include <sys/utsname.h>

int main(int argc, char** argv)
{
  (void)argv;
#ifndef strncmpi
  return ((int*)(&strncmpi))[argc];
#else
  (void)argc;
  return 0;
#endif
}
Determining if the closesocket exist failed with the following output:
Change Dir: /home/xin/tools/cmake-3.23.2/CMakeFiles/CMakeTmp

Run Build Command(s):/usr/bin/make -f Makefile cmTC_dfbcd/fast && make  -f CMakeFiles/cmTC_dfbcd.dir/build.make CMakeFiles/cmTC_dfbcd.dir/build
make[1]: 进入目录“/home/xin/tools/cmake-3.23.2/CMakeFiles/CMakeTmp”
Building C object CMakeFiles/cmTC_dfbcd.dir/CheckSymbolExists.c.o
/usr/bin/gcc   -w  -o CMakeFiles/cmTC_dfbcd.dir/CheckSymbolExists.c.o -c /home/xin/tools/cmake-3.23.2/CMakeFiles/CMakeTmp/CheckSymbolExists.c
/home/xin/tools/cmake-3.23.2/CMakeFiles/CMakeTmp/CheckSymbolExists.c: In function ‘main’:
/home/xin/tools/cmake-3.23.2/CMakeFiles/CMakeTmp/CheckSymbolExists.c:57:19: error: ‘closesocket’ undeclared (first use in this function); did you mean ‘socket’?
   return ((int*)(&closesocket))[argc];
                   ^~~~~~~~~~~
                   socket
/home/xin/tools/cmake-3.23.2/CMakeFiles/CMakeTmp/CheckSymbolExists.c:57:19: note: each undeclared identifier is reported only once for each function it appears in
CMakeFiles/cmTC_dfbcd.dir/build.make:77: recipe for target 'CMakeFiles/cmTC_dfbcd.dir/CheckSymbolExists.c.o' failed
make[1]: *** [CMakeFiles/cmTC_dfbcd.dir/CheckSymbolExists.c.o] Error 1
make[1]: 离开目录“/home/xin/tools/cmake-3.23.2/CMakeFiles/CMakeTmp”
Makefile:127: recipe for target 'cmTC_dfbcd/fast' failed
make: *** [cmTC_dfbcd/fast] Error 2


File /home/xin/tools/cmake-3.23.2/CMakeFiles/CMakeTmp/CheckSymbolExists.c:
/* */
#include <stdio.h>
#include <inttypes.h>
#include <sys/ioctl.h>
#include <sys/param.h>
#include <sys/poll.h>
#include <sys/resource.h>
#include <sys/select.h>
#include <sys/socket.h>
#include <sys/stat.h>
#include <sys/time.h>
#include <sys/types.h>
#include <sys/uio.h>
#include <sys/un.h>
#include <sys/xattr.h>
#include <alloca.h>
#include <arpa/inet.h>
#include <arpa/tftp.h>
#include <assert.h>
#include <errno.h>
#include <fcntl.h>
#include <ifaddrs.h>
#include <libgen.h>
#include <locale.h>
#include <net/if.h>
#include <netdb.h>
#include <netinet/in.h>
#include <netinet/tcp.h>
#include <poll.h>
#include <pwd.h>
#include <setjmp.h>
#include <signal.h>
#include <stdbool.h>
#include <stdint.h>
#include <stdio.h>
#include <stdlib.h>
#include <string.h>
#include <strings.h>
#include <stropts.h>
#include <termio.h>
#include <termios.h>
#include <time.h>
#include <unistd.h>
#include <utime.h>
#include <stddef.h>
#include <dlfcn.h>
#include <malloc.h>
#include <memory.h>
#include <netinet/if_ether.h>
#include <stdint.h>
#include <sys/utsname.h>

int main(int argc, char** argv)
{
  (void)argv;
#ifndef closesocket
  return ((int*)(&closesocket))[argc];
#else
  (void)argc;
  return 0;
#endif
}
Determining if the getpass_r exist failed with the following output:
Change Dir: /home/xin/tools/cmake-3.23.2/CMakeFiles/CMakeTmp

Run Build Command(s):/usr/bin/make -f Makefile cmTC_559b0/fast && make  -f CMakeFiles/cmTC_559b0.dir/build.make CMakeFiles/cmTC_559b0.dir/build
make[1]: 进入目录“/home/xin/tools/cmake-3.23.2/CMakeFiles/CMakeTmp”
Building C object CMakeFiles/cmTC_559b0.dir/CheckSymbolExists.c.o
/usr/bin/gcc   -w  -o CMakeFiles/cmTC_559b0.dir/CheckSymbolExists.c.o -c /home/xin/tools/cmake-3.23.2/CMakeFiles/CMakeTmp/CheckSymbolExists.c
/home/xin/tools/cmake-3.23.2/CMakeFiles/CMakeTmp/CheckSymbolExists.c: In function ‘main’:
/home/xin/tools/cmake-3.23.2/CMakeFiles/CMakeTmp/CheckSymbolExists.c:57:19: error: ‘getpass_r’ undeclared (first use in this function); did you mean ‘getpass’?
   return ((int*)(&getpass_r))[argc];
                   ^~~~~~~~~
                   getpass
/home/xin/tools/cmake-3.23.2/CMakeFiles/CMakeTmp/CheckSymbolExists.c:57:19: note: each undeclared identifier is reported only once for each function it appears in
CMakeFiles/cmTC_559b0.dir/build.make:77: recipe for target 'CMakeFiles/cmTC_559b0.dir/CheckSymbolExists.c.o' failed
make[1]: *** [CMakeFiles/cmTC_559b0.dir/CheckSymbolExists.c.o] Error 1
make[1]: 离开目录“/home/xin/tools/cmake-3.23.2/CMakeFiles/CMakeTmp”
Makefile:127: recipe for target 'cmTC_559b0/fast' failed
make: *** [cmTC_559b0/fast] Error 2


File /home/xin/tools/cmake-3.23.2/CMakeFiles/CMakeTmp/CheckSymbolExists.c:
/* */
#include <stdio.h>
#include <inttypes.h>
#include <sys/ioctl.h>
#include <sys/param.h>
#include <sys/poll.h>
#include <sys/resource.h>
#include <sys/select.h>
#include <sys/socket.h>
#include <sys/stat.h>
#include <sys/time.h>
#include <sys/types.h>
#include <sys/uio.h>
#include <sys/un.h>
#include <sys/xattr.h>
#include <alloca.h>
#include <arpa/inet.h>
#include <arpa/tftp.h>
#include <assert.h>
#include <errno.h>
#include <fcntl.h>
#include <ifaddrs.h>
#include <libgen.h>
#include <locale.h>
#include <net/if.h>
#include <netdb.h>
#include <netinet/in.h>
#include <netinet/tcp.h>
#include <poll.h>
#include <pwd.h>
#include <setjmp.h>
#include <signal.h>
#include <stdbool.h>
#include <stdint.h>
#include <stdio.h>
#include <stdlib.h>
#include <string.h>
#include <strings.h>
#include <stropts.h>
#include <termio.h>
#include <termios.h>
#include <time.h>
#include <unistd.h>
#include <utime.h>
#include <stddef.h>
#include <dlfcn.h>
#include <malloc.h>
#include <memory.h>
#include <netinet/if_ether.h>
#include <stdint.h>
#include <sys/utsname.h>

int main(int argc, char** argv)
{
  (void)argv;
#ifndef getpass_r
  return ((int*)(&getpass_r))[argc];
#else
  (void)argc;
  return 0;
#endif
}
Determining if the _strtoi64 exist failed with the following output:
Change Dir: /home/xin/tools/cmake-3.23.2/CMakeFiles/CMakeTmp

Run Build Command(s):/usr/bin/make -f Makefile cmTC_c3882/fast && make  -f CMakeFiles/cmTC_c3882.dir/build.make CMakeFiles/cmTC_c3882.dir/build
make[1]: 进入目录“/home/xin/tools/cmake-3.23.2/CMakeFiles/CMakeTmp”
Building C object CMakeFiles/cmTC_c3882.dir/CheckSymbolExists.c.o
/usr/bin/gcc   -w  -o CMakeFiles/cmTC_c3882.dir/CheckSymbolExists.c.o -c /home/xin/tools/cmake-3.23.2/CMakeFiles/CMakeTmp/CheckSymbolExists.c
/home/xin/tools/cmake-3.23.2/CMakeFiles/CMakeTmp/CheckSymbolExists.c: In function ‘main’:
/home/xin/tools/cmake-3.23.2/CMakeFiles/CMakeTmp/CheckSymbolExists.c:57:19: error: ‘_strtoi64’ undeclared (first use in this function); did you mean ‘strtoull’?
   return ((int*)(&_strtoi64))[argc];
                   ^~~~~~~~~
                   strtoull
/home/xin/tools/cmake-3.23.2/CMakeFiles/CMakeTmp/CheckSymbolExists.c:57:19: note: each undeclared identifier is reported only once for each function it appears in
CMakeFiles/cmTC_c3882.dir/build.make:77: recipe for target 'CMakeFiles/cmTC_c3882.dir/CheckSymbolExists.c.o' failed
make[1]: *** [CMakeFiles/cmTC_c3882.dir/CheckSymbolExists.c.o] Error 1
make[1]: 离开目录“/home/xin/tools/cmake-3.23.2/CMakeFiles/CMakeTmp”
Makefile:127: recipe for target 'cmTC_c3882/fast' failed
make: *** [cmTC_c3882/fast] Error 2


File /home/xin/tools/cmake-3.23.2/CMakeFiles/CMakeTmp/CheckSymbolExists.c:
/* */
#include <stdio.h>
#include <inttypes.h>
#include <sys/ioctl.h>
#include <sys/param.h>
#include <sys/poll.h>
#include <sys/resource.h>
#include <sys/select.h>
#include <sys/socket.h>
#include <sys/stat.h>
#include <sys/time.h>
#include <sys/types.h>
#include <sys/uio.h>
#include <sys/un.h>
#include <sys/xattr.h>
#include <alloca.h>
#include <arpa/inet.h>
#include <arpa/tftp.h>
#include <assert.h>
#include <errno.h>
#include <fcntl.h>
#include <ifaddrs.h>
#include <libgen.h>
#include <locale.h>
#include <net/if.h>
#include <netdb.h>
#include <netinet/in.h>
#include <netinet/tcp.h>
#include <poll.h>
#include <pwd.h>
#include <setjmp.h>
#include <signal.h>
#include <stdbool.h>
#include <stdint.h>
#include <stdio.h>
#include <stdlib.h>
#include <string.h>
#include <strings.h>
#include <stropts.h>
#include <termio.h>
#include <termios.h>
#include <time.h>
#include <unistd.h>
#include <utime.h>
#include <stddef.h>
#include <dlfcn.h>
#include <malloc.h>
#include <memory.h>
#include <netinet/if_ether.h>
#include <stdint.h>
#include <sys/utsname.h>

int main(int argc, char** argv)
{
  (void)argv;
#ifndef _strtoi64
  return ((int*)(&_strtoi64))[argc];
#else
  (void)argc;
  return 0;
#endif
}
Determining if the setmode exist failed with the following output:
Change Dir: /home/xin/tools/cmake-3.23.2/CMakeFiles/CMakeTmp

Run Build Command(s):/usr/bin/make -f Makefile cmTC_9f2d8/fast && make  -f CMakeFiles/cmTC_9f2d8.dir/build.make CMakeFiles/cmTC_9f2d8.dir/build
make[1]: 进入目录“/home/xin/tools/cmake-3.23.2/CMakeFiles/CMakeTmp”
Building C object CMakeFiles/cmTC_9f2d8.dir/CheckSymbolExists.c.o
/usr/bin/gcc   -w  -o CMakeFiles/cmTC_9f2d8.dir/CheckSymbolExists.c.o -c /home/xin/tools/cmake-3.23.2/CMakeFiles/CMakeTmp/CheckSymbolExists.c
/home/xin/tools/cmake-3.23.2/CMakeFiles/CMakeTmp/CheckSymbolExists.c: In function ‘main’:
/home/xin/tools/cmake-3.23.2/CMakeFiles/CMakeTmp/CheckSymbolExists.c:57:19: error: ‘setmode’ undeclared (first use in this function); did you mean ‘setgid’?
   return ((int*)(&setmode))[argc];
                   ^~~~~~~
                   setgid
/home/xin/tools/cmake-3.23.2/CMakeFiles/CMakeTmp/CheckSymbolExists.c:57:19: note: each undeclared identifier is reported only once for each function it appears in
CMakeFiles/cmTC_9f2d8.dir/build.make:77: recipe for target 'CMakeFiles/cmTC_9f2d8.dir/CheckSymbolExists.c.o' failed
make[1]: *** [CMakeFiles/cmTC_9f2d8.dir/CheckSymbolExists.c.o] Error 1
make[1]: 离开目录“/home/xin/tools/cmake-3.23.2/CMakeFiles/CMakeTmp”
Makefile:127: recipe for target 'cmTC_9f2d8/fast' failed
make: *** [cmTC_9f2d8/fast] Error 2


File /home/xin/tools/cmake-3.23.2/CMakeFiles/CMakeTmp/CheckSymbolExists.c:
/* */
#include <stdio.h>
#include <inttypes.h>
#include <sys/ioctl.h>
#include <sys/param.h>
#include <sys/poll.h>
#include <sys/resource.h>
#include <sys/select.h>
#include <sys/socket.h>
#include <sys/stat.h>
#include <sys/time.h>
#include <sys/types.h>
#include <sys/uio.h>
#include <sys/un.h>
#include <sys/xattr.h>
#include <alloca.h>
#include <arpa/inet.h>
#include <arpa/tftp.h>
#include <assert.h>
#include <errno.h>
#include <fcntl.h>
#include <ifaddrs.h>
#include <libgen.h>
#include <locale.h>
#include <net/if.h>
#include <netdb.h>
#include <netinet/in.h>
#include <netinet/tcp.h>
#include <poll.h>
#include <pwd.h>
#include <setjmp.h>
#include <signal.h>
#include <stdbool.h>
#include <stdint.h>
#include <stdio.h>
#include <stdlib.h>
#include <string.h>
#include <strings.h>
#include <stropts.h>
#include <termio.h>
#include <termios.h>
#include <time.h>
#include <unistd.h>
#include <utime.h>
#include <stddef.h>
#include <dlfcn.h>
#include <malloc.h>
#include <memory.h>
#include <netinet/if_ether.h>
#include <stdint.h>
#include <sys/utsname.h>

int main(int argc, char** argv)
{
  (void)argv;
#ifndef setmode
  return ((int*)(&setmode))[argc];
#else
  (void)argc;
  return 0;
#endif
}
Determining if the function mach_absolute_time exists failed with the following output:
Change Dir: /home/xin/tools/cmake-3.23.2/CMakeFiles/CMakeTmp

Run Build Command(s):/usr/bin/make -f Makefile cmTC_e558f/fast && make  -f CMakeFiles/cmTC_e558f.dir/build.make CMakeFiles/cmTC_e558f.dir/build
make[1]: 进入目录“/home/xin/tools/cmake-3.23.2/CMakeFiles/CMakeTmp”
Building C object CMakeFiles/cmTC_e558f.dir/CheckFunctionExists.c.o
/usr/bin/gcc   -w -DCHECK_FUNCTION_EXISTS=mach_absolute_time -o CMakeFiles/cmTC_e558f.dir/CheckFunctionExists.c.o -c /home/xin/tools/cmake-3.23.2/Modules/CheckFunctionExists.c
Linking C executable cmTC_e558f
/home/xin/tools/cmake-3.23.2/Bootstrap.cmk/cmake -E cmake_link_script CMakeFiles/cmTC_e558f.dir/link.txt --verbose=1
/usr/bin/gcc  -w -DCHECK_FUNCTION_EXISTS=mach_absolute_time CMakeFiles/cmTC_e558f.dir/CheckFunctionExists.c.o -o cmTC_e558f 
CMakeFiles/cmTC_e558f.dir/CheckFunctionExists.c.o：在函数‘main’中：
CheckFunctionExists.c:(.text+0x10)：对‘mach_absolute_time’未定义的引用
collect2: error: ld returned 1 exit status
CMakeFiles/cmTC_e558f.dir/build.make:98: recipe for target 'cmTC_e558f' failed
make[1]: *** [cmTC_e558f] Error 1
make[1]: 离开目录“/home/xin/tools/cmake-3.23.2/CMakeFiles/CMakeTmp”
Makefile:127: recipe for target 'cmTC_e558f/fast' failed
make: *** [cmTC_e558f/fast] Error 2



Performing Curl Test HAVE_FSETXATTR_6 failed with the following output:
Change Dir: /home/xin/tools/cmake-3.23.2/CMakeFiles/CMakeTmp

Run Build Command(s):/usr/bin/make -f Makefile cmTC_f5363/fast && make  -f CMakeFiles/cmTC_f5363.dir/build.make CMakeFiles/cmTC_f5363.dir/build
make[1]: 进入目录“/home/xin/tools/cmake-3.23.2/CMakeFiles/CMakeTmp”
Building C object CMakeFiles/cmTC_f5363.dir/CurlTests.c.o
/usr/bin/gcc   -w -DHAVE_FSETXATTR_6  -DHAVE_STDIO_H -DHAVE_INTTYPES_H -DHAVE_SYS_IOCTL_H -DHAVE_SYS_PARAM_H -DHAVE_SYS_POLL_H -DHAVE_SYS_RESOURCE_H -DHAVE_SYS_SELECT_H -DHAVE_SYS_SOCKET_H -DHAVE_SYS_STAT_H -DHAVE_SYS_TIME_H -DHAVE_SYS_TYPES_H -DHAVE_SYS_UIO_H -DHAVE_SYS_UN_H -DHAVE_SYS_XATTR_H -DHAVE_ALLOCA_H -DHAVE_ARPA_INET_H -DHAVE_ARPA_TFTP_H -DHAVE_ASSERT_H -DHAVE_ERRNO_H -DHAVE_FCNTL_H -DHAVE_IFADDRS_H -DHAVE_LIBGEN_H -DHAVE_LOCALE_H -DHAVE_NET_IF_H -DHAVE_NETDB_H -DHAVE_NETINET_IN_H -DHAVE_NETINET_TCP_H -DHAVE_POLL_H -DHAVE_PWD_H -DHAVE_SETJMP_H -DHAVE_SIGNAL_H -DHAVE_STDBOOL_H -DHAVE_STDINT_H -DHAVE_STDIO_H -DHAVE_STDLIB_H -DHAVE_STRING_H -DHAVE_STRINGS_H -DHAVE_STROPTS_H -DHAVE_TERMIO_H -DHAVE_TERMIOS_H -DHAVE_TIME_H -DHAVE_UNISTD_H -DHAVE_UTIME_H -DHAVE_STDDEF_H -DHAVE_DLFCN_H -DHAVE_MALLOC_H -DHAVE_MEMORY_H -DHAVE_NETINET_IF_ETHER_H -DHAVE_STDINT_H -DHAVE_SYS_UTSNAME_H -o CMakeFiles/cmTC_f5363.dir/CurlTests.c.o -c /home/xin/tools/cmake-3.23.2/Utilities/cmcurl/CMake/CurlTests.c
/home/xin/tools/cmake-3.23.2/Utilities/cmcurl/CMake/CurlTests.c: In function ‘main’:
/home/xin/tools/cmake-3.23.2/Utilities/cmcurl/CMake/CurlTests.c:443:3: error: too many arguments to function ‘fsetxattr’
   fsetxattr(0, 0, 0, 0, 0, 0);
   ^~~~~~~~~
In file included from /home/xin/tools/cmake-3.23.2/Utilities/cmcurl/CMake/CurlTests.c:440:0:
/usr/include/x86_64-linux-gnu/sys/xattr.h:54:12: note: declared here
 extern int fsetxattr (int __fd, const char *__name, const void *__value,
            ^~~~~~~~~
CMakeFiles/cmTC_f5363.dir/build.make:77: recipe for target 'CMakeFiles/cmTC_f5363.dir/CurlTests.c.o' failed
make[1]: *** [CMakeFiles/cmTC_f5363.dir/CurlTests.c.o] Error 1
make[1]: 离开目录“/home/xin/tools/cmake-3.23.2/CMakeFiles/CMakeTmp”
Makefile:127: recipe for target 'cmTC_f5363/fast' failed
make: *** [cmTC_f5363/fast] Error 2


Determining size of ADDRESS_FAMILY failed with the following output:
Change Dir: /home/xin/tools/cmake-3.23.2/CMakeFiles/CMakeTmp

Run Build Command(s):/usr/bin/make -f Makefile cmTC_d00c7/fast && make  -f CMakeFiles/cmTC_d00c7.dir/build.make CMakeFiles/cmTC_d00c7.dir/build
make[1]: 进入目录“/home/xin/tools/cmake-3.23.2/CMakeFiles/CMakeTmp”
Building C object CMakeFiles/cmTC_d00c7.dir/SIZEOF_ADDRESS_FAMILY.c.o
/usr/bin/gcc   -w  -o CMakeFiles/cmTC_d00c7.dir/SIZEOF_ADDRESS_FAMILY.c.o -c /home/xin/tools/cmake-3.23.2/CMakeFiles/CheckTypeSize/SIZEOF_ADDRESS_FAMILY.c
/home/xin/tools/cmake-3.23.2/CMakeFiles/CheckTypeSize/SIZEOF_ADDRESS_FAMILY.c:4:10: fatal error: ws2def.h: 没有那个文件或目录
 #include "ws2def.h"
          ^~~~~~~~~~
compilation terminated.
CMakeFiles/cmTC_d00c7.dir/build.make:77: recipe for target 'CMakeFiles/cmTC_d00c7.dir/SIZEOF_ADDRESS_FAMILY.c.o' failed
make[1]: *** [CMakeFiles/cmTC_d00c7.dir/SIZEOF_ADDRESS_FAMILY.c.o] Error 1
make[1]: 离开目录“/home/xin/tools/cmake-3.23.2/CMakeFiles/CMakeTmp”
Makefile:127: recipe for target 'cmTC_d00c7/fast' failed
make: *** [cmTC_d00c7/fast] Error 2


/home/xin/tools/cmake-3.23.2/CMakeFiles/CheckTypeSize/SIZEOF_ADDRESS_FAMILY.c:
#include <sys/types.h>
#include <stdint.h>
#include <stddef.h>
#include "ws2def.h"


#undef KEY
#if defined(__i386)
# define KEY '_','_','i','3','8','6'
#elif defined(__x86_64)
# define KEY '_','_','x','8','6','_','6','4'
#elif defined(__PPC64__)
# define KEY '_','_','P','P','C','6','4','_','_'
#elif defined(__ppc64__)
# define KEY '_','_','p','p','c','6','4','_','_'
#elif defined(__PPC__)
# define KEY '_','_','P','P','C','_','_'
#elif defined(__ppc__)
# define KEY '_','_','p','p','c','_','_'
#elif defined(__aarch64__)
# define KEY '_','_','a','a','r','c','h','6','4','_','_'
#elif defined(__ARM_ARCH_7A__)
# define KEY '_','_','A','R','M','_','A','R','C','H','_','7','A','_','_'
#elif defined(__ARM_ARCH_7S__)
# define KEY '_','_','A','R','M','_','A','R','C','H','_','7','S','_','_'
#endif

#define SIZE (sizeof(ADDRESS_FAMILY))
static char info_size[] =  {'I', 'N', 'F', 'O', ':', 's','i','z','e','[',
  ('0' + ((SIZE / 10000)%10)),
  ('0' + ((SIZE / 1000)%10)),
  ('0' + ((SIZE / 100)%10)),
  ('0' + ((SIZE / 10)%10)),
  ('0' +  (SIZE    % 10)),
  ']',
#ifdef KEY
  ' ','k','e','y','[', KEY, ']',
#endif
  '\0'};

#ifdef __CLASSIC_C__
int main(argc, argv) int argc; char *argv[];
#else
int main(int argc, char *argv[])
#endif
{
  int require = 0;
  require += info_size[argc];
  (void)argv;
  return require;
}


Performing Curl Test HAVE_IOCTLSOCKET failed with the following output:
Change Dir: /home/xin/tools/cmake-3.23.2/CMakeFiles/CMakeTmp

Run Build Command(s):/usr/bin/make -f Makefile cmTC_b5547/fast && make  -f CMakeFiles/cmTC_b5547.dir/build.make CMakeFiles/cmTC_b5547.dir/build
make[1]: 进入目录“/home/xin/tools/cmake-3.23.2/CMakeFiles/CMakeTmp”
Building C object CMakeFiles/cmTC_b5547.dir/CurlTests.c.o
/usr/bin/gcc   -w -DHAVE_IOCTLSOCKET  -DHAVE_STDIO_H -DHAVE_INTTYPES_H -DHAVE_SYS_IOCTL_H -DHAVE_SYS_PARAM_H -DHAVE_SYS_POLL_H -DHAVE_SYS_RESOURCE_H -DHAVE_SYS_SELECT_H -DHAVE_SYS_SOCKET_H -DHAVE_SYS_STAT_H -DHAVE_SYS_TIME_H -DHAVE_SYS_TYPES_H -DHAVE_SYS_UIO_H -DHAVE_SYS_UN_H -DHAVE_SYS_XATTR_H -DHAVE_ALLOCA_H -DHAVE_ARPA_INET_H -DHAVE_ARPA_TFTP_H -DHAVE_ASSERT_H -DHAVE_ERRNO_H -DHAVE_FCNTL_H -DHAVE_IFADDRS_H -DHAVE_LIBGEN_H -DHAVE_LOCALE_H -DHAVE_NET_IF_H -DHAVE_NETDB_H -DHAVE_NETINET_IN_H -DHAVE_NETINET_TCP_H -DHAVE_POLL_H -DHAVE_PWD_H -DHAVE_SETJMP_H -DHAVE_SIGNAL_H -DHAVE_STDBOOL_H -DHAVE_STDINT_H -DHAVE_STDIO_H -DHAVE_STDLIB_H -DHAVE_STRING_H -DHAVE_STRINGS_H -DHAVE_STROPTS_H -DHAVE_TERMIO_H -DHAVE_TERMIOS_H -DHAVE_TIME_H -DHAVE_UNISTD_H -DHAVE_UTIME_H -DHAVE_STDDEF_H -DHAVE_DLFCN_H -DHAVE_MALLOC_H -DHAVE_MEMORY_H -DHAVE_NETINET_IF_ETHER_H -DHAVE_STDINT_H -DHAVE_SYS_UTSNAME_H -o CMakeFiles/cmTC_b5547.dir/CurlTests.c.o -c /home/xin/tools/cmake-3.23.2/Utilities/cmcurl/CMake/CurlTests.c
/home/xin/tools/cmake-3.23.2/Utilities/cmcurl/CMake/CurlTests.c: In function ‘main’:
/home/xin/tools/cmake-3.23.2/Utilities/cmcurl/CMake/CurlTests.c:241:44: error: ‘FIONBIO’ undeclared (first use in this function)
  unsigned long flags = ioctlsocket(socket, FIONBIO, &flags);
                                            ^~~~~~~
/home/xin/tools/cmake-3.23.2/Utilities/cmcurl/CMake/CurlTests.c:241:44: note: each undeclared identifier is reported only once for each function it appears in
CMakeFiles/cmTC_b5547.dir/build.make:77: recipe for target 'CMakeFiles/cmTC_b5547.dir/CurlTests.c.o' failed
make[1]: *** [CMakeFiles/cmTC_b5547.dir/CurlTests.c.o] Error 1
make[1]: 离开目录“/home/xin/tools/cmake-3.23.2/CMakeFiles/CMakeTmp”
Makefile:127: recipe for target 'cmTC_b5547/fast' failed
make: *** [cmTC_b5547/fast] Error 2


Performing Curl Test HAVE_IOCTLSOCKET_CAMEL failed with the following output:
Change Dir: /home/xin/tools/cmake-3.23.2/CMakeFiles/CMakeTmp

Run Build Command(s):/usr/bin/make -f Makefile cmTC_71afa/fast && make  -f CMakeFiles/cmTC_71afa.dir/build.make CMakeFiles/cmTC_71afa.dir/build
make[1]: 进入目录“/home/xin/tools/cmake-3.23.2/CMakeFiles/CMakeTmp”
Building C object CMakeFiles/cmTC_71afa.dir/CurlTests.c.o
/usr/bin/gcc   -w -DHAVE_IOCTLSOCKET_CAMEL  -DHAVE_STDIO_H -DHAVE_INTTYPES_H -DHAVE_SYS_IOCTL_H -DHAVE_SYS_PARAM_H -DHAVE_SYS_POLL_H -DHAVE_SYS_RESOURCE_H -DHAVE_SYS_SELECT_H -DHAVE_SYS_SOCKET_H -DHAVE_SYS_STAT_H -DHAVE_SYS_TIME_H -DHAVE_SYS_TYPES_H -DHAVE_SYS_UIO_H -DHAVE_SYS_UN_H -DHAVE_SYS_XATTR_H -DHAVE_ALLOCA_H -DHAVE_ARPA_INET_H -DHAVE_ARPA_TFTP_H -DHAVE_ASSERT_H -DHAVE_ERRNO_H -DHAVE_FCNTL_H -DHAVE_IFADDRS_H -DHAVE_LIBGEN_H -DHAVE_LOCALE_H -DHAVE_NET_IF_H -DHAVE_NETDB_H -DHAVE_NETINET_IN_H -DHAVE_NETINET_TCP_H -DHAVE_POLL_H -DHAVE_PWD_H -DHAVE_SETJMP_H -DHAVE_SIGNAL_H -DHAVE_STDBOOL_H -DHAVE_STDINT_H -DHAVE_STDIO_H -DHAVE_STDLIB_H -DHAVE_STRING_H -DHAVE_STRINGS_H -DHAVE_STROPTS_H -DHAVE_TERMIO_H -DHAVE_TERMIOS_H -DHAVE_TIME_H -DHAVE_UNISTD_H -DHAVE_UTIME_H -DHAVE_STDDEF_H -DHAVE_DLFCN_H -DHAVE_MALLOC_H -DHAVE_MEMORY_H -DHAVE_NETINET_IF_ETHER_H -DHAVE_STDINT_H -DHAVE_SYS_UTSNAME_H -o CMakeFiles/cmTC_71afa.dir/CurlTests.c.o -c /home/xin/tools/cmake-3.23.2/Utilities/cmcurl/CMake/CurlTests.c
Linking C executable cmTC_71afa
/home/xin/tools/cmake-3.23.2/Bootstrap.cmk/cmake -E cmake_link_script CMakeFiles/cmTC_71afa.dir/link.txt --verbose=1
/usr/bin/gcc  -w -DHAVE_IOCTLSOCKET_CAMEL  -DHAVE_STDIO_H -DHAVE_INTTYPES_H -DHAVE_SYS_IOCTL_H -DHAVE_SYS_PARAM_H -DHAVE_SYS_POLL_H -DHAVE_SYS_RESOURCE_H -DHAVE_SYS_SELECT_H -DHAVE_SYS_SOCKET_H -DHAVE_SYS_STAT_H -DHAVE_SYS_TIME_H -DHAVE_SYS_TYPES_H -DHAVE_SYS_UIO_H -DHAVE_SYS_UN_H -DHAVE_SYS_XATTR_H -DHAVE_ALLOCA_H -DHAVE_ARPA_INET_H -DHAVE_ARPA_TFTP_H -DHAVE_ASSERT_H -DHAVE_ERRNO_H -DHAVE_FCNTL_H -DHAVE_IFADDRS_H -DHAVE_LIBGEN_H -DHAVE_LOCALE_H -DHAVE_NET_IF_H -DHAVE_NETDB_H -DHAVE_NETINET_IN_H -DHAVE_NETINET_TCP_H -DHAVE_POLL_H -DHAVE_PWD_H -DHAVE_SETJMP_H -DHAVE_SIGNAL_H -DHAVE_STDBOOL_H -DHAVE_STDINT_H -DHAVE_STDIO_H -DHAVE_STDLIB_H -DHAVE_STRING_H -DHAVE_STRINGS_H -DHAVE_STROPTS_H -DHAVE_TERMIO_H -DHAVE_TERMIOS_H -DHAVE_TIME_H -DHAVE_UNISTD_H -DHAVE_UTIME_H -DHAVE_STDDEF_H -DHAVE_DLFCN_H -DHAVE_MALLOC_H -DHAVE_MEMORY_H -DHAVE_NETINET_IF_ETHER_H -DHAVE_STDINT_H -DHAVE_SYS_UTSNAME_H CMakeFiles/cmTC_71afa.dir/CurlTests.c.o -o cmTC_71afa 
CMakeFiles/cmTC_71afa.dir/CurlTests.c.o：在函数‘main’中：
CurlTests.c:(.text+0x19)：对‘IoctlSocket’未定义的引用
collect2: error: ld returned 1 exit status
CMakeFiles/cmTC_71afa.dir/build.make:98: recipe for target 'cmTC_71afa' failed
make[1]: *** [cmTC_71afa] Error 1
make[1]: 离开目录“/home/xin/tools/cmake-3.23.2/CMakeFiles/CMakeTmp”
Makefile:127: recipe for target 'cmTC_71afa/fast' failed
make: *** [cmTC_71afa/fast] Error 2


Performing Curl Test HAVE_IOCTLSOCKET_CAMEL_FIONBIO failed with the following output:
Change Dir: /home/xin/tools/cmake-3.23.2/CMakeFiles/CMakeTmp

Run Build Command(s):/usr/bin/make -f Makefile cmTC_4fa67/fast && make  -f CMakeFiles/cmTC_4fa67.dir/build.make CMakeFiles/cmTC_4fa67.dir/build
make[1]: 进入目录“/home/xin/tools/cmake-3.23.2/CMakeFiles/CMakeTmp”
Building C object CMakeFiles/cmTC_4fa67.dir/CurlTests.c.o
/usr/bin/gcc   -w -DHAVE_IOCTLSOCKET_CAMEL_FIONBIO  -DHAVE_STDIO_H -DHAVE_INTTYPES_H -DHAVE_SYS_IOCTL_H -DHAVE_SYS_PARAM_H -DHAVE_SYS_POLL_H -DHAVE_SYS_RESOURCE_H -DHAVE_SYS_SELECT_H -DHAVE_SYS_SOCKET_H -DHAVE_SYS_STAT_H -DHAVE_SYS_TIME_H -DHAVE_SYS_TYPES_H -DHAVE_SYS_UIO_H -DHAVE_SYS_UN_H -DHAVE_SYS_XATTR_H -DHAVE_ALLOCA_H -DHAVE_ARPA_INET_H -DHAVE_ARPA_TFTP_H -DHAVE_ASSERT_H -DHAVE_ERRNO_H -DHAVE_FCNTL_H -DHAVE_IFADDRS_H -DHAVE_LIBGEN_H -DHAVE_LOCALE_H -DHAVE_NET_IF_H -DHAVE_NETDB_H -DHAVE_NETINET_IN_H -DHAVE_NETINET_TCP_H -DHAVE_POLL_H -DHAVE_PWD_H -DHAVE_SETJMP_H -DHAVE_SIGNAL_H -DHAVE_STDBOOL_H -DHAVE_STDINT_H -DHAVE_STDIO_H -DHAVE_STDLIB_H -DHAVE_STRING_H -DHAVE_STRINGS_H -DHAVE_STROPTS_H -DHAVE_TERMIO_H -DHAVE_TERMIOS_H -DHAVE_TIME_H -DHAVE_UNISTD_H -DHAVE_UTIME_H -DHAVE_STDDEF_H -DHAVE_DLFCN_H -DHAVE_MALLOC_H -DHAVE_MEMORY_H -DHAVE_NETINET_IF_ETHER_H -DHAVE_STDINT_H -DHAVE_SYS_UTSNAME_H -o CMakeFiles/cmTC_4fa67.dir/CurlTests.c.o -c /home/xin/tools/cmake-3.23.2/Utilities/cmcurl/CMake/CurlTests.c
/home/xin/tools/cmake-3.23.2/Utilities/cmcurl/CMake/CurlTests.c: In function ‘main’:
/home/xin/tools/cmake-3.23.2/Utilities/cmcurl/CMake/CurlTests.c:289:32: error: ‘FIONBIO’ undeclared (first use in this function)
         if(0 != IoctlSocket(0, FIONBIO, &flags))
                                ^~~~~~~
/home/xin/tools/cmake-3.23.2/Utilities/cmcurl/CMake/CurlTests.c:289:32: note: each undeclared identifier is reported only once for each function it appears in
CMakeFiles/cmTC_4fa67.dir/build.make:77: recipe for target 'CMakeFiles/cmTC_4fa67.dir/CurlTests.c.o' failed
make[1]: *** [CMakeFiles/cmTC_4fa67.dir/CurlTests.c.o] Error 1
make[1]: 离开目录“/home/xin/tools/cmake-3.23.2/CMakeFiles/CMakeTmp”
Makefile:127: recipe for target 'cmTC_4fa67/fast' failed
make: *** [cmTC_4fa67/fast] Error 2


Performing Curl Test HAVE_IOCTLSOCKET_FIONBIO failed with the following output:
Change Dir: /home/xin/tools/cmake-3.23.2/CMakeFiles/CMakeTmp

Run Build Command(s):/usr/bin/make -f Makefile cmTC_fd346/fast && make  -f CMakeFiles/cmTC_fd346.dir/build.make CMakeFiles/cmTC_fd346.dir/build
make[1]: 进入目录“/home/xin/tools/cmake-3.23.2/CMakeFiles/CMakeTmp”
Building C object CMakeFiles/cmTC_fd346.dir/CurlTests.c.o
/usr/bin/gcc   -w -DHAVE_IOCTLSOCKET_FIONBIO  -DHAVE_STDIO_H -DHAVE_INTTYPES_H -DHAVE_SYS_IOCTL_H -DHAVE_SYS_PARAM_H -DHAVE_SYS_POLL_H -DHAVE_SYS_RESOURCE_H -DHAVE_SYS_SELECT_H -DHAVE_SYS_SOCKET_H -DHAVE_SYS_STAT_H -DHAVE_SYS_TIME_H -DHAVE_SYS_TYPES_H -DHAVE_SYS_UIO_H -DHAVE_SYS_UN_H -DHAVE_SYS_XATTR_H -DHAVE_ALLOCA_H -DHAVE_ARPA_INET_H -DHAVE_ARPA_TFTP_H -DHAVE_ASSERT_H -DHAVE_ERRNO_H -DHAVE_FCNTL_H -DHAVE_IFADDRS_H -DHAVE_LIBGEN_H -DHAVE_LOCALE_H -DHAVE_NET_IF_H -DHAVE_NETDB_H -DHAVE_NETINET_IN_H -DHAVE_NETINET_TCP_H -DHAVE_POLL_H -DHAVE_PWD_H -DHAVE_SETJMP_H -DHAVE_SIGNAL_H -DHAVE_STDBOOL_H -DHAVE_STDINT_H -DHAVE_STDIO_H -DHAVE_STDLIB_H -DHAVE_STRING_H -DHAVE_STRINGS_H -DHAVE_STROPTS_H -DHAVE_TERMIO_H -DHAVE_TERMIOS_H -DHAVE_TIME_H -DHAVE_UNISTD_H -DHAVE_UTIME_H -DHAVE_STDDEF_H -DHAVE_DLFCN_H -DHAVE_MALLOC_H -DHAVE_MEMORY_H -DHAVE_NETINET_IF_ETHER_H -DHAVE_STDINT_H -DHAVE_SYS_UTSNAME_H -o CMakeFiles/cmTC_fd346.dir/CurlTests.c.o -c /home/xin/tools/cmake-3.23.2/Utilities/cmcurl/CMake/CurlTests.c
/home/xin/tools/cmake-3.23.2/Utilities/cmcurl/CMake/CurlTests.c: In function ‘main’:
/home/xin/tools/cmake-3.23.2/Utilities/cmcurl/CMake/CurlTests.c:312:32: error: ‘FIONBIO’ undeclared (first use in this function)
         if(0 != ioctlsocket(0, FIONBIO, &flags))
                                ^~~~~~~
/home/xin/tools/cmake-3.23.2/Utilities/cmcurl/CMake/CurlTests.c:312:32: note: each undeclared identifier is reported only once for each function it appears in
CMakeFiles/cmTC_fd346.dir/build.make:77: recipe for target 'CMakeFiles/cmTC_fd346.dir/CurlTests.c.o' failed
make[1]: *** [CMakeFiles/cmTC_fd346.dir/CurlTests.c.o] Error 1
make[1]: 离开目录“/home/xin/tools/cmake-3.23.2/CMakeFiles/CMakeTmp”
Makefile:127: recipe for target 'cmTC_fd346/fast' failed
make: *** [cmTC_fd346/fast] Error 2


Performing Curl Test HAVE_SETSOCKOPT_SO_NONBLOCK failed with the following output:
Change Dir: /home/xin/tools/cmake-3.23.2/CMakeFiles/CMakeTmp

Run Build Command(s):/usr/bin/make -f Makefile cmTC_0e3ce/fast && make  -f CMakeFiles/cmTC_0e3ce.dir/build.make CMakeFiles/cmTC_0e3ce.dir/build
make[1]: 进入目录“/home/xin/tools/cmake-3.23.2/CMakeFiles/CMakeTmp”
Building C object CMakeFiles/cmTC_0e3ce.dir/CurlTests.c.o
/usr/bin/gcc   -w -DHAVE_SETSOCKOPT_SO_NONBLOCK  -DHAVE_STDIO_H -DHAVE_INTTYPES_H -DHAVE_SYS_IOCTL_H -DHAVE_SYS_PARAM_H -DHAVE_SYS_POLL_H -DHAVE_SYS_RESOURCE_H -DHAVE_SYS_SELECT_H -DHAVE_SYS_SOCKET_H -DHAVE_SYS_STAT_H -DHAVE_SYS_TIME_H -DHAVE_SYS_TYPES_H -DHAVE_SYS_UIO_H -DHAVE_SYS_UN_H -DHAVE_SYS_XATTR_H -DHAVE_ALLOCA_H -DHAVE_ARPA_INET_H -DHAVE_ARPA_TFTP_H -DHAVE_ASSERT_H -DHAVE_ERRNO_H -DHAVE_FCNTL_H -DHAVE_IFADDRS_H -DHAVE_LIBGEN_H -DHAVE_LOCALE_H -DHAVE_NET_IF_H -DHAVE_NETDB_H -DHAVE_NETINET_IN_H -DHAVE_NETINET_TCP_H -DHAVE_POLL_H -DHAVE_PWD_H -DHAVE_SETJMP_H -DHAVE_SIGNAL_H -DHAVE_STDBOOL_H -DHAVE_STDINT_H -DHAVE_STDIO_H -DHAVE_STDLIB_H -DHAVE_STRING_H -DHAVE_STRINGS_H -DHAVE_STROPTS_H -DHAVE_TERMIO_H -DHAVE_TERMIOS_H -DHAVE_TIME_H -DHAVE_UNISTD_H -DHAVE_UTIME_H -DHAVE_STDDEF_H -DHAVE_DLFCN_H -DHAVE_MALLOC_H -DHAVE_MEMORY_H -DHAVE_NETINET_IF_ETHER_H -DHAVE_STDINT_H -DHAVE_SYS_UTSNAME_H -o CMakeFiles/cmTC_0e3ce.dir/CurlTests.c.o -c /home/xin/tools/cmake-3.23.2/Utilities/cmcurl/CMake/CurlTests.c
/home/xin/tools/cmake-3.23.2/Utilities/cmcurl/CMake/CurlTests.c: In function ‘main’:
/home/xin/tools/cmake-3.23.2/Utilities/cmcurl/CMake/CurlTests.c:404:43: error: ‘SO_NONBLOCK’ undeclared (first use in this function); did you mean ‘SOCK_NONBLOCK’?
         if(0 != setsockopt(0, SOL_SOCKET, SO_NONBLOCK, 0, 0))
                                           ^~~~~~~~~~~
                                           SOCK_NONBLOCK
/home/xin/tools/cmake-3.23.2/Utilities/cmcurl/CMake/CurlTests.c:404:43: note: each undeclared identifier is reported only once for each function it appears in
CMakeFiles/cmTC_0e3ce.dir/build.make:77: recipe for target 'CMakeFiles/cmTC_0e3ce.dir/CurlTests.c.o' failed
make[1]: *** [CMakeFiles/cmTC_0e3ce.dir/CurlTests.c.o] Error 1
make[1]: 离开目录“/home/xin/tools/cmake-3.23.2/CMakeFiles/CMakeTmp”
Makefile:127: recipe for target 'cmTC_0e3ce/fast' failed
make: *** [cmTC_0e3ce/fast] Error 2


Performing Curl Test HAVE_O_NONBLOCK failed with the following output:
Change Dir: /home/xin/tools/cmake-3.23.2/CMakeFiles/CMakeTmp

Run Build Command(s):/usr/bin/make -f Makefile cmTC_b31b4/fast && make  -f CMakeFiles/cmTC_b31b4.dir/build.make CMakeFiles/cmTC_b31b4.dir/build
make[1]: 进入目录“/home/xin/tools/cmake-3.23.2/CMakeFiles/CMakeTmp”
Building C object CMakeFiles/cmTC_b31b4.dir/CurlTests.c.o
/usr/bin/gcc   -w -DHAVE_O_NONBLOCK  -DHAVE_STDIO_H -DHAVE_INTTYPES_H -DHAVE_SYS_IOCTL_H -DHAVE_SYS_PARAM_H -DHAVE_SYS_POLL_H -DHAVE_SYS_RESOURCE_H -DHAVE_SYS_SELECT_H -DHAVE_SYS_SOCKET_H -DHAVE_SYS_STAT_H -DHAVE_SYS_TIME_H -DHAVE_SYS_TYPES_H -DHAVE_SYS_UIO_H -DHAVE_SYS_UN_H -DHAVE_SYS_XATTR_H -DHAVE_ALLOCA_H -DHAVE_ARPA_INET_H -DHAVE_ARPA_TFTP_H -DHAVE_ASSERT_H -DHAVE_ERRNO_H -DHAVE_FCNTL_H -DHAVE_IFADDRS_H -DHAVE_LIBGEN_H -DHAVE_LOCALE_H -DHAVE_NET_IF_H -DHAVE_NETDB_H -DHAVE_NETINET_IN_H -DHAVE_NETINET_TCP_H -DHAVE_POLL_H -DHAVE_PWD_H -DHAVE_SETJMP_H -DHAVE_SIGNAL_H -DHAVE_STDBOOL_H -DHAVE_STDINT_H -DHAVE_STDIO_H -DHAVE_STDLIB_H -DHAVE_STRING_H -DHAVE_STRINGS_H -DHAVE_STROPTS_H -DHAVE_TERMIO_H -DHAVE_TERMIOS_H -DHAVE_TIME_H -DHAVE_UNISTD_H -DHAVE_UTIME_H -DHAVE_STDDEF_H -DHAVE_DLFCN_H -DHAVE_MALLOC_H -DHAVE_MEMORY_H -DHAVE_NETINET_IF_ETHER_H -DHAVE_STDINT_H -DHAVE_SYS_UTSNAME_H -o CMakeFiles/cmTC_b31b4.dir/CurlTests.c.o -c /home/xin/tools/cmake-3.23.2/Utilities/cmcurl/CMake/CurlTests.c
Linking C executable cmTC_b31b4
/home/xin/tools/cmake-3.23.2/Bootstrap.cmk/cmake -E cmake_link_script CMakeFiles/cmTC_b31b4.dir/link.txt --verbose=1
/usr/bin/gcc  -w -DHAVE_O_NONBLOCK  -DHAVE_STDIO_H -DHAVE_INTTYPES_H -DHAVE_SYS_IOCTL_H -DHAVE_SYS_PARAM_H -DHAVE_SYS_POLL_H -DHAVE_SYS_RESOURCE_H -DHAVE_SYS_SELECT_H -DHAVE_SYS_SOCKET_H -DHAVE_SYS_STAT_H -DHAVE_SYS_TIME_H -DHAVE_SYS_TYPES_H -DHAVE_SYS_UIO_H -DHAVE_SYS_UN_H -DHAVE_SYS_XATTR_H -DHAVE_ALLOCA_H -DHAVE_ARPA_INET_H -DHAVE_ARPA_TFTP_H -DHAVE_ASSERT_H -DHAVE_ERRNO_H -DHAVE_FCNTL_H -DHAVE_IFADDRS_H -DHAVE_LIBGEN_H -DHAVE_LOCALE_H -DHAVE_NET_IF_H -DHAVE_NETDB_H -DHAVE_NETINET_IN_H -DHAVE_NETINET_TCP_H -DHAVE_POLL_H -DHAVE_PWD_H -DHAVE_SETJMP_H -DHAVE_SIGNAL_H -DHAVE_STDBOOL_H -DHAVE_STDINT_H -DHAVE_STDIO_H -DHAVE_STDLIB_H -DHAVE_STRING_H -DHAVE_STRINGS_H -DHAVE_STROPTS_H -DHAVE_TERMIO_H -DHAVE_TERMIOS_H -DHAVE_TIME_H -DHAVE_UNISTD_H -DHAVE_UTIME_H -DHAVE_STDDEF_H -DHAVE_DLFCN_H -DHAVE_MALLOC_H -DHAVE_MEMORY_H -DHAVE_NETINET_IF_ETHER_H -DHAVE_STDINT_H -DHAVE_SYS_UTSNAME_H CMakeFiles/cmTC_b31b4.dir/CurlTests.c.o -o cmTC_b31b4 
/usr/lib/gcc/x86_64-linux-gnu/7/../../../x86_64-linux-gnu/Scrt1.o：在函数‘_start’中：
(.text+0x20)：对‘main’未定义的引用
collect2: error: ld returned 1 exit status
CMakeFiles/cmTC_b31b4.dir/build.make:98: recipe for target 'cmTC_b31b4' failed
make[1]: *** [cmTC_b31b4] Error 1
make[1]: 离开目录“/home/xin/tools/cmake-3.23.2/CMakeFiles/CMakeTmp”
Makefile:127: recipe for target 'cmTC_b31b4/fast' failed
make: *** [cmTC_b31b4/fast] Error 2


Performing Curl Test HAVE_GETHOSTBYNAME_R_3 failed with the following output:
Change Dir: /home/xin/tools/cmake-3.23.2/CMakeFiles/CMakeTmp

Run Build Command(s):/usr/bin/make -f Makefile cmTC_c89fc/fast && make  -f CMakeFiles/cmTC_c89fc.dir/build.make CMakeFiles/cmTC_c89fc.dir/build
make[1]: 进入目录“/home/xin/tools/cmake-3.23.2/CMakeFiles/CMakeTmp”
Building C object CMakeFiles/cmTC_c89fc.dir/CurlTests.c.o
/usr/bin/gcc   -w -DHAVE_GETHOSTBYNAME_R_3  -DHAVE_STDIO_H -DHAVE_INTTYPES_H -DHAVE_SYS_IOCTL_H -DHAVE_SYS_PARAM_H -DHAVE_SYS_POLL_H -DHAVE_SYS_RESOURCE_H -DHAVE_SYS_SELECT_H -DHAVE_SYS_SOCKET_H -DHAVE_SYS_STAT_H -DHAVE_SYS_TIME_H -DHAVE_SYS_TYPES_H -DHAVE_SYS_UIO_H -DHAVE_SYS_UN_H -DHAVE_SYS_XATTR_H -DHAVE_ALLOCA_H -DHAVE_ARPA_INET_H -DHAVE_ARPA_TFTP_H -DHAVE_ASSERT_H -DHAVE_ERRNO_H -DHAVE_FCNTL_H -DHAVE_IFADDRS_H -DHAVE_LIBGEN_H -DHAVE_LOCALE_H -DHAVE_NET_IF_H -DHAVE_NETDB_H -DHAVE_NETINET_IN_H -DHAVE_NETINET_TCP_H -DHAVE_POLL_H -DHAVE_PWD_H -DHAVE_SETJMP_H -DHAVE_SIGNAL_H -DHAVE_STDBOOL_H -DHAVE_STDINT_H -DHAVE_STDIO_H -DHAVE_STDLIB_H -DHAVE_STRING_H -DHAVE_STRINGS_H -DHAVE_STROPTS_H -DHAVE_TERMIO_H -DHAVE_TERMIOS_H -DHAVE_TIME_H -DHAVE_UNISTD_H -DHAVE_UTIME_H -DHAVE_STDDEF_H -DHAVE_DLFCN_H -DHAVE_MALLOC_H -DHAVE_MEMORY_H -DHAVE_NETINET_IF_ETHER_H -DHAVE_STDINT_H -DHAVE_SYS_UTSNAME_H -o CMakeFiles/cmTC_c89fc.dir/CurlTests.c.o -c /home/xin/tools/cmake-3.23.2/Utilities/cmcurl/CMake/CurlTests.c
/home/xin/tools/cmake-3.23.2/Utilities/cmcurl/CMake/CurlTests.c: In function ‘main’:
/home/xin/tools/cmake-3.23.2/Utilities/cmcurl/CMake/CurlTests.c:97:23: error: storage size of ‘hdata’ isn’t known
   struct hostent_data hdata;
                       ^~~~~
/home/xin/tools/cmake-3.23.2/Utilities/cmcurl/CMake/CurlTests.c:109:8: error: too few arguments to function ‘gethostbyname_r’
   rc = gethostbyname_r(address, &h, &hdata);
        ^~~~~~~~~~~~~~~
In file included from /home/xin/tools/cmake-3.23.2/Utilities/cmcurl/CMake/CurlTests.c:87:0:
/usr/include/netdb.h:177:12: note: declared here
 extern int gethostbyname_r (const char *__restrict __name,
            ^~~~~~~~~~~~~~~
CMakeFiles/cmTC_c89fc.dir/build.make:77: recipe for target 'CMakeFiles/cmTC_c89fc.dir/CurlTests.c.o' failed
make[1]: *** [CMakeFiles/cmTC_c89fc.dir/CurlTests.c.o] Error 1
make[1]: 离开目录“/home/xin/tools/cmake-3.23.2/CMakeFiles/CMakeTmp”
Makefile:127: recipe for target 'cmTC_c89fc/fast' failed
make: *** [cmTC_c89fc/fast] Error 2


Performing Curl Test HAVE_GETHOSTBYNAME_R_5 failed with the following output:
Change Dir: /home/xin/tools/cmake-3.23.2/CMakeFiles/CMakeTmp

Run Build Command(s):/usr/bin/make -f Makefile cmTC_dc640/fast && make  -f CMakeFiles/cmTC_dc640.dir/build.make CMakeFiles/cmTC_dc640.dir/build
make[1]: 进入目录“/home/xin/tools/cmake-3.23.2/CMakeFiles/CMakeTmp”
Building C object CMakeFiles/cmTC_dc640.dir/CurlTests.c.o
/usr/bin/gcc   -w -DHAVE_GETHOSTBYNAME_R_5  -DHAVE_STDIO_H -DHAVE_INTTYPES_H -DHAVE_SYS_IOCTL_H -DHAVE_SYS_PARAM_H -DHAVE_SYS_POLL_H -DHAVE_SYS_RESOURCE_H -DHAVE_SYS_SELECT_H -DHAVE_SYS_SOCKET_H -DHAVE_SYS_STAT_H -DHAVE_SYS_TIME_H -DHAVE_SYS_TYPES_H -DHAVE_SYS_UIO_H -DHAVE_SYS_UN_H -DHAVE_SYS_XATTR_H -DHAVE_ALLOCA_H -DHAVE_ARPA_INET_H -DHAVE_ARPA_TFTP_H -DHAVE_ASSERT_H -DHAVE_ERRNO_H -DHAVE_FCNTL_H -DHAVE_IFADDRS_H -DHAVE_LIBGEN_H -DHAVE_LOCALE_H -DHAVE_NET_IF_H -DHAVE_NETDB_H -DHAVE_NETINET_IN_H -DHAVE_NETINET_TCP_H -DHAVE_POLL_H -DHAVE_PWD_H -DHAVE_SETJMP_H -DHAVE_SIGNAL_H -DHAVE_STDBOOL_H -DHAVE_STDINT_H -DHAVE_STDIO_H -DHAVE_STDLIB_H -DHAVE_STRING_H -DHAVE_STRINGS_H -DHAVE_STROPTS_H -DHAVE_TERMIO_H -DHAVE_TERMIOS_H -DHAVE_TIME_H -DHAVE_UNISTD_H -DHAVE_UTIME_H -DHAVE_STDDEF_H -DHAVE_DLFCN_H -DHAVE_MALLOC_H -DHAVE_MEMORY_H -DHAVE_NETINET_IF_ETHER_H -DHAVE_STDINT_H -DHAVE_SYS_UTSNAME_H -o CMakeFiles/cmTC_dc640.dir/CurlTests.c.o -c /home/xin/tools/cmake-3.23.2/Utilities/cmcurl/CMake/CurlTests.c
/home/xin/tools/cmake-3.23.2/Utilities/cmcurl/CMake/CurlTests.c: In function ‘main’:
/home/xin/tools/cmake-3.23.2/Utilities/cmcurl/CMake/CurlTests.c:112:8: error: too few arguments to function ‘gethostbyname_r’
   rc = gethostbyname_r(address, &h, buffer, 8192, &h_errnop);
        ^~~~~~~~~~~~~~~
In file included from /home/xin/tools/cmake-3.23.2/Utilities/cmcurl/CMake/CurlTests.c:87:0:
/usr/include/netdb.h:177:12: note: declared here
 extern int gethostbyname_r (const char *__restrict __name,
            ^~~~~~~~~~~~~~~
CMakeFiles/cmTC_dc640.dir/build.make:77: recipe for target 'CMakeFiles/cmTC_dc640.dir/CurlTests.c.o' failed
make[1]: *** [CMakeFiles/cmTC_dc640.dir/CurlTests.c.o] Error 1
make[1]: 离开目录“/home/xin/tools/cmake-3.23.2/CMakeFiles/CMakeTmp”
Makefile:127: recipe for target 'cmTC_dc640/fast' failed
make: *** [cmTC_dc640/fast] Error 2


Performing Curl Test HAVE_GETHOSTBYNAME_R_3_REENTRANT failed with the following output:
Change Dir: /home/xin/tools/cmake-3.23.2/CMakeFiles/CMakeTmp

Run Build Command(s):/usr/bin/make -f Makefile cmTC_7ea49/fast && make  -f CMakeFiles/cmTC_7ea49.dir/build.make CMakeFiles/cmTC_7ea49.dir/build
make[1]: 进入目录“/home/xin/tools/cmake-3.23.2/CMakeFiles/CMakeTmp”
Building C object CMakeFiles/cmTC_7ea49.dir/CurlTests.c.o
/usr/bin/gcc   -w -DHAVE_GETHOSTBYNAME_R_3_REENTRANT  -DHAVE_STDIO_H -DHAVE_INTTYPES_H -DHAVE_SYS_IOCTL_H -DHAVE_SYS_PARAM_H -DHAVE_SYS_POLL_H -DHAVE_SYS_RESOURCE_H -DHAVE_SYS_SELECT_H -DHAVE_SYS_SOCKET_H -DHAVE_SYS_STAT_H -DHAVE_SYS_TIME_H -DHAVE_SYS_TYPES_H -DHAVE_SYS_UIO_H -DHAVE_SYS_UN_H -DHAVE_SYS_XATTR_H -DHAVE_ALLOCA_H -DHAVE_ARPA_INET_H -DHAVE_ARPA_TFTP_H -DHAVE_ASSERT_H -DHAVE_ERRNO_H -DHAVE_FCNTL_H -DHAVE_IFADDRS_H -DHAVE_LIBGEN_H -DHAVE_LOCALE_H -DHAVE_NET_IF_H -DHAVE_NETDB_H -DHAVE_NETINET_IN_H -DHAVE_NETINET_TCP_H -DHAVE_POLL_H -DHAVE_PWD_H -DHAVE_SETJMP_H -DHAVE_SIGNAL_H -DHAVE_STDBOOL_H -DHAVE_STDINT_H -DHAVE_STDIO_H -DHAVE_STDLIB_H -DHAVE_STRING_H -DHAVE_STRINGS_H -DHAVE_STROPTS_H -DHAVE_TERMIO_H -DHAVE_TERMIOS_H -DHAVE_TIME_H -DHAVE_UNISTD_H -DHAVE_UTIME_H -DHAVE_STDDEF_H -DHAVE_DLFCN_H -DHAVE_MALLOC_H -DHAVE_MEMORY_H -DHAVE_NETINET_IF_ETHER_H -DHAVE_STDINT_H -DHAVE_SYS_UTSNAME_H -o CMakeFiles/cmTC_7ea49.dir/CurlTests.c.o -c /home/xin/tools/cmake-3.23.2/Utilities/cmcurl/CMake/CurlTests.c
/home/xin/tools/cmake-3.23.2/Utilities/cmcurl/CMake/CurlTests.c: In function ‘main’:
/home/xin/tools/cmake-3.23.2/Utilities/cmcurl/CMake/CurlTests.c:97:23: error: storage size of ‘hdata’ isn’t known
   struct hostent_data hdata;
                       ^~~~~
/home/xin/tools/cmake-3.23.2/Utilities/cmcurl/CMake/CurlTests.c:109:8: error: too few arguments to function ‘gethostbyname_r’
   rc = gethostbyname_r(address, &h, &hdata);
        ^~~~~~~~~~~~~~~
In file included from /home/xin/tools/cmake-3.23.2/Utilities/cmcurl/CMake/CurlTests.c:87:0:
/usr/include/netdb.h:177:12: note: declared here
 extern int gethostbyname_r (const char *__restrict __name,
            ^~~~~~~~~~~~~~~
CMakeFiles/cmTC_7ea49.dir/build.make:77: recipe for target 'CMakeFiles/cmTC_7ea49.dir/CurlTests.c.o' failed
make[1]: *** [CMakeFiles/cmTC_7ea49.dir/CurlTests.c.o] Error 1
make[1]: 离开目录“/home/xin/tools/cmake-3.23.2/CMakeFiles/CMakeTmp”
Makefile:127: recipe for target 'cmTC_7ea49/fast' failed
make: *** [cmTC_7ea49/fast] Error 2


Performing Curl Test HAVE_GETHOSTBYNAME_R_5_REENTRANT failed with the following output:
Change Dir: /home/xin/tools/cmake-3.23.2/CMakeFiles/CMakeTmp

Run Build Command(s):/usr/bin/make -f Makefile cmTC_d3fb0/fast && make  -f CMakeFiles/cmTC_d3fb0.dir/build.make CMakeFiles/cmTC_d3fb0.dir/build
make[1]: 进入目录“/home/xin/tools/cmake-3.23.2/CMakeFiles/CMakeTmp”
Building C object CMakeFiles/cmTC_d3fb0.dir/CurlTests.c.o
/usr/bin/gcc   -w -DHAVE_GETHOSTBYNAME_R_5_REENTRANT  -DHAVE_STDIO_H -DHAVE_INTTYPES_H -DHAVE_SYS_IOCTL_H -DHAVE_SYS_PARAM_H -DHAVE_SYS_POLL_H -DHAVE_SYS_RESOURCE_H -DHAVE_SYS_SELECT_H -DHAVE_SYS_SOCKET_H -DHAVE_SYS_STAT_H -DHAVE_SYS_TIME_H -DHAVE_SYS_TYPES_H -DHAVE_SYS_UIO_H -DHAVE_SYS_UN_H -DHAVE_SYS_XATTR_H -DHAVE_ALLOCA_H -DHAVE_ARPA_INET_H -DHAVE_ARPA_TFTP_H -DHAVE_ASSERT_H -DHAVE_ERRNO_H -DHAVE_FCNTL_H -DHAVE_IFADDRS_H -DHAVE_LIBGEN_H -DHAVE_LOCALE_H -DHAVE_NET_IF_H -DHAVE_NETDB_H -DHAVE_NETINET_IN_H -DHAVE_NETINET_TCP_H -DHAVE_POLL_H -DHAVE_PWD_H -DHAVE_SETJMP_H -DHAVE_SIGNAL_H -DHAVE_STDBOOL_H -DHAVE_STDINT_H -DHAVE_STDIO_H -DHAVE_STDLIB_H -DHAVE_STRING_H -DHAVE_STRINGS_H -DHAVE_STROPTS_H -DHAVE_TERMIO_H -DHAVE_TERMIOS_H -DHAVE_TIME_H -DHAVE_UNISTD_H -DHAVE_UTIME_H -DHAVE_STDDEF_H -DHAVE_DLFCN_H -DHAVE_MALLOC_H -DHAVE_MEMORY_H -DHAVE_NETINET_IF_ETHER_H -DHAVE_STDINT_H -DHAVE_SYS_UTSNAME_H -o CMakeFiles/cmTC_d3fb0.dir/CurlTests.c.o -c /home/xin/tools/cmake-3.23.2/Utilities/cmcurl/CMake/CurlTests.c
/home/xin/tools/cmake-3.23.2/Utilities/cmcurl/CMake/CurlTests.c: In function ‘main’:
/home/xin/tools/cmake-3.23.2/Utilities/cmcurl/CMake/CurlTests.c:112:8: error: too few arguments to function ‘gethostbyname_r’
   rc = gethostbyname_r(address, &h, buffer, 8192, &h_errnop);
        ^~~~~~~~~~~~~~~
In file included from /home/xin/tools/cmake-3.23.2/Utilities/cmcurl/CMake/CurlTests.c:87:0:
/usr/include/netdb.h:177:12: note: declared here
 extern int gethostbyname_r (const char *__restrict __name,
            ^~~~~~~~~~~~~~~
CMakeFiles/cmTC_d3fb0.dir/build.make:77: recipe for target 'CMakeFiles/cmTC_d3fb0.dir/CurlTests.c.o' failed
make[1]: *** [CMakeFiles/cmTC_d3fb0.dir/CurlTests.c.o] Error 1
make[1]: 离开目录“/home/xin/tools/cmake-3.23.2/CMakeFiles/CMakeTmp”
Makefile:127: recipe for target 'cmTC_d3fb0/fast' failed
make: *** [cmTC_d3fb0/fast] Error 2


Performing Curl Test HAVE_GLIBC_STRERROR_R failed with the following output:
Change Dir: /home/xin/tools/cmake-3.23.2/CMakeFiles/CMakeTmp

Run Build Command(s):/usr/bin/make -f Makefile cmTC_52cdb/fast && make  -f CMakeFiles/cmTC_52cdb.dir/build.make CMakeFiles/cmTC_52cdb.dir/build
make[1]: 进入目录“/home/xin/tools/cmake-3.23.2/CMakeFiles/CMakeTmp”
Building C object CMakeFiles/cmTC_52cdb.dir/CurlTests.c.o
/usr/bin/gcc   -w -DHAVE_GLIBC_STRERROR_R  -DHAVE_STDIO_H -DHAVE_INTTYPES_H -DHAVE_SYS_IOCTL_H -DHAVE_SYS_PARAM_H -DHAVE_SYS_POLL_H -DHAVE_SYS_RESOURCE_H -DHAVE_SYS_SELECT_H -DHAVE_SYS_SOCKET_H -DHAVE_SYS_STAT_H -DHAVE_SYS_TIME_H -DHAVE_SYS_TYPES_H -DHAVE_SYS_UIO_H -DHAVE_SYS_UN_H -DHAVE_SYS_XATTR_H -DHAVE_ALLOCA_H -DHAVE_ARPA_INET_H -DHAVE_ARPA_TFTP_H -DHAVE_ASSERT_H -DHAVE_ERRNO_H -DHAVE_FCNTL_H -DHAVE_IFADDRS_H -DHAVE_LIBGEN_H -DHAVE_LOCALE_H -DHAVE_NET_IF_H -DHAVE_NETDB_H -DHAVE_NETINET_IN_H -DHAVE_NETINET_TCP_H -DHAVE_POLL_H -DHAVE_PWD_H -DHAVE_SETJMP_H -DHAVE_SIGNAL_H -DHAVE_STDBOOL_H -DHAVE_STDINT_H -DHAVE_STDIO_H -DHAVE_STDLIB_H -DHAVE_STRING_H -DHAVE_STRINGS_H -DHAVE_STROPTS_H -DHAVE_TERMIO_H -DHAVE_TERMIOS_H -DHAVE_TIME_H -DHAVE_UNISTD_H -DHAVE_UTIME_H -DHAVE_STDDEF_H -DHAVE_DLFCN_H -DHAVE_MALLOC_H -DHAVE_MEMORY_H -DHAVE_NETINET_IF_ETHER_H -DHAVE_STDINT_H -DHAVE_SYS_UTSNAME_H -o CMakeFiles/cmTC_52cdb.dir/CurlTests.c.o -c /home/xin/tools/cmake-3.23.2/Utilities/cmcurl/CMake/CurlTests.c
/home/xin/tools/cmake-3.23.2/Utilities/cmcurl/CMake/CurlTests.c: In function ‘main’:
/home/xin/tools/cmake-3.23.2/Utilities/cmcurl/CMake/CurlTests.c:420:51: error: subscripted value is neither array nor pointer nor vector
   check(strerror_r(EACCES, buffer, sizeof(buffer))[0]);
                                                   ^
CMakeFiles/cmTC_52cdb.dir/build.make:77: recipe for target 'CMakeFiles/cmTC_52cdb.dir/CurlTests.c.o' failed
make[1]: *** [CMakeFiles/cmTC_52cdb.dir/CurlTests.c.o] Error 1
make[1]: 离开目录“/home/xin/tools/cmake-3.23.2/CMakeFiles/CMakeTmp”
Makefile:127: recipe for target 'cmTC_52cdb/fast' failed
make: *** [cmTC_52cdb/fast] Error 2


Performing Curl Test HAVE_BUILTIN_AVAILABLE failed with the following output:
Change Dir: /home/xin/tools/cmake-3.23.2/CMakeFiles/CMakeTmp

Run Build Command(s):/usr/bin/make -f Makefile cmTC_d096b/fast && make  -f CMakeFiles/cmTC_d096b.dir/build.make CMakeFiles/cmTC_d096b.dir/build
make[1]: 进入目录“/home/xin/tools/cmake-3.23.2/CMakeFiles/CMakeTmp”
Building C object CMakeFiles/cmTC_d096b.dir/CurlTests.c.o
/usr/bin/gcc   -w -DHAVE_BUILTIN_AVAILABLE  -DHAVE_STDIO_H -DHAVE_INTTYPES_H -DHAVE_SYS_IOCTL_H -DHAVE_SYS_PARAM_H -DHAVE_SYS_POLL_H -DHAVE_SYS_RESOURCE_H -DHAVE_SYS_SELECT_H -DHAVE_SYS_SOCKET_H -DHAVE_SYS_STAT_H -DHAVE_SYS_TIME_H -DHAVE_SYS_TYPES_H -DHAVE_SYS_UIO_H -DHAVE_SYS_UN_H -DHAVE_SYS_XATTR_H -DHAVE_ALLOCA_H -DHAVE_ARPA_INET_H -DHAVE_ARPA_TFTP_H -DHAVE_ASSERT_H -DHAVE_ERRNO_H -DHAVE_FCNTL_H -DHAVE_IFADDRS_H -DHAVE_LIBGEN_H -DHAVE_LOCALE_H -DHAVE_NET_IF_H -DHAVE_NETDB_H -DHAVE_NETINET_IN_H -DHAVE_NETINET_TCP_H -DHAVE_POLL_H -DHAVE_PWD_H -DHAVE_SETJMP_H -DHAVE_SIGNAL_H -DHAVE_STDBOOL_H -DHAVE_STDINT_H -DHAVE_STDIO_H -DHAVE_STDLIB_H -DHAVE_STRING_H -DHAVE_STRINGS_H -DHAVE_STROPTS_H -DHAVE_TERMIO_H -DHAVE_TERMIOS_H -DHAVE_TIME_H -DHAVE_UNISTD_H -DHAVE_UTIME_H -DHAVE_STDDEF_H -DHAVE_DLFCN_H -DHAVE_MALLOC_H -DHAVE_MEMORY_H -DHAVE_NETINET_IF_ETHER_H -DHAVE_STDINT_H -DHAVE_SYS_UTSNAME_H -o CMakeFiles/cmTC_d096b.dir/CurlTests.c.o -c /home/xin/tools/cmake-3.23.2/Utilities/cmcurl/CMake/CurlTests.c
/home/xin/tools/cmake-3.23.2/Utilities/cmcurl/CMake/CurlTests.c: In function ‘main’:
/home/xin/tools/cmake-3.23.2/Utilities/cmcurl/CMake/CurlTests.c:467:26: error: ‘macOS’ undeclared (first use in this function)
   if(__builtin_available(macOS 10.12, *)) {}
                          ^~~~~
/home/xin/tools/cmake-3.23.2/Utilities/cmcurl/CMake/CurlTests.c:467:26: note: each undeclared identifier is reported only once for each function it appears in
/home/xin/tools/cmake-3.23.2/Utilities/cmcurl/CMake/CurlTests.c:467:32: error: expected ‘)’ before numeric constant
   if(__builtin_available(macOS 10.12, *)) {}
                                ^~~~~
CMakeFiles/cmTC_d096b.dir/build.make:77: recipe for target 'CMakeFiles/cmTC_d096b.dir/CurlTests.c.o' failed
make[1]: *** [CMakeFiles/cmTC_d096b.dir/CurlTests.c.o] Error 1
make[1]: 离开目录“/home/xin/tools/cmake-3.23.2/CMakeFiles/CMakeTmp”
Makefile:127: recipe for target 'cmTC_d096b/fast' failed
make: *** [cmTC_d096b/fast] Error 2


Determining if the arc4random_buf exist failed with the following output:
Change Dir: /home/xin/tools/cmake-3.23.2/CMakeFiles/CMakeTmp

Run Build Command(s):/usr/bin/make -f Makefile cmTC_32683/fast && make  -f CMakeFiles/cmTC_32683.dir/build.make CMakeFiles/cmTC_32683.dir/build
make[1]: 进入目录“/home/xin/tools/cmake-3.23.2/CMakeFiles/CMakeTmp”
Building C object CMakeFiles/cmTC_32683.dir/CheckSymbolExists.c.o
/usr/bin/gcc   -w  -o CMakeFiles/cmTC_32683.dir/CheckSymbolExists.c.o -c /home/xin/tools/cmake-3.23.2/CMakeFiles/CMakeTmp/CheckSymbolExists.c
/home/xin/tools/cmake-3.23.2/CMakeFiles/CMakeTmp/CheckSymbolExists.c: In function ‘main’:
/home/xin/tools/cmake-3.23.2/CMakeFiles/CMakeTmp/CheckSymbolExists.c:8:19: error: ‘arc4random_buf’ undeclared (first use in this function); did you mean ‘srandom_r’?
   return ((int*)(&arc4random_buf))[argc];
                   ^~~~~~~~~~~~~~
                   srandom_r
/home/xin/tools/cmake-3.23.2/CMakeFiles/CMakeTmp/CheckSymbolExists.c:8:19: note: each undeclared identifier is reported only once for each function it appears in
CMakeFiles/cmTC_32683.dir/build.make:77: recipe for target 'CMakeFiles/cmTC_32683.dir/CheckSymbolExists.c.o' failed
make[1]: *** [CMakeFiles/cmTC_32683.dir/CheckSymbolExists.c.o] Error 1
make[1]: 离开目录“/home/xin/tools/cmake-3.23.2/CMakeFiles/CMakeTmp”
Makefile:127: recipe for target 'cmTC_32683/fast' failed
make: *** [cmTC_32683/fast] Error 2


File /home/xin/tools/cmake-3.23.2/CMakeFiles/CMakeTmp/CheckSymbolExists.c:
/* */
#include <stdlib.h>

int main(int argc, char** argv)
{
  (void)argv;
#ifndef arc4random_buf
  return ((int*)(&arc4random_buf))[argc];
#else
  (void)argc;
  return 0;
#endif
}
Determining if the arc4random exist failed with the following output:
Change Dir: /home/xin/tools/cmake-3.23.2/CMakeFiles/CMakeTmp

Run Build Command(s):/usr/bin/make -f Makefile cmTC_b7f46/fast && make  -f CMakeFiles/cmTC_b7f46.dir/build.make CMakeFiles/cmTC_b7f46.dir/build
make[1]: 进入目录“/home/xin/tools/cmake-3.23.2/CMakeFiles/CMakeTmp”
Building C object CMakeFiles/cmTC_b7f46.dir/CheckSymbolExists.c.o
/usr/bin/gcc   -w  -o CMakeFiles/cmTC_b7f46.dir/CheckSymbolExists.c.o -c /home/xin/tools/cmake-3.23.2/CMakeFiles/CMakeTmp/CheckSymbolExists.c
/home/xin/tools/cmake-3.23.2/CMakeFiles/CMakeTmp/CheckSymbolExists.c: In function ‘main’:
/home/xin/tools/cmake-3.23.2/CMakeFiles/CMakeTmp/CheckSymbolExists.c:8:19: error: ‘arc4random’ undeclared (first use in this function); did you mean ‘srandom’?
   return ((int*)(&arc4random))[argc];
                   ^~~~~~~~~~
                   srandom
/home/xin/tools/cmake-3.23.2/CMakeFiles/CMakeTmp/CheckSymbolExists.c:8:19: note: each undeclared identifier is reported only once for each function it appears in
CMakeFiles/cmTC_b7f46.dir/build.make:77: recipe for target 'CMakeFiles/cmTC_b7f46.dir/CheckSymbolExists.c.o' failed
make[1]: *** [CMakeFiles/cmTC_b7f46.dir/CheckSymbolExists.c.o] Error 1
make[1]: 离开目录“/home/xin/tools/cmake-3.23.2/CMakeFiles/CMakeTmp”
Makefile:127: recipe for target 'cmTC_b7f46/fast' failed
make: *** [cmTC_b7f46/fast] Error 2


File /home/xin/tools/cmake-3.23.2/CMakeFiles/CMakeTmp/CheckSymbolExists.c:
/* */
#include <stdlib.h>

int main(int argc, char** argv)
{
  (void)argv;
#ifndef arc4random
  return ((int*)(&arc4random))[argc];
#else
  (void)argc;
  return 0;
#endif
}
Determining if files sys/types.h;ctype.h;copyfile.h exist failed with the following output:
Change Dir: /home/xin/tools/cmake-3.23.2/CMakeFiles/CMakeTmp

Run Build Command(s):/usr/bin/make -f Makefile cmTC_013dd/fast && make  -f CMakeFiles/cmTC_013dd.dir/build.make CMakeFiles/cmTC_013dd.dir/build
make[1]: 进入目录“/home/xin/tools/cmake-3.23.2/CMakeFiles/CMakeTmp”
Building C object CMakeFiles/cmTC_013dd.dir/HAVE_COPYFILE_H.c.o
/usr/bin/gcc   -w  -o CMakeFiles/cmTC_013dd.dir/HAVE_COPYFILE_H.c.o -c /home/xin/tools/cmake-3.23.2/CMakeFiles/CheckIncludeFiles/HAVE_COPYFILE_H.c
/home/xin/tools/cmake-3.23.2/CMakeFiles/CheckIncludeFiles/HAVE_COPYFILE_H.c:4:10: fatal error: copyfile.h: 没有那个文件或目录
 #include <copyfile.h>
          ^~~~~~~~~~~~
compilation terminated.
CMakeFiles/cmTC_013dd.dir/build.make:77: recipe for target 'CMakeFiles/cmTC_013dd.dir/HAVE_COPYFILE_H.c.o' failed
make[1]: *** [CMakeFiles/cmTC_013dd.dir/HAVE_COPYFILE_H.c.o] Error 1
make[1]: 离开目录“/home/xin/tools/cmake-3.23.2/CMakeFiles/CMakeTmp”
Makefile:127: recipe for target 'cmTC_013dd/fast' failed
make: *** [cmTC_013dd/fast] Error 2


Source:
/* */
#include <sys/types.h>
#include <ctype.h>
#include <copyfile.h>


int main(void){return 0;}

Determining if files sys/types.h;ctype.h;direct.h exist failed with the following output:
Change Dir: /home/xin/tools/cmake-3.23.2/CMakeFiles/CMakeTmp

Run Build Command(s):/usr/bin/make -f Makefile cmTC_9bffe/fast && make  -f CMakeFiles/cmTC_9bffe.dir/build.make CMakeFiles/cmTC_9bffe.dir/build
make[1]: 进入目录“/home/xin/tools/cmake-3.23.2/CMakeFiles/CMakeTmp”
Building C object CMakeFiles/cmTC_9bffe.dir/HAVE_DIRECT_H.c.o
/usr/bin/gcc   -w  -o CMakeFiles/cmTC_9bffe.dir/HAVE_DIRECT_H.c.o -c /home/xin/tools/cmake-3.23.2/CMakeFiles/CheckIncludeFiles/HAVE_DIRECT_H.c
/home/xin/tools/cmake-3.23.2/CMakeFiles/CheckIncludeFiles/HAVE_DIRECT_H.c:4:10: fatal error: direct.h: 没有那个文件或目录
 #include <direct.h>
          ^~~~~~~~~~
compilation terminated.
CMakeFiles/cmTC_9bffe.dir/build.make:77: recipe for target 'CMakeFiles/cmTC_9bffe.dir/HAVE_DIRECT_H.c.o' failed
make[1]: *** [CMakeFiles/cmTC_9bffe.dir/HAVE_DIRECT_H.c.o] Error 1
make[1]: 离开目录“/home/xin/tools/cmake-3.23.2/CMakeFiles/CMakeTmp”
Makefile:127: recipe for target 'cmTC_9bffe/fast' failed
make: *** [cmTC_9bffe/fast] Error 2


Source:
/* */
#include <sys/types.h>
#include <ctype.h>
#include <direct.h>


int main(void){return 0;}

Determining if files sys/types.h;ctype.h;dlfcn.h;errno.h;ext2fs/ext2_fs.h exist failed with the following output:
Change Dir: /home/xin/tools/cmake-3.23.2/CMakeFiles/CMakeTmp

Run Build Command(s):/usr/bin/make -f Makefile cmTC_eb50b/fast && make  -f CMakeFiles/cmTC_eb50b.dir/build.make CMakeFiles/cmTC_eb50b.dir/build
make[1]: 进入目录“/home/xin/tools/cmake-3.23.2/CMakeFiles/CMakeTmp”
Building C object CMakeFiles/cmTC_eb50b.dir/HAVE_EXT2FS_EXT2_FS_H.c.o
/usr/bin/gcc   -w  -o CMakeFiles/cmTC_eb50b.dir/HAVE_EXT2FS_EXT2_FS_H.c.o -c /home/xin/tools/cmake-3.23.2/CMakeFiles/CheckIncludeFiles/HAVE_EXT2FS_EXT2_FS_H.c
/home/xin/tools/cmake-3.23.2/CMakeFiles/CheckIncludeFiles/HAVE_EXT2FS_EXT2_FS_H.c:6:10: fatal error: ext2fs/ext2_fs.h: 没有那个文件或目录
 #include <ext2fs/ext2_fs.h>
          ^~~~~~~~~~~~~~~~~~
compilation terminated.
CMakeFiles/cmTC_eb50b.dir/build.make:77: recipe for target 'CMakeFiles/cmTC_eb50b.dir/HAVE_EXT2FS_EXT2_FS_H.c.o' failed
make[1]: *** [CMakeFiles/cmTC_eb50b.dir/HAVE_EXT2FS_EXT2_FS_H.c.o] Error 1
make[1]: 离开目录“/home/xin/tools/cmake-3.23.2/CMakeFiles/CMakeTmp”
Makefile:127: recipe for target 'cmTC_eb50b/fast' failed
make: *** [cmTC_eb50b/fast] Error 2


Source:
/* */
#include <sys/types.h>
#include <ctype.h>
#include <dlfcn.h>
#include <errno.h>
#include <ext2fs/ext2_fs.h>


int main(void){return 0;}

Performing C SOURCE FILE Test HAVE_WORKING_EXT2_IOC_GETFLAGS failed with the following output:
Change Dir: /home/xin/tools/cmake-3.23.2/CMakeFiles/CMakeTmp

Run Build Command(s):/usr/bin/make -f Makefile cmTC_a314c/fast && make  -f CMakeFiles/cmTC_a314c.dir/build.make CMakeFiles/cmTC_a314c.dir/build
make[1]: 进入目录“/home/xin/tools/cmake-3.23.2/CMakeFiles/CMakeTmp”
Building C object CMakeFiles/cmTC_a314c.dir/src.c.o
/usr/bin/gcc -DHAVE_WORKING_EXT2_IOC_GETFLAGS  -w  -o CMakeFiles/cmTC_a314c.dir/src.c.o -c /home/xin/tools/cmake-3.23.2/CMakeFiles/CMakeTmp/src.c
/home/xin/tools/cmake-3.23.2/CMakeFiles/CMakeTmp/src.c:2:10: fatal error: ext2fs/ext2_fs.h: 没有那个文件或目录
 #include <ext2fs/ext2_fs.h>
          ^~~~~~~~~~~~~~~~~~
compilation terminated.
CMakeFiles/cmTC_a314c.dir/build.make:77: recipe for target 'CMakeFiles/cmTC_a314c.dir/src.c.o' failed
make[1]: *** [CMakeFiles/cmTC_a314c.dir/src.c.o] Error 1
make[1]: 离开目录“/home/xin/tools/cmake-3.23.2/CMakeFiles/CMakeTmp”
Makefile:127: recipe for target 'cmTC_a314c/fast' failed
make: *** [cmTC_a314c/fast] Error 2


Source file was:
#include <sys/ioctl.h>
#include <ext2fs/ext2_fs.h>
int main(void) { return EXT2_IOC_GETFLAGS; }
Determining if files sys/types.h;ctype.h;dlfcn.h;errno.h;fcntl.h;grp.h;langinfo.h;limits.h;linux/types.h;linux/fiemap.h;linux/fs.h;linux/magic.h;locale.h;membership.h exist failed with the following output:
Change Dir: /home/xin/tools/cmake-3.23.2/CMakeFiles/CMakeTmp

Run Build Command(s):/usr/bin/make -f Makefile cmTC_da060/fast && make  -f CMakeFiles/cmTC_da060.dir/build.make CMakeFiles/cmTC_da060.dir/build
make[1]: 进入目录“/home/xin/tools/cmake-3.23.2/CMakeFiles/CMakeTmp”
Building C object CMakeFiles/cmTC_da060.dir/HAVE_MEMBERSHIP_H.c.o
/usr/bin/gcc   -w  -o CMakeFiles/cmTC_da060.dir/HAVE_MEMBERSHIP_H.c.o -c /home/xin/tools/cmake-3.23.2/CMakeFiles/CheckIncludeFiles/HAVE_MEMBERSHIP_H.c
/home/xin/tools/cmake-3.23.2/CMakeFiles/CheckIncludeFiles/HAVE_MEMBERSHIP_H.c:15:10: fatal error: membership.h: 没有那个文件或目录
 #include <membership.h>
          ^~~~~~~~~~~~~~
compilation terminated.
CMakeFiles/cmTC_da060.dir/build.make:77: recipe for target 'CMakeFiles/cmTC_da060.dir/HAVE_MEMBERSHIP_H.c.o' failed
make[1]: *** [CMakeFiles/cmTC_da060.dir/HAVE_MEMBERSHIP_H.c.o] Error 1
make[1]: 离开目录“/home/xin/tools/cmake-3.23.2/CMakeFiles/CMakeTmp”
Makefile:127: recipe for target 'cmTC_da060/fast' failed
make: *** [cmTC_da060/fast] Error 2


Source:
/* */
#include <sys/types.h>
#include <ctype.h>
#include <dlfcn.h>
#include <errno.h>
#include <fcntl.h>
#include <grp.h>
#include <langinfo.h>
#include <limits.h>
#include <linux/types.h>
#include <linux/fiemap.h>
#include <linux/fs.h>
#include <linux/magic.h>
#include <locale.h>
#include <membership.h>


int main(void){return 0;}

Determining if files sys/types.h;ctype.h;dlfcn.h;errno.h;fcntl.h;grp.h;langinfo.h;limits.h;linux/types.h;linux/fiemap.h;linux/fs.h;linux/magic.h;locale.h;memory.h;paths.h;poll.h;pthread.h;pwd.h;readpassphrase.h exist failed with the following output:
Change Dir: /home/xin/tools/cmake-3.23.2/CMakeFiles/CMakeTmp

Run Build Command(s):/usr/bin/make -f Makefile cmTC_c05fb/fast && make  -f CMakeFiles/cmTC_c05fb.dir/build.make CMakeFiles/cmTC_c05fb.dir/build
make[1]: 进入目录“/home/xin/tools/cmake-3.23.2/CMakeFiles/CMakeTmp”
Building C object CMakeFiles/cmTC_c05fb.dir/HAVE_READPASSPHRASE_H.c.o
/usr/bin/gcc   -w  -o CMakeFiles/cmTC_c05fb.dir/HAVE_READPASSPHRASE_H.c.o -c /home/xin/tools/cmake-3.23.2/CMakeFiles/CheckIncludeFiles/HAVE_READPASSPHRASE_H.c
/home/xin/tools/cmake-3.23.2/CMakeFiles/CheckIncludeFiles/HAVE_READPASSPHRASE_H.c:20:10: fatal error: readpassphrase.h: 没有那个文件或目录
 #include <readpassphrase.h>
          ^~~~~~~~~~~~~~~~~~
compilation terminated.
CMakeFiles/cmTC_c05fb.dir/build.make:77: recipe for target 'CMakeFiles/cmTC_c05fb.dir/HAVE_READPASSPHRASE_H.c.o' failed
make[1]: *** [CMakeFiles/cmTC_c05fb.dir/HAVE_READPASSPHRASE_H.c.o] Error 1
make[1]: 离开目录“/home/xin/tools/cmake-3.23.2/CMakeFiles/CMakeTmp”
Makefile:127: recipe for target 'cmTC_c05fb/fast' failed
make: *** [cmTC_c05fb/fast] Error 2


Source:
/* */
#include <sys/types.h>
#include <ctype.h>
#include <dlfcn.h>
#include <errno.h>
#include <fcntl.h>
#include <grp.h>
#include <langinfo.h>
#include <limits.h>
#include <linux/types.h>
#include <linux/fiemap.h>
#include <linux/fs.h>
#include <linux/magic.h>
#include <locale.h>
#include <memory.h>
#include <paths.h>
#include <poll.h>
#include <pthread.h>
#include <pwd.h>
#include <readpassphrase.h>


int main(void){return 0;}

Determining if files sys/types.h;ctype.h;dlfcn.h;errno.h;fcntl.h;grp.h;langinfo.h;limits.h;linux/types.h;linux/fiemap.h;linux/fs.h;linux/magic.h;locale.h;memory.h;paths.h;poll.h;pthread.h;pwd.h;regex.h;signal.h;spawn.h;stdarg.h;stdlib.h;string.h;strings.h;sys/acl.h exist failed with the following output:
Change Dir: /home/xin/tools/cmake-3.23.2/CMakeFiles/CMakeTmp

Run Build Command(s):/usr/bin/make -f Makefile cmTC_224a1/fast && make  -f CMakeFiles/cmTC_224a1.dir/build.make CMakeFiles/cmTC_224a1.dir/build
make[1]: 进入目录“/home/xin/tools/cmake-3.23.2/CMakeFiles/CMakeTmp”
Building C object CMakeFiles/cmTC_224a1.dir/HAVE_SYS_ACL_H.c.o
/usr/bin/gcc   -w  -o CMakeFiles/cmTC_224a1.dir/HAVE_SYS_ACL_H.c.o -c /home/xin/tools/cmake-3.23.2/CMakeFiles/CheckIncludeFiles/HAVE_SYS_ACL_H.c
/home/xin/tools/cmake-3.23.2/CMakeFiles/CheckIncludeFiles/HAVE_SYS_ACL_H.c:27:10: fatal error: sys/acl.h: 没有那个文件或目录
 #include <sys/acl.h>
          ^~~~~~~~~~~
compilation terminated.
CMakeFiles/cmTC_224a1.dir/build.make:77: recipe for target 'CMakeFiles/cmTC_224a1.dir/HAVE_SYS_ACL_H.c.o' failed
make[1]: *** [CMakeFiles/cmTC_224a1.dir/HAVE_SYS_ACL_H.c.o] Error 1
make[1]: 离开目录“/home/xin/tools/cmake-3.23.2/CMakeFiles/CMakeTmp”
Makefile:127: recipe for target 'cmTC_224a1/fast' failed
make: *** [cmTC_224a1/fast] Error 2


Source:
/* */
#include <sys/types.h>
#include <ctype.h>
#include <dlfcn.h>
#include <errno.h>
#include <fcntl.h>
#include <grp.h>
#include <langinfo.h>
#include <limits.h>
#include <linux/types.h>
#include <linux/fiemap.h>
#include <linux/fs.h>
#include <linux/magic.h>
#include <locale.h>
#include <memory.h>
#include <paths.h>
#include <poll.h>
#include <pthread.h>
#include <pwd.h>
#include <regex.h>
#include <signal.h>
#include <spawn.h>
#include <stdarg.h>
#include <stdlib.h>
#include <string.h>
#include <strings.h>
#include <sys/acl.h>


int main(void){return 0;}

Determining if files sys/types.h;ctype.h;dlfcn.h;errno.h;fcntl.h;grp.h;langinfo.h;limits.h;linux/types.h;linux/fiemap.h;linux/fs.h;linux/magic.h;locale.h;memory.h;paths.h;poll.h;pthread.h;pwd.h;regex.h;signal.h;spawn.h;stdarg.h;stdlib.h;string.h;strings.h;sys/cdefs.h;sys/extattr.h exist failed with the following output:
Change Dir: /home/xin/tools/cmake-3.23.2/CMakeFiles/CMakeTmp

Run Build Command(s):/usr/bin/make -f Makefile cmTC_4d406/fast && make  -f CMakeFiles/cmTC_4d406.dir/build.make CMakeFiles/cmTC_4d406.dir/build
make[1]: 进入目录“/home/xin/tools/cmake-3.23.2/CMakeFiles/CMakeTmp”
Building C object CMakeFiles/cmTC_4d406.dir/HAVE_SYS_EXTATTR_H.c.o
/usr/bin/gcc   -w  -o CMakeFiles/cmTC_4d406.dir/HAVE_SYS_EXTATTR_H.c.o -c /home/xin/tools/cmake-3.23.2/CMakeFiles/CheckIncludeFiles/HAVE_SYS_EXTATTR_H.c
/home/xin/tools/cmake-3.23.2/CMakeFiles/CheckIncludeFiles/HAVE_SYS_EXTATTR_H.c:28:10: fatal error: sys/extattr.h: 没有那个文件或目录
 #include <sys/extattr.h>
          ^~~~~~~~~~~~~~~
compilation terminated.
CMakeFiles/cmTC_4d406.dir/build.make:77: recipe for target 'CMakeFiles/cmTC_4d406.dir/HAVE_SYS_EXTATTR_H.c.o' failed
make[1]: *** [CMakeFiles/cmTC_4d406.dir/HAVE_SYS_EXTATTR_H.c.o] Error 1
make[1]: 离开目录“/home/xin/tools/cmake-3.23.2/CMakeFiles/CMakeTmp”
Makefile:127: recipe for target 'cmTC_4d406/fast' failed
make: *** [cmTC_4d406/fast] Error 2


Source:
/* */
#include <sys/types.h>
#include <ctype.h>
#include <dlfcn.h>
#include <errno.h>
#include <fcntl.h>
#include <grp.h>
#include <langinfo.h>
#include <limits.h>
#include <linux/types.h>
#include <linux/fiemap.h>
#include <linux/fs.h>
#include <linux/magic.h>
#include <locale.h>
#include <memory.h>
#include <paths.h>
#include <poll.h>
#include <pthread.h>
#include <pwd.h>
#include <regex.h>
#include <signal.h>
#include <spawn.h>
#include <stdarg.h>
#include <stdlib.h>
#include <string.h>
#include <strings.h>
#include <sys/cdefs.h>
#include <sys/extattr.h>


int main(void){return 0;}

Determining if files sys/types.h;ctype.h;dlfcn.h;errno.h;fcntl.h;grp.h;langinfo.h;limits.h;linux/types.h;linux/fiemap.h;linux/fs.h;linux/magic.h;locale.h;memory.h;paths.h;poll.h;pthread.h;pwd.h;regex.h;signal.h;spawn.h;stdarg.h;stdlib.h;string.h;strings.h;sys/cdefs.h;sys/ioctl.h;sys/mkdev.h exist failed with the following output:
Change Dir: /home/xin/tools/cmake-3.23.2/CMakeFiles/CMakeTmp

Run Build Command(s):/usr/bin/make -f Makefile cmTC_ec596/fast && make  -f CMakeFiles/cmTC_ec596.dir/build.make CMakeFiles/cmTC_ec596.dir/build
make[1]: 进入目录“/home/xin/tools/cmake-3.23.2/CMakeFiles/CMakeTmp”
Building C object CMakeFiles/cmTC_ec596.dir/HAVE_SYS_MKDEV_H.c.o
/usr/bin/gcc   -w  -o CMakeFiles/cmTC_ec596.dir/HAVE_SYS_MKDEV_H.c.o -c /home/xin/tools/cmake-3.23.2/CMakeFiles/CheckIncludeFiles/HAVE_SYS_MKDEV_H.c
/home/xin/tools/cmake-3.23.2/CMakeFiles/CheckIncludeFiles/HAVE_SYS_MKDEV_H.c:29:10: fatal error: sys/mkdev.h: 没有那个文件或目录
 #include <sys/mkdev.h>
          ^~~~~~~~~~~~~
compilation terminated.
CMakeFiles/cmTC_ec596.dir/build.make:77: recipe for target 'CMakeFiles/cmTC_ec596.dir/HAVE_SYS_MKDEV_H.c.o' failed
make[1]: *** [CMakeFiles/cmTC_ec596.dir/HAVE_SYS_MKDEV_H.c.o] Error 1
make[1]: 离开目录“/home/xin/tools/cmake-3.23.2/CMakeFiles/CMakeTmp”
Makefile:127: recipe for target 'cmTC_ec596/fast' failed
make: *** [cmTC_ec596/fast] Error 2


Source:
/* */
#include <sys/types.h>
#include <ctype.h>
#include <dlfcn.h>
#include <errno.h>
#include <fcntl.h>
#include <grp.h>
#include <langinfo.h>
#include <limits.h>
#include <linux/types.h>
#include <linux/fiemap.h>
#include <linux/fs.h>
#include <linux/magic.h>
#include <locale.h>
#include <memory.h>
#include <paths.h>
#include <poll.h>
#include <pthread.h>
#include <pwd.h>
#include <regex.h>
#include <signal.h>
#include <spawn.h>
#include <stdarg.h>
#include <stdlib.h>
#include <string.h>
#include <strings.h>
#include <sys/cdefs.h>
#include <sys/ioctl.h>
#include <sys/mkdev.h>


int main(void){return 0;}

Determining if files sys/types.h;ctype.h;dlfcn.h;errno.h;fcntl.h;grp.h;langinfo.h;limits.h;linux/types.h;linux/fiemap.h;linux/fs.h;linux/magic.h;locale.h;memory.h;paths.h;poll.h;pthread.h;pwd.h;regex.h;signal.h;spawn.h;stdarg.h;stdlib.h;string.h;strings.h;sys/cdefs.h;sys/ioctl.h;sys/mount.h exist failed with the following output:
Change Dir: /home/xin/tools/cmake-3.23.2/CMakeFiles/CMakeTmp

Run Build Command(s):/usr/bin/make -f Makefile cmTC_e1825/fast && make  -f CMakeFiles/cmTC_e1825.dir/build.make CMakeFiles/cmTC_e1825.dir/build
make[1]: 进入目录“/home/xin/tools/cmake-3.23.2/CMakeFiles/CMakeTmp”
Building C object CMakeFiles/cmTC_e1825.dir/HAVE_SYS_MOUNT_H.c.o
/usr/bin/gcc   -w  -o CMakeFiles/cmTC_e1825.dir/HAVE_SYS_MOUNT_H.c.o -c /home/xin/tools/cmake-3.23.2/CMakeFiles/CheckIncludeFiles/HAVE_SYS_MOUNT_H.c
In file included from /home/xin/tools/cmake-3.23.2/CMakeFiles/CheckIncludeFiles/HAVE_SYS_MOUNT_H.c:12:0:
/usr/include/x86_64-linux-gnu/sys/mount.h:35:3: error: expected identifier before numeric constant
   MS_RDONLY = 1,  /* Mount read-only.  */
   ^
CMakeFiles/cmTC_e1825.dir/build.make:77: recipe for target 'CMakeFiles/cmTC_e1825.dir/HAVE_SYS_MOUNT_H.c.o' failed
make[1]: *** [CMakeFiles/cmTC_e1825.dir/HAVE_SYS_MOUNT_H.c.o] Error 1
make[1]: 离开目录“/home/xin/tools/cmake-3.23.2/CMakeFiles/CMakeTmp”
Makefile:127: recipe for target 'cmTC_e1825/fast' failed
make: *** [cmTC_e1825/fast] Error 2


Source:
/* */
#include <sys/types.h>
#include <ctype.h>
#include <dlfcn.h>
#include <errno.h>
#include <fcntl.h>
#include <grp.h>
#include <langinfo.h>
#include <limits.h>
#include <linux/types.h>
#include <linux/fiemap.h>
#include <linux/fs.h>
#include <linux/magic.h>
#include <locale.h>
#include <memory.h>
#include <paths.h>
#include <poll.h>
#include <pthread.h>
#include <pwd.h>
#include <regex.h>
#include <signal.h>
#include <spawn.h>
#include <stdarg.h>
#include <stdlib.h>
#include <string.h>
#include <strings.h>
#include <sys/cdefs.h>
#include <sys/ioctl.h>
#include <sys/mount.h>


int main(void){return 0;}

Determining if files sys/types.h;ctype.h;dlfcn.h;errno.h;fcntl.h;grp.h;langinfo.h;limits.h;linux/types.h;linux/fiemap.h;linux/fs.h;linux/magic.h;locale.h;memory.h;paths.h;poll.h;pthread.h;pwd.h;regex.h;signal.h;spawn.h;stdarg.h;stdlib.h;string.h;strings.h;sys/cdefs.h;sys/ioctl.h;sys/param.h;sys/poll.h;sys/richacl.h exist failed with the following output:
Change Dir: /home/xin/tools/cmake-3.23.2/CMakeFiles/CMakeTmp

Run Build Command(s):/usr/bin/make -f Makefile cmTC_ddc36/fast && make  -f CMakeFiles/cmTC_ddc36.dir/build.make CMakeFiles/cmTC_ddc36.dir/build
make[1]: 进入目录“/home/xin/tools/cmake-3.23.2/CMakeFiles/CMakeTmp”
Building C object CMakeFiles/cmTC_ddc36.dir/HAVE_SYS_RICHACL_H.c.o
/usr/bin/gcc   -w  -o CMakeFiles/cmTC_ddc36.dir/HAVE_SYS_RICHACL_H.c.o -c /home/xin/tools/cmake-3.23.2/CMakeFiles/CheckIncludeFiles/HAVE_SYS_RICHACL_H.c
/home/xin/tools/cmake-3.23.2/CMakeFiles/CheckIncludeFiles/HAVE_SYS_RICHACL_H.c:31:10: fatal error: sys/richacl.h: 没有那个文件或目录
 #include <sys/richacl.h>
          ^~~~~~~~~~~~~~~
compilation terminated.
CMakeFiles/cmTC_ddc36.dir/build.make:77: recipe for target 'CMakeFiles/cmTC_ddc36.dir/HAVE_SYS_RICHACL_H.c.o' failed
make[1]: *** [CMakeFiles/cmTC_ddc36.dir/HAVE_SYS_RICHACL_H.c.o] Error 1
make[1]: 离开目录“/home/xin/tools/cmake-3.23.2/CMakeFiles/CMakeTmp”
Makefile:127: recipe for target 'cmTC_ddc36/fast' failed
make: *** [cmTC_ddc36/fast] Error 2


Source:
/* */
#include <sys/types.h>
#include <ctype.h>
#include <dlfcn.h>
#include <errno.h>
#include <fcntl.h>
#include <grp.h>
#include <langinfo.h>
#include <limits.h>
#include <linux/types.h>
#include <linux/fiemap.h>
#include <linux/fs.h>
#include <linux/magic.h>
#include <locale.h>
#include <memory.h>
#include <paths.h>
#include <poll.h>
#include <pthread.h>
#include <pwd.h>
#include <regex.h>
#include <signal.h>
#include <spawn.h>
#include <stdarg.h>
#include <stdlib.h>
#include <string.h>
#include <strings.h>
#include <sys/cdefs.h>
#include <sys/ioctl.h>
#include <sys/param.h>
#include <sys/poll.h>
#include <sys/richacl.h>


int main(void){return 0;}

Determining if files sys/types.h;ctype.h;dlfcn.h;errno.h;fcntl.h;grp.h;langinfo.h;limits.h;linux/types.h;linux/fiemap.h;linux/fs.h;linux/magic.h;locale.h;memory.h;paths.h;poll.h;pthread.h;pwd.h;regex.h;signal.h;spawn.h;stdarg.h;stdlib.h;string.h;strings.h;sys/cdefs.h;sys/ioctl.h;sys/param.h;sys/poll.h;sys/select.h;sys/stat.h;sys/statfs.h;sys/statvfs.h;sys/sysmacros.h;sys/time.h;sys/utsname.h;sys/vfs.h;sys/wait.h;sys/xattr.h;time.h;unistd.h;utime.h;wchar.h;wctype.h;windows.h exist failed with the following output:
Change Dir: /home/xin/tools/cmake-3.23.2/CMakeFiles/CMakeTmp

Run Build Command(s):/usr/bin/make -f Makefile cmTC_f5653/fast && make  -f CMakeFiles/cmTC_f5653.dir/build.make CMakeFiles/cmTC_f5653.dir/build
make[1]: 进入目录“/home/xin/tools/cmake-3.23.2/CMakeFiles/CMakeTmp”
Building C object CMakeFiles/cmTC_f5653.dir/HAVE_WINDOWS_H.c.o
/usr/bin/gcc   -w  -o CMakeFiles/cmTC_f5653.dir/HAVE_WINDOWS_H.c.o -c /home/xin/tools/cmake-3.23.2/CMakeFiles/CheckIncludeFiles/HAVE_WINDOWS_H.c
/home/xin/tools/cmake-3.23.2/CMakeFiles/CheckIncludeFiles/HAVE_WINDOWS_H.c:46:10: fatal error: windows.h: 没有那个文件或目录
 #include <windows.h>
          ^~~~~~~~~~~
compilation terminated.
CMakeFiles/cmTC_f5653.dir/build.make:77: recipe for target 'CMakeFiles/cmTC_f5653.dir/HAVE_WINDOWS_H.c.o' failed
make[1]: *** [CMakeFiles/cmTC_f5653.dir/HAVE_WINDOWS_H.c.o] Error 1
make[1]: 离开目录“/home/xin/tools/cmake-3.23.2/CMakeFiles/CMakeTmp”
Makefile:127: recipe for target 'cmTC_f5653/fast' failed
make: *** [cmTC_f5653/fast] Error 2


Source:
/* */
#include <sys/types.h>
#include <ctype.h>
#include <dlfcn.h>
#include <errno.h>
#include <fcntl.h>
#include <grp.h>
#include <langinfo.h>
#include <limits.h>
#include <linux/types.h>
#include <linux/fiemap.h>
#include <linux/fs.h>
#include <linux/magic.h>
#include <locale.h>
#include <memory.h>
#include <paths.h>
#include <poll.h>
#include <pthread.h>
#include <pwd.h>
#include <regex.h>
#include <signal.h>
#include <spawn.h>
#include <stdarg.h>
#include <stdlib.h>
#include <string.h>
#include <strings.h>
#include <sys/cdefs.h>
#include <sys/ioctl.h>
#include <sys/param.h>
#include <sys/poll.h>
#include <sys/select.h>
#include <sys/stat.h>
#include <sys/statfs.h>
#include <sys/statvfs.h>
#include <sys/sysmacros.h>
#include <sys/time.h>
#include <sys/utsname.h>
#include <sys/vfs.h>
#include <sys/wait.h>
#include <sys/xattr.h>
#include <time.h>
#include <unistd.h>
#include <utime.h>
#include <wchar.h>
#include <wctype.h>
#include <windows.h>


int main(void){return 0;}

Determining if files sys/types.h;ctype.h;dlfcn.h;errno.h;fcntl.h;grp.h;langinfo.h;limits.h;linux/types.h;linux/fiemap.h;linux/fs.h;linux/magic.h;locale.h;memory.h;paths.h;poll.h;pthread.h;pwd.h;regex.h;signal.h;spawn.h;stdarg.h;stdlib.h;string.h;strings.h;sys/cdefs.h;sys/ioctl.h;sys/param.h;sys/poll.h;sys/select.h;sys/stat.h;sys/statfs.h;sys/statvfs.h;sys/sysmacros.h;sys/time.h;sys/utsname.h;sys/vfs.h;sys/wait.h;sys/xattr.h;time.h;unistd.h;utime.h;wchar.h;wctype.h;wincrypt.h exist failed with the following output:
Change Dir: /home/xin/tools/cmake-3.23.2/CMakeFiles/CMakeTmp

Run Build Command(s):/usr/bin/make -f Makefile cmTC_bc46a/fast && make  -f CMakeFiles/cmTC_bc46a.dir/build.make CMakeFiles/cmTC_bc46a.dir/build
make[1]: 进入目录“/home/xin/tools/cmake-3.23.2/CMakeFiles/CMakeTmp”
Building C object CMakeFiles/cmTC_bc46a.dir/HAVE_WINCRYPT_H.c.o
/usr/bin/gcc   -w  -o CMakeFiles/cmTC_bc46a.dir/HAVE_WINCRYPT_H.c.o -c /home/xin/tools/cmake-3.23.2/CMakeFiles/CheckIncludeFiles/HAVE_WINCRYPT_H.c
/home/xin/tools/cmake-3.23.2/CMakeFiles/CheckIncludeFiles/HAVE_WINCRYPT_H.c:46:10: fatal error: wincrypt.h: 没有那个文件或目录
 #include <wincrypt.h>
          ^~~~~~~~~~~~
compilation terminated.
CMakeFiles/cmTC_bc46a.dir/build.make:77: recipe for target 'CMakeFiles/cmTC_bc46a.dir/HAVE_WINCRYPT_H.c.o' failed
make[1]: *** [CMakeFiles/cmTC_bc46a.dir/HAVE_WINCRYPT_H.c.o] Error 1
make[1]: 离开目录“/home/xin/tools/cmake-3.23.2/CMakeFiles/CMakeTmp”
Makefile:127: recipe for target 'cmTC_bc46a/fast' failed
make: *** [cmTC_bc46a/fast] Error 2


Source:
/* */
#include <sys/types.h>
#include <ctype.h>
#include <dlfcn.h>
#include <errno.h>
#include <fcntl.h>
#include <grp.h>
#include <langinfo.h>
#include <limits.h>
#include <linux/types.h>
#include <linux/fiemap.h>
#include <linux/fs.h>
#include <linux/magic.h>
#include <locale.h>
#include <memory.h>
#include <paths.h>
#include <poll.h>
#include <pthread.h>
#include <pwd.h>
#include <regex.h>
#include <signal.h>
#include <spawn.h>
#include <stdarg.h>
#include <stdlib.h>
#include <string.h>
#include <strings.h>
#include <sys/cdefs.h>
#include <sys/ioctl.h>
#include <sys/param.h>
#include <sys/poll.h>
#include <sys/select.h>
#include <sys/stat.h>
#include <sys/statfs.h>
#include <sys/statvfs.h>
#include <sys/sysmacros.h>
#include <sys/time.h>
#include <sys/utsname.h>
#include <sys/vfs.h>
#include <sys/wait.h>
#include <sys/xattr.h>
#include <time.h>
#include <unistd.h>
#include <utime.h>
#include <wchar.h>
#include <wctype.h>
#include <wincrypt.h>


int main(void){return 0;}

Determining if files sys/types.h;ctype.h;dlfcn.h;errno.h;fcntl.h;grp.h;langinfo.h;limits.h;linux/types.h;linux/fiemap.h;linux/fs.h;linux/magic.h;locale.h;memory.h;paths.h;poll.h;pthread.h;pwd.h;regex.h;signal.h;spawn.h;stdarg.h;stdlib.h;string.h;strings.h;sys/cdefs.h;sys/ioctl.h;sys/param.h;sys/poll.h;sys/select.h;sys/stat.h;sys/statfs.h;sys/statvfs.h;sys/sysmacros.h;sys/time.h;sys/utsname.h;sys/vfs.h;sys/wait.h;sys/xattr.h;time.h;unistd.h;utime.h;wchar.h;wctype.h;winioctl.h exist failed with the following output:
Change Dir: /home/xin/tools/cmake-3.23.2/CMakeFiles/CMakeTmp

Run Build Command(s):/usr/bin/make -f Makefile cmTC_b0f6f/fast && make  -f CMakeFiles/cmTC_b0f6f.dir/build.make CMakeFiles/cmTC_b0f6f.dir/build
make[1]: 进入目录“/home/xin/tools/cmake-3.23.2/CMakeFiles/CMakeTmp”
Building C object CMakeFiles/cmTC_b0f6f.dir/HAVE_WINIOCTL_H.c.o
/usr/bin/gcc   -w  -o CMakeFiles/cmTC_b0f6f.dir/HAVE_WINIOCTL_H.c.o -c /home/xin/tools/cmake-3.23.2/CMakeFiles/CheckIncludeFiles/HAVE_WINIOCTL_H.c
/home/xin/tools/cmake-3.23.2/CMakeFiles/CheckIncludeFiles/HAVE_WINIOCTL_H.c:46:10: fatal error: winioctl.h: 没有那个文件或目录
 #include <winioctl.h>
          ^~~~~~~~~~~~
compilation terminated.
CMakeFiles/cmTC_b0f6f.dir/build.make:77: recipe for target 'CMakeFiles/cmTC_b0f6f.dir/HAVE_WINIOCTL_H.c.o' failed
make[1]: *** [CMakeFiles/cmTC_b0f6f.dir/HAVE_WINIOCTL_H.c.o] Error 1
make[1]: 离开目录“/home/xin/tools/cmake-3.23.2/CMakeFiles/CMakeTmp”
Makefile:127: recipe for target 'cmTC_b0f6f/fast' failed
make: *** [cmTC_b0f6f/fast] Error 2


Source:
/* */
#include <sys/types.h>
#include <ctype.h>
#include <dlfcn.h>
#include <errno.h>
#include <fcntl.h>
#include <grp.h>
#include <langinfo.h>
#include <limits.h>
#include <linux/types.h>
#include <linux/fiemap.h>
#include <linux/fs.h>
#include <linux/magic.h>
#include <locale.h>
#include <memory.h>
#include <paths.h>
#include <poll.h>
#include <pthread.h>
#include <pwd.h>
#include <regex.h>
#include <signal.h>
#include <spawn.h>
#include <stdarg.h>
#include <stdlib.h>
#include <string.h>
#include <strings.h>
#include <sys/cdefs.h>
#include <sys/ioctl.h>
#include <sys/param.h>
#include <sys/poll.h>
#include <sys/select.h>
#include <sys/stat.h>
#include <sys/statfs.h>
#include <sys/statvfs.h>
#include <sys/sysmacros.h>
#include <sys/time.h>
#include <sys/utsname.h>
#include <sys/vfs.h>
#include <sys/wait.h>
#include <sys/xattr.h>
#include <time.h>
#include <unistd.h>
#include <utime.h>
#include <wchar.h>
#include <wctype.h>
#include <winioctl.h>


int main(void){return 0;}

Determining if the function getvfsbyname exists failed with the following output:
Change Dir: /home/xin/tools/cmake-3.23.2/CMakeFiles/CMakeTmp

Run Build Command(s):/usr/bin/make -f Makefile cmTC_73e64/fast && make  -f CMakeFiles/cmTC_73e64.dir/build.make CMakeFiles/cmTC_73e64.dir/build
make[1]: 进入目录“/home/xin/tools/cmake-3.23.2/CMakeFiles/CMakeTmp”
Building C object CMakeFiles/cmTC_73e64.dir/CheckFunctionExists.c.o
/usr/bin/gcc   -w -DCHECK_FUNCTION_EXISTS=getvfsbyname  -fno-builtin -o CMakeFiles/cmTC_73e64.dir/CheckFunctionExists.c.o -c /home/xin/tools/cmake-3.23.2/Modules/CheckFunctionExists.c
Linking C executable cmTC_73e64
/home/xin/tools/cmake-3.23.2/Bootstrap.cmk/cmake -E cmake_link_script CMakeFiles/cmTC_73e64.dir/link.txt --verbose=1
/usr/bin/gcc  -w -DCHECK_FUNCTION_EXISTS=getvfsbyname  -fno-builtin CMakeFiles/cmTC_73e64.dir/CheckFunctionExists.c.o -o cmTC_73e64 
CMakeFiles/cmTC_73e64.dir/CheckFunctionExists.c.o：在函数‘main’中：
CheckFunctionExists.c:(.text+0x10)：对‘getvfsbyname’未定义的引用
collect2: error: ld returned 1 exit status
CMakeFiles/cmTC_73e64.dir/build.make:98: recipe for target 'cmTC_73e64' failed
make[1]: *** [cmTC_73e64] Error 1
make[1]: 离开目录“/home/xin/tools/cmake-3.23.2/CMakeFiles/CMakeTmp”
Makefile:127: recipe for target 'cmTC_73e64/fast' failed
make: *** [cmTC_73e64/fast] Error 2



Determining if the function lchflags exists failed with the following output:
Change Dir: /home/xin/tools/cmake-3.23.2/CMakeFiles/CMakeTmp

Run Build Command(s):/usr/bin/make -f Makefile cmTC_20836/fast && make  -f CMakeFiles/cmTC_20836.dir/build.make CMakeFiles/cmTC_20836.dir/build
make[1]: 进入目录“/home/xin/tools/cmake-3.23.2/CMakeFiles/CMakeTmp”
Building C object CMakeFiles/cmTC_20836.dir/CheckFunctionExists.c.o
/usr/bin/gcc   -w -DCHECK_FUNCTION_EXISTS=lchflags  -fno-builtin -o CMakeFiles/cmTC_20836.dir/CheckFunctionExists.c.o -c /home/xin/tools/cmake-3.23.2/Modules/CheckFunctionExists.c
Linking C executable cmTC_20836
/home/xin/tools/cmake-3.23.2/Bootstrap.cmk/cmake -E cmake_link_script CMakeFiles/cmTC_20836.dir/link.txt --verbose=1
/usr/bin/gcc  -w -DCHECK_FUNCTION_EXISTS=lchflags  -fno-builtin CMakeFiles/cmTC_20836.dir/CheckFunctionExists.c.o -o cmTC_20836 
CMakeFiles/cmTC_20836.dir/CheckFunctionExists.c.o：在函数‘main’中：
CheckFunctionExists.c:(.text+0x10)：对‘lchflags’未定义的引用
collect2: error: ld returned 1 exit status
CMakeFiles/cmTC_20836.dir/build.make:98: recipe for target 'cmTC_20836' failed
make[1]: *** [cmTC_20836] Error 1
make[1]: 离开目录“/home/xin/tools/cmake-3.23.2/CMakeFiles/CMakeTmp”
Makefile:127: recipe for target 'cmTC_20836/fast' failed
make: *** [cmTC_20836/fast] Error 2



Determining if the function readpassphrase exists failed with the following output:
Change Dir: /home/xin/tools/cmake-3.23.2/CMakeFiles/CMakeTmp

Run Build Command(s):/usr/bin/make -f Makefile cmTC_f77eb/fast && make  -f CMakeFiles/cmTC_f77eb.dir/build.make CMakeFiles/cmTC_f77eb.dir/build
make[1]: 进入目录“/home/xin/tools/cmake-3.23.2/CMakeFiles/CMakeTmp”
Building C object CMakeFiles/cmTC_f77eb.dir/CheckFunctionExists.c.o
/usr/bin/gcc   -w -DCHECK_FUNCTION_EXISTS=readpassphrase  -fno-builtin -o CMakeFiles/cmTC_f77eb.dir/CheckFunctionExists.c.o -c /home/xin/tools/cmake-3.23.2/Modules/CheckFunctionExists.c
Linking C executable cmTC_f77eb
/home/xin/tools/cmake-3.23.2/Bootstrap.cmk/cmake -E cmake_link_script CMakeFiles/cmTC_f77eb.dir/link.txt --verbose=1
/usr/bin/gcc  -w -DCHECK_FUNCTION_EXISTS=readpassphrase  -fno-builtin CMakeFiles/cmTC_f77eb.dir/CheckFunctionExists.c.o -o cmTC_f77eb 
CMakeFiles/cmTC_f77eb.dir/CheckFunctionExists.c.o：在函数‘main’中：
CheckFunctionExists.c:(.text+0x10)：对‘readpassphrase’未定义的引用
collect2: error: ld returned 1 exit status
CMakeFiles/cmTC_f77eb.dir/build.make:98: recipe for target 'cmTC_f77eb' failed
make[1]: *** [cmTC_f77eb] Error 1
make[1]: 离开目录“/home/xin/tools/cmake-3.23.2/CMakeFiles/CMakeTmp”
Makefile:127: recipe for target 'cmTC_f77eb/fast' failed
make: *** [cmTC_f77eb/fast] Error 2



Determining if the function strncpy_s exists failed with the following output:
Change Dir: /home/xin/tools/cmake-3.23.2/CMakeFiles/CMakeTmp

Run Build Command(s):/usr/bin/make -f Makefile cmTC_0b557/fast && make  -f CMakeFiles/cmTC_0b557.dir/build.make CMakeFiles/cmTC_0b557.dir/build
make[1]: 进入目录“/home/xin/tools/cmake-3.23.2/CMakeFiles/CMakeTmp”
Building C object CMakeFiles/cmTC_0b557.dir/CheckFunctionExists.c.o
/usr/bin/gcc   -w -DCHECK_FUNCTION_EXISTS=strncpy_s  -fno-builtin -o CMakeFiles/cmTC_0b557.dir/CheckFunctionExists.c.o -c /home/xin/tools/cmake-3.23.2/Modules/CheckFunctionExists.c
Linking C executable cmTC_0b557
/home/xin/tools/cmake-3.23.2/Bootstrap.cmk/cmake -E cmake_link_script CMakeFiles/cmTC_0b557.dir/link.txt --verbose=1
/usr/bin/gcc  -w -DCHECK_FUNCTION_EXISTS=strncpy_s  -fno-builtin CMakeFiles/cmTC_0b557.dir/CheckFunctionExists.c.o -o cmTC_0b557 
CMakeFiles/cmTC_0b557.dir/CheckFunctionExists.c.o：在函数‘main’中：
CheckFunctionExists.c:(.text+0x10)：对‘strncpy_s’未定义的引用
collect2: error: ld returned 1 exit status
CMakeFiles/cmTC_0b557.dir/build.make:98: recipe for target 'cmTC_0b557' failed
make[1]: *** [cmTC_0b557] Error 1
make[1]: 离开目录“/home/xin/tools/cmake-3.23.2/CMakeFiles/CMakeTmp”
Makefile:127: recipe for target 'cmTC_0b557/fast' failed
make: *** [cmTC_0b557/fast] Error 2



Determining if the function _ctime64_s exists failed with the following output:
Change Dir: /home/xin/tools/cmake-3.23.2/CMakeFiles/CMakeTmp

Run Build Command(s):/usr/bin/make -f Makefile cmTC_44f1f/fast && make  -f CMakeFiles/cmTC_44f1f.dir/build.make CMakeFiles/cmTC_44f1f.dir/build
make[1]: 进入目录“/home/xin/tools/cmake-3.23.2/CMakeFiles/CMakeTmp”
Building C object CMakeFiles/cmTC_44f1f.dir/CheckFunctionExists.c.o
/usr/bin/gcc   -w -DCHECK_FUNCTION_EXISTS=_ctime64_s  -fno-builtin -o CMakeFiles/cmTC_44f1f.dir/CheckFunctionExists.c.o -c /home/xin/tools/cmake-3.23.2/Modules/CheckFunctionExists.c
Linking C executable cmTC_44f1f
/home/xin/tools/cmake-3.23.2/Bootstrap.cmk/cmake -E cmake_link_script CMakeFiles/cmTC_44f1f.dir/link.txt --verbose=1
/usr/bin/gcc  -w -DCHECK_FUNCTION_EXISTS=_ctime64_s  -fno-builtin CMakeFiles/cmTC_44f1f.dir/CheckFunctionExists.c.o -o cmTC_44f1f 
CMakeFiles/cmTC_44f1f.dir/CheckFunctionExists.c.o：在函数‘main’中：
CheckFunctionExists.c:(.text+0x10)：对‘_ctime64_s’未定义的引用
collect2: error: ld returned 1 exit status
CMakeFiles/cmTC_44f1f.dir/build.make:98: recipe for target 'cmTC_44f1f' failed
make[1]: *** [cmTC_44f1f] Error 1
make[1]: 离开目录“/home/xin/tools/cmake-3.23.2/CMakeFiles/CMakeTmp”
Makefile:127: recipe for target 'cmTC_44f1f/fast' failed
make: *** [cmTC_44f1f/fast] Error 2



Determining if the function _fseeki64 exists failed with the following output:
Change Dir: /home/xin/tools/cmake-3.23.2/CMakeFiles/CMakeTmp

Run Build Command(s):/usr/bin/make -f Makefile cmTC_858db/fast && make  -f CMakeFiles/cmTC_858db.dir/build.make CMakeFiles/cmTC_858db.dir/build
make[1]: 进入目录“/home/xin/tools/cmake-3.23.2/CMakeFiles/CMakeTmp”
Building C object CMakeFiles/cmTC_858db.dir/CheckFunctionExists.c.o
/usr/bin/gcc   -w -DCHECK_FUNCTION_EXISTS=_fseeki64  -fno-builtin -o CMakeFiles/cmTC_858db.dir/CheckFunctionExists.c.o -c /home/xin/tools/cmake-3.23.2/Modules/CheckFunctionExists.c
Linking C executable cmTC_858db
/home/xin/tools/cmake-3.23.2/Bootstrap.cmk/cmake -E cmake_link_script CMakeFiles/cmTC_858db.dir/link.txt --verbose=1
/usr/bin/gcc  -w -DCHECK_FUNCTION_EXISTS=_fseeki64  -fno-builtin CMakeFiles/cmTC_858db.dir/CheckFunctionExists.c.o -o cmTC_858db 
CMakeFiles/cmTC_858db.dir/CheckFunctionExists.c.o：在函数‘main’中：
CheckFunctionExists.c:(.text+0x10)：对‘_fseeki64’未定义的引用
collect2: error: ld returned 1 exit status
CMakeFiles/cmTC_858db.dir/build.make:98: recipe for target 'cmTC_858db' failed
make[1]: *** [cmTC_858db] Error 1
make[1]: 离开目录“/home/xin/tools/cmake-3.23.2/CMakeFiles/CMakeTmp”
Makefile:127: recipe for target 'cmTC_858db/fast' failed
make: *** [cmTC_858db/fast] Error 2



Determining if the function _get_timezone exists failed with the following output:
Change Dir: /home/xin/tools/cmake-3.23.2/CMakeFiles/CMakeTmp

Run Build Command(s):/usr/bin/make -f Makefile cmTC_9d85b/fast && make  -f CMakeFiles/cmTC_9d85b.dir/build.make CMakeFiles/cmTC_9d85b.dir/build
make[1]: 进入目录“/home/xin/tools/cmake-3.23.2/CMakeFiles/CMakeTmp”
Building C object CMakeFiles/cmTC_9d85b.dir/CheckFunctionExists.c.o
/usr/bin/gcc   -w -DCHECK_FUNCTION_EXISTS=_get_timezone  -fno-builtin -o CMakeFiles/cmTC_9d85b.dir/CheckFunctionExists.c.o -c /home/xin/tools/cmake-3.23.2/Modules/CheckFunctionExists.c
Linking C executable cmTC_9d85b
/home/xin/tools/cmake-3.23.2/Bootstrap.cmk/cmake -E cmake_link_script CMakeFiles/cmTC_9d85b.dir/link.txt --verbose=1
/usr/bin/gcc  -w -DCHECK_FUNCTION_EXISTS=_get_timezone  -fno-builtin CMakeFiles/cmTC_9d85b.dir/CheckFunctionExists.c.o -o cmTC_9d85b 
CMakeFiles/cmTC_9d85b.dir/CheckFunctionExists.c.o：在函数‘main’中：
CheckFunctionExists.c:(.text+0x10)：对‘_get_timezone’未定义的引用
collect2: error: ld returned 1 exit status
CMakeFiles/cmTC_9d85b.dir/build.make:98: recipe for target 'cmTC_9d85b' failed
make[1]: *** [cmTC_9d85b] Error 1
make[1]: 离开目录“/home/xin/tools/cmake-3.23.2/CMakeFiles/CMakeTmp”
Makefile:127: recipe for target 'cmTC_9d85b/fast' failed
make: *** [cmTC_9d85b/fast] Error 2



Determining if the function _gmtime64_s exists failed with the following output:
Change Dir: /home/xin/tools/cmake-3.23.2/CMakeFiles/CMakeTmp

Run Build Command(s):/usr/bin/make -f Makefile cmTC_75b84/fast && make  -f CMakeFiles/cmTC_75b84.dir/build.make CMakeFiles/cmTC_75b84.dir/build
make[1]: 进入目录“/home/xin/tools/cmake-3.23.2/CMakeFiles/CMakeTmp”
Building C object CMakeFiles/cmTC_75b84.dir/CheckFunctionExists.c.o
/usr/bin/gcc   -w -DCHECK_FUNCTION_EXISTS=_gmtime64_s  -fno-builtin -o CMakeFiles/cmTC_75b84.dir/CheckFunctionExists.c.o -c /home/xin/tools/cmake-3.23.2/Modules/CheckFunctionExists.c
Linking C executable cmTC_75b84
/home/xin/tools/cmake-3.23.2/Bootstrap.cmk/cmake -E cmake_link_script CMakeFiles/cmTC_75b84.dir/link.txt --verbose=1
/usr/bin/gcc  -w -DCHECK_FUNCTION_EXISTS=_gmtime64_s  -fno-builtin CMakeFiles/cmTC_75b84.dir/CheckFunctionExists.c.o -o cmTC_75b84 
CMakeFiles/cmTC_75b84.dir/CheckFunctionExists.c.o：在函数‘main’中：
CheckFunctionExists.c:(.text+0x10)：对‘_gmtime64_s’未定义的引用
collect2: error: ld returned 1 exit status
CMakeFiles/cmTC_75b84.dir/build.make:98: recipe for target 'cmTC_75b84' failed
make[1]: *** [cmTC_75b84] Error 1
make[1]: 离开目录“/home/xin/tools/cmake-3.23.2/CMakeFiles/CMakeTmp”
Makefile:127: recipe for target 'cmTC_75b84/fast' failed
make: *** [cmTC_75b84/fast] Error 2



Determining if the function _localtime64_s exists failed with the following output:
Change Dir: /home/xin/tools/cmake-3.23.2/CMakeFiles/CMakeTmp

Run Build Command(s):/usr/bin/make -f Makefile cmTC_81f5c/fast && make  -f CMakeFiles/cmTC_81f5c.dir/build.make CMakeFiles/cmTC_81f5c.dir/build
make[1]: 进入目录“/home/xin/tools/cmake-3.23.2/CMakeFiles/CMakeTmp”
Building C object CMakeFiles/cmTC_81f5c.dir/CheckFunctionExists.c.o
/usr/bin/gcc   -w -DCHECK_FUNCTION_EXISTS=_localtime64_s  -fno-builtin -o CMakeFiles/cmTC_81f5c.dir/CheckFunctionExists.c.o -c /home/xin/tools/cmake-3.23.2/Modules/CheckFunctionExists.c
Linking C executable cmTC_81f5c
/home/xin/tools/cmake-3.23.2/Bootstrap.cmk/cmake -E cmake_link_script CMakeFiles/cmTC_81f5c.dir/link.txt --verbose=1
/usr/bin/gcc  -w -DCHECK_FUNCTION_EXISTS=_localtime64_s  -fno-builtin CMakeFiles/cmTC_81f5c.dir/CheckFunctionExists.c.o -o cmTC_81f5c 
CMakeFiles/cmTC_81f5c.dir/CheckFunctionExists.c.o：在函数‘main’中：
CheckFunctionExists.c:(.text+0x10)：对‘_localtime64_s’未定义的引用
collect2: error: ld returned 1 exit status
CMakeFiles/cmTC_81f5c.dir/build.make:98: recipe for target 'cmTC_81f5c' failed
make[1]: *** [cmTC_81f5c] Error 1
make[1]: 离开目录“/home/xin/tools/cmake-3.23.2/CMakeFiles/CMakeTmp”
Makefile:127: recipe for target 'cmTC_81f5c/fast' failed
make: *** [cmTC_81f5c/fast] Error 2



Determining if the function _mkgmtime64 exists failed with the following output:
Change Dir: /home/xin/tools/cmake-3.23.2/CMakeFiles/CMakeTmp

Run Build Command(s):/usr/bin/make -f Makefile cmTC_d5c84/fast && make  -f CMakeFiles/cmTC_d5c84.dir/build.make CMakeFiles/cmTC_d5c84.dir/build
make[1]: 进入目录“/home/xin/tools/cmake-3.23.2/CMakeFiles/CMakeTmp”
Building C object CMakeFiles/cmTC_d5c84.dir/CheckFunctionExists.c.o
/usr/bin/gcc   -w -DCHECK_FUNCTION_EXISTS=_mkgmtime64  -fno-builtin -o CMakeFiles/cmTC_d5c84.dir/CheckFunctionExists.c.o -c /home/xin/tools/cmake-3.23.2/Modules/CheckFunctionExists.c
Linking C executable cmTC_d5c84
/home/xin/tools/cmake-3.23.2/Bootstrap.cmk/cmake -E cmake_link_script CMakeFiles/cmTC_d5c84.dir/link.txt --verbose=1
/usr/bin/gcc  -w -DCHECK_FUNCTION_EXISTS=_mkgmtime64  -fno-builtin CMakeFiles/cmTC_d5c84.dir/CheckFunctionExists.c.o -o cmTC_d5c84 
CMakeFiles/cmTC_d5c84.dir/CheckFunctionExists.c.o：在函数‘main’中：
CheckFunctionExists.c:(.text+0x10)：对‘_mkgmtime64’未定义的引用
collect2: error: ld returned 1 exit status
CMakeFiles/cmTC_d5c84.dir/build.make:98: recipe for target 'cmTC_d5c84' failed
make[1]: *** [cmTC_d5c84] Error 1
make[1]: 离开目录“/home/xin/tools/cmake-3.23.2/CMakeFiles/CMakeTmp”
Makefile:127: recipe for target 'cmTC_d5c84/fast' failed
make: *** [cmTC_d5c84/fast] Error 2



Determining if the function cygwin_conv_path exists failed with the following output:
Change Dir: /home/xin/tools/cmake-3.23.2/CMakeFiles/CMakeTmp

Run Build Command(s):/usr/bin/make -f Makefile cmTC_1ffca/fast && make  -f CMakeFiles/cmTC_1ffca.dir/build.make CMakeFiles/cmTC_1ffca.dir/build
make[1]: 进入目录“/home/xin/tools/cmake-3.23.2/CMakeFiles/CMakeTmp”
Building C object CMakeFiles/cmTC_1ffca.dir/CheckFunctionExists.c.o
/usr/bin/gcc   -w -DCHECK_FUNCTION_EXISTS=cygwin_conv_path  -fno-builtin -o CMakeFiles/cmTC_1ffca.dir/CheckFunctionExists.c.o -c /home/xin/tools/cmake-3.23.2/Modules/CheckFunctionExists.c
Linking C executable cmTC_1ffca
/home/xin/tools/cmake-3.23.2/Bootstrap.cmk/cmake -E cmake_link_script CMakeFiles/cmTC_1ffca.dir/link.txt --verbose=1
/usr/bin/gcc  -w -DCHECK_FUNCTION_EXISTS=cygwin_conv_path  -fno-builtin CMakeFiles/cmTC_1ffca.dir/CheckFunctionExists.c.o -o cmTC_1ffca 
CMakeFiles/cmTC_1ffca.dir/CheckFunctionExists.c.o：在函数‘main’中：
CheckFunctionExists.c:(.text+0x10)：对‘cygwin_conv_path’未定义的引用
collect2: error: ld returned 1 exit status
CMakeFiles/cmTC_1ffca.dir/build.make:98: recipe for target 'cmTC_1ffca' failed
make[1]: *** [cmTC_1ffca] Error 1
make[1]: 离开目录“/home/xin/tools/cmake-3.23.2/CMakeFiles/CMakeTmp”
Makefile:127: recipe for target 'cmTC_1ffca/fast' failed
make: *** [cmTC_1ffca/fast] Error 2



Performing C SOURCE FILE Test HAVE_STRUCT_VFSCONF failed with the following output:
Change Dir: /home/xin/tools/cmake-3.23.2/CMakeFiles/CMakeTmp

Run Build Command(s):/usr/bin/make -f Makefile cmTC_28e99/fast && make  -f CMakeFiles/cmTC_28e99.dir/build.make CMakeFiles/cmTC_28e99.dir/build
make[1]: 进入目录“/home/xin/tools/cmake-3.23.2/CMakeFiles/CMakeTmp”
Building C object CMakeFiles/cmTC_28e99.dir/src.c.o
/usr/bin/gcc -DHAVE_STRUCT_VFSCONF  -w  -o CMakeFiles/cmTC_28e99.dir/src.c.o -c /home/xin/tools/cmake-3.23.2/CMakeFiles/CMakeTmp/src.c
/home/xin/tools/cmake-3.23.2/CMakeFiles/CMakeTmp/src.c: In function ‘main’:
/home/xin/tools/cmake-3.23.2/CMakeFiles/CMakeTmp/src.c:3:33: error: storage size of ‘v’ isn’t known
 int main(void) { struct vfsconf v; return sizeof(v);}
                                 ^
CMakeFiles/cmTC_28e99.dir/build.make:77: recipe for target 'CMakeFiles/cmTC_28e99.dir/src.c.o' failed
make[1]: *** [CMakeFiles/cmTC_28e99.dir/src.c.o] Error 1
make[1]: 离开目录“/home/xin/tools/cmake-3.23.2/CMakeFiles/CMakeTmp”
Makefile:127: recipe for target 'cmTC_28e99/fast' failed
make: *** [cmTC_28e99/fast] Error 2


Source file was:
#include <sys/types.h>
#include <sys/mount.h>
int main(void) { struct vfsconf v; return sizeof(v);}
Performing C SOURCE FILE Test HAVE_STRUCT_XVFSCONF failed with the following output:
Change Dir: /home/xin/tools/cmake-3.23.2/CMakeFiles/CMakeTmp

Run Build Command(s):/usr/bin/make -f Makefile cmTC_7286b/fast && make  -f CMakeFiles/cmTC_7286b.dir/build.make CMakeFiles/cmTC_7286b.dir/build
make[1]: 进入目录“/home/xin/tools/cmake-3.23.2/CMakeFiles/CMakeTmp”
Building C object CMakeFiles/cmTC_7286b.dir/src.c.o
/usr/bin/gcc -DHAVE_STRUCT_XVFSCONF  -w  -o CMakeFiles/cmTC_7286b.dir/src.c.o -c /home/xin/tools/cmake-3.23.2/CMakeFiles/CMakeTmp/src.c
/home/xin/tools/cmake-3.23.2/CMakeFiles/CMakeTmp/src.c: In function ‘main’:
/home/xin/tools/cmake-3.23.2/CMakeFiles/CMakeTmp/src.c:3:34: error: storage size of ‘v’ isn’t known
 int main(void) { struct xvfsconf v; return sizeof(v);}
                                  ^
CMakeFiles/cmTC_7286b.dir/build.make:77: recipe for target 'CMakeFiles/cmTC_7286b.dir/src.c.o' failed
make[1]: *** [CMakeFiles/cmTC_7286b.dir/src.c.o] Error 1
make[1]: 离开目录“/home/xin/tools/cmake-3.23.2/CMakeFiles/CMakeTmp”
Makefile:127: recipe for target 'cmTC_7286b/fast' failed
make: *** [cmTC_7286b/fast] Error 2


Source file was:
#include <sys/types.h>
#include <sys/mount.h>
int main(void) { struct xvfsconf v; return sizeof(v);}
Performing C SOURCE FILE Test HAVE_STRUCT_STATFS failed with the following output:
Change Dir: /home/xin/tools/cmake-3.23.2/CMakeFiles/CMakeTmp

Run Build Command(s):/usr/bin/make -f Makefile cmTC_bd719/fast && make  -f CMakeFiles/cmTC_bd719.dir/build.make CMakeFiles/cmTC_bd719.dir/build
make[1]: 进入目录“/home/xin/tools/cmake-3.23.2/CMakeFiles/CMakeTmp”
Building C object CMakeFiles/cmTC_bd719.dir/src.c.o
/usr/bin/gcc -DHAVE_STRUCT_STATFS  -w  -o CMakeFiles/cmTC_bd719.dir/src.c.o -c /home/xin/tools/cmake-3.23.2/CMakeFiles/CMakeTmp/src.c
/home/xin/tools/cmake-3.23.2/CMakeFiles/CMakeTmp/src.c: In function ‘main’:
/home/xin/tools/cmake-3.23.2/CMakeFiles/CMakeTmp/src.c:3:32: error: storage size of ‘s’ isn’t known
 int main(void) { struct statfs s; return sizeof(s);}
                                ^
CMakeFiles/cmTC_bd719.dir/build.make:77: recipe for target 'CMakeFiles/cmTC_bd719.dir/src.c.o' failed
make[1]: *** [CMakeFiles/cmTC_bd719.dir/src.c.o] Error 1
make[1]: 离开目录“/home/xin/tools/cmake-3.23.2/CMakeFiles/CMakeTmp”
Makefile:127: recipe for target 'cmTC_bd719/fast' failed
make: *** [cmTC_bd719/fast] Error 2


Source file was:
#include <sys/types.h>
#include <sys/mount.h>
int main(void) { struct statfs s; return sizeof(s);}
Performing C SOURCE FILE Test MAJOR_IN_MKDEV failed with the following output:
Change Dir: /home/xin/tools/cmake-3.23.2/CMakeFiles/CMakeTmp

Run Build Command(s):/usr/bin/make -f Makefile cmTC_5f2be/fast && make  -f CMakeFiles/cmTC_5f2be.dir/build.make CMakeFiles/cmTC_5f2be.dir/build
make[1]: 进入目录“/home/xin/tools/cmake-3.23.2/CMakeFiles/CMakeTmp”
Building C object CMakeFiles/cmTC_5f2be.dir/src.c.o
/usr/bin/gcc -DMAJOR_IN_MKDEV  -w  -o CMakeFiles/cmTC_5f2be.dir/src.c.o -c /home/xin/tools/cmake-3.23.2/CMakeFiles/CMakeTmp/src.c
/home/xin/tools/cmake-3.23.2/CMakeFiles/CMakeTmp/src.c:1:10: fatal error: sys/mkdev.h: 没有那个文件或目录
 #include <sys/mkdev.h>
          ^~~~~~~~~~~~~
compilation terminated.
CMakeFiles/cmTC_5f2be.dir/build.make:77: recipe for target 'CMakeFiles/cmTC_5f2be.dir/src.c.o' failed
make[1]: *** [CMakeFiles/cmTC_5f2be.dir/src.c.o] Error 1
make[1]: 离开目录“/home/xin/tools/cmake-3.23.2/CMakeFiles/CMakeTmp”
Makefile:127: recipe for target 'cmTC_5f2be/fast' failed
make: *** [cmTC_5f2be/fast] Error 2


Source file was:
#include <sys/mkdev.h>
int main() { return major(256); }
Determining if the EFTYPE exist failed with the following output:
Change Dir: /home/xin/tools/cmake-3.23.2/CMakeFiles/CMakeTmp

Run Build Command(s):/usr/bin/make -f Makefile cmTC_a98d0/fast && make  -f CMakeFiles/cmTC_a98d0.dir/build.make CMakeFiles/cmTC_a98d0.dir/build
make[1]: 进入目录“/home/xin/tools/cmake-3.23.2/CMakeFiles/CMakeTmp”
Building C object CMakeFiles/cmTC_a98d0.dir/CheckSymbolExists.c.o
/usr/bin/gcc   -w  -o CMakeFiles/cmTC_a98d0.dir/CheckSymbolExists.c.o -c /home/xin/tools/cmake-3.23.2/CMakeFiles/CMakeTmp/CheckSymbolExists.c
/home/xin/tools/cmake-3.23.2/CMakeFiles/CMakeTmp/CheckSymbolExists.c: In function ‘main’:
/home/xin/tools/cmake-3.23.2/CMakeFiles/CMakeTmp/CheckSymbolExists.c:8:19: error: ‘EFTYPE’ undeclared (first use in this function); did you mean ‘ESPIPE’?
   return ((int*)(&EFTYPE))[argc];
                   ^~~~~~
                   ESPIPE
/home/xin/tools/cmake-3.23.2/CMakeFiles/CMakeTmp/CheckSymbolExists.c:8:19: note: each undeclared identifier is reported only once for each function it appears in
CMakeFiles/cmTC_a98d0.dir/build.make:77: recipe for target 'CMakeFiles/cmTC_a98d0.dir/CheckSymbolExists.c.o' failed
make[1]: *** [CMakeFiles/cmTC_a98d0.dir/CheckSymbolExists.c.o] Error 1
make[1]: 离开目录“/home/xin/tools/cmake-3.23.2/CMakeFiles/CMakeTmp”
Makefile:127: recipe for target 'cmTC_a98d0/fast' failed
make: *** [cmTC_a98d0/fast] Error 2


File /home/xin/tools/cmake-3.23.2/CMakeFiles/CMakeTmp/CheckSymbolExists.c:
/* */
#include <errno.h>

int main(int argc, char** argv)
{
  (void)argv;
#ifndef EFTYPE
  return ((int*)(&EFTYPE))[argc];
#else
  (void)argc;
  return 0;
#endif
}
Determining if the D_MD_ORDER exist failed with the following output:
Change Dir: /home/xin/tools/cmake-3.23.2/CMakeFiles/CMakeTmp

Run Build Command(s):/usr/bin/make -f Makefile cmTC_f93d8/fast && make  -f CMakeFiles/cmTC_f93d8.dir/build.make CMakeFiles/cmTC_f93d8.dir/build
make[1]: 进入目录“/home/xin/tools/cmake-3.23.2/CMakeFiles/CMakeTmp”
Building C object CMakeFiles/cmTC_f93d8.dir/CheckSymbolExists.c.o
/usr/bin/gcc   -w  -o CMakeFiles/cmTC_f93d8.dir/CheckSymbolExists.c.o -c /home/xin/tools/cmake-3.23.2/CMakeFiles/CMakeTmp/CheckSymbolExists.c
/home/xin/tools/cmake-3.23.2/CMakeFiles/CMakeTmp/CheckSymbolExists.c: In function ‘main’:
/home/xin/tools/cmake-3.23.2/CMakeFiles/CMakeTmp/CheckSymbolExists.c:8:19: error: ‘D_MD_ORDER’ undeclared (first use in this function)
   return ((int*)(&D_MD_ORDER))[argc];
                   ^~~~~~~~~~
/home/xin/tools/cmake-3.23.2/CMakeFiles/CMakeTmp/CheckSymbolExists.c:8:19: note: each undeclared identifier is reported only once for each function it appears in
CMakeFiles/cmTC_f93d8.dir/build.make:77: recipe for target 'CMakeFiles/cmTC_f93d8.dir/CheckSymbolExists.c.o' failed
make[1]: *** [CMakeFiles/cmTC_f93d8.dir/CheckSymbolExists.c.o] Error 1
make[1]: 离开目录“/home/xin/tools/cmake-3.23.2/CMakeFiles/CMakeTmp”
Makefile:127: recipe for target 'cmTC_f93d8/fast' failed
make: *** [cmTC_f93d8/fast] Error 2


File /home/xin/tools/cmake-3.23.2/CMakeFiles/CMakeTmp/CheckSymbolExists.c:
/* */
#include <langinfo.h>

int main(int argc, char** argv)
{
  (void)argv;
#ifndef D_MD_ORDER
  return ((int*)(&D_MD_ORDER))[argc];
#else
  (void)argc;
  return 0;
#endif
}
Performing C SOURCE FILE Test HAVE_STRUCT_TM___TM_GMTOFF failed with the following output:
Change Dir: /home/xin/tools/cmake-3.23.2/CMakeFiles/CMakeTmp

Run Build Command(s):/usr/bin/make -f Makefile cmTC_982f0/fast && make  -f CMakeFiles/cmTC_982f0.dir/build.make CMakeFiles/cmTC_982f0.dir/build
make[1]: 进入目录“/home/xin/tools/cmake-3.23.2/CMakeFiles/CMakeTmp”
Building C object CMakeFiles/cmTC_982f0.dir/src.c.o
/usr/bin/gcc -DHAVE_STRUCT_TM___TM_GMTOFF  -w  -o CMakeFiles/cmTC_982f0.dir/src.c.o -c /home/xin/tools/cmake-3.23.2/CMakeFiles/CMakeTmp/src.c
/home/xin/tools/cmake-3.23.2/CMakeFiles/CMakeTmp/src.c: In function ‘main’:
/home/xin/tools/cmake-3.23.2/CMakeFiles/CMakeTmp/src.c:6:34: error: ‘struct tm’ has no member named ‘__tm_gmtoff’; did you mean ‘tm_gmtoff’?
   (void)sizeof(((struct tm *)0)->__tm_gmtoff);
                                  ^~~~~~~~~~~
                                  tm_gmtoff
CMakeFiles/cmTC_982f0.dir/build.make:77: recipe for target 'CMakeFiles/cmTC_982f0.dir/src.c.o' failed
make[1]: *** [CMakeFiles/cmTC_982f0.dir/src.c.o] Error 1
make[1]: 离开目录“/home/xin/tools/cmake-3.23.2/CMakeFiles/CMakeTmp”
Makefile:127: recipe for target 'cmTC_982f0/fast' failed
make: *** [cmTC_982f0/fast] Error 2


Source file was:

#include <time.h>

int main()
{
  (void)sizeof(((struct tm *)0)->__tm_gmtoff);
  return 0;
}

Performing C SOURCE FILE Test HAVE_STRUCT_STAT_ST_BIRTHTIME failed with the following output:
Change Dir: /home/xin/tools/cmake-3.23.2/CMakeFiles/CMakeTmp

Run Build Command(s):/usr/bin/make -f Makefile cmTC_2c460/fast && make  -f CMakeFiles/cmTC_2c460.dir/build.make CMakeFiles/cmTC_2c460.dir/build
make[1]: 进入目录“/home/xin/tools/cmake-3.23.2/CMakeFiles/CMakeTmp”
Building C object CMakeFiles/cmTC_2c460.dir/src.c.o
/usr/bin/gcc -DHAVE_STRUCT_STAT_ST_BIRTHTIME  -w  -o CMakeFiles/cmTC_2c460.dir/src.c.o -c /home/xin/tools/cmake-3.23.2/CMakeFiles/CMakeTmp/src.c
/home/xin/tools/cmake-3.23.2/CMakeFiles/CMakeTmp/src.c: In function ‘main’:
/home/xin/tools/cmake-3.23.2/CMakeFiles/CMakeTmp/src.c:7:36: error: ‘struct stat’ has no member named ‘st_birthtime’; did you mean ‘st_blksize’?
   (void)sizeof(((struct stat *)0)->st_birthtime);
                                    ^~~~~~~~~~~~
                                    st_blksize
CMakeFiles/cmTC_2c460.dir/build.make:77: recipe for target 'CMakeFiles/cmTC_2c460.dir/src.c.o' failed
make[1]: *** [CMakeFiles/cmTC_2c460.dir/src.c.o] Error 1
make[1]: 离开目录“/home/xin/tools/cmake-3.23.2/CMakeFiles/CMakeTmp”
Makefile:127: recipe for target 'cmTC_2c460/fast' failed
make: *** [cmTC_2c460/fast] Error 2


Source file was:

#include <sys/types.h>
#include <sys/stat.h>

int main()
{
  (void)sizeof(((struct stat *)0)->st_birthtime);
  return 0;
}

Performing C SOURCE FILE Test HAVE_STRUCT_STAT_ST_BIRTHTIMESPEC_TV_NSEC failed with the following output:
Change Dir: /home/xin/tools/cmake-3.23.2/CMakeFiles/CMakeTmp

Run Build Command(s):/usr/bin/make -f Makefile cmTC_472f8/fast && make  -f CMakeFiles/cmTC_472f8.dir/build.make CMakeFiles/cmTC_472f8.dir/build
make[1]: 进入目录“/home/xin/tools/cmake-3.23.2/CMakeFiles/CMakeTmp”
Building C object CMakeFiles/cmTC_472f8.dir/src.c.o
/usr/bin/gcc -DHAVE_STRUCT_STAT_ST_BIRTHTIMESPEC_TV_NSEC  -w  -o CMakeFiles/cmTC_472f8.dir/src.c.o -c /home/xin/tools/cmake-3.23.2/CMakeFiles/CMakeTmp/src.c
/home/xin/tools/cmake-3.23.2/CMakeFiles/CMakeTmp/src.c: In function ‘main’:
/home/xin/tools/cmake-3.23.2/CMakeFiles/CMakeTmp/src.c:7:34: error: ‘struct stat’ has no member named ‘st_birthtimespec’
   (void)sizeof(((struct stat *)0)->st_birthtimespec.tv_nsec);
                                  ^~
CMakeFiles/cmTC_472f8.dir/build.make:77: recipe for target 'CMakeFiles/cmTC_472f8.dir/src.c.o' failed
make[1]: *** [CMakeFiles/cmTC_472f8.dir/src.c.o] Error 1
make[1]: 离开目录“/home/xin/tools/cmake-3.23.2/CMakeFiles/CMakeTmp”
Makefile:127: recipe for target 'cmTC_472f8/fast' failed
make: *** [cmTC_472f8/fast] Error 2


Source file was:

#include <sys/types.h>
#include <sys/stat.h>

int main()
{
  (void)sizeof(((struct stat *)0)->st_birthtimespec.tv_nsec);
  return 0;
}

Performing C SOURCE FILE Test HAVE_STRUCT_STAT_ST_MTIMESPEC_TV_NSEC failed with the following output:
Change Dir: /home/xin/tools/cmake-3.23.2/CMakeFiles/CMakeTmp

Run Build Command(s):/usr/bin/make -f Makefile cmTC_05176/fast && make  -f CMakeFiles/cmTC_05176.dir/build.make CMakeFiles/cmTC_05176.dir/build
make[1]: 进入目录“/home/xin/tools/cmake-3.23.2/CMakeFiles/CMakeTmp”
Building C object CMakeFiles/cmTC_05176.dir/src.c.o
/usr/bin/gcc -DHAVE_STRUCT_STAT_ST_MTIMESPEC_TV_NSEC  -w  -o CMakeFiles/cmTC_05176.dir/src.c.o -c /home/xin/tools/cmake-3.23.2/CMakeFiles/CMakeTmp/src.c
/home/xin/tools/cmake-3.23.2/CMakeFiles/CMakeTmp/src.c: In function ‘main’:
/home/xin/tools/cmake-3.23.2/CMakeFiles/CMakeTmp/src.c:7:36: error: ‘struct stat’ has no member named ‘st_mtimespec’; did you mean ‘st_mtim’?
   (void)sizeof(((struct stat *)0)->st_mtimespec.tv_nsec);
                                    ^~~~~~~~~~~~
                                    st_mtim
CMakeFiles/cmTC_05176.dir/build.make:77: recipe for target 'CMakeFiles/cmTC_05176.dir/src.c.o' failed
make[1]: *** [CMakeFiles/cmTC_05176.dir/src.c.o] Error 1
make[1]: 离开目录“/home/xin/tools/cmake-3.23.2/CMakeFiles/CMakeTmp”
Makefile:127: recipe for target 'cmTC_05176/fast' failed
make: *** [cmTC_05176/fast] Error 2


Source file was:

#include <sys/types.h>
#include <sys/stat.h>

int main()
{
  (void)sizeof(((struct stat *)0)->st_mtimespec.tv_nsec);
  return 0;
}

Performing C SOURCE FILE Test HAVE_STRUCT_STAT_ST_MTIME_N failed with the following output:
Change Dir: /home/xin/tools/cmake-3.23.2/CMakeFiles/CMakeTmp

Run Build Command(s):/usr/bin/make -f Makefile cmTC_1c207/fast && make  -f CMakeFiles/cmTC_1c207.dir/build.make CMakeFiles/cmTC_1c207.dir/build
make[1]: 进入目录“/home/xin/tools/cmake-3.23.2/CMakeFiles/CMakeTmp”
Building C object CMakeFiles/cmTC_1c207.dir/src.c.o
/usr/bin/gcc -DHAVE_STRUCT_STAT_ST_MTIME_N  -w  -o CMakeFiles/cmTC_1c207.dir/src.c.o -c /home/xin/tools/cmake-3.23.2/CMakeFiles/CMakeTmp/src.c
/home/xin/tools/cmake-3.23.2/CMakeFiles/CMakeTmp/src.c: In function ‘main’:
/home/xin/tools/cmake-3.23.2/CMakeFiles/CMakeTmp/src.c:7:36: error: ‘struct stat’ has no member named ‘st_mtime_n’; did you mean ‘st_mtim’?
   (void)sizeof(((struct stat *)0)->st_mtime_n);
                                    ^~~~~~~~~~
                                    st_mtim
CMakeFiles/cmTC_1c207.dir/build.make:77: recipe for target 'CMakeFiles/cmTC_1c207.dir/src.c.o' failed
make[1]: *** [CMakeFiles/cmTC_1c207.dir/src.c.o] Error 1
make[1]: 离开目录“/home/xin/tools/cmake-3.23.2/CMakeFiles/CMakeTmp”
Makefile:127: recipe for target 'cmTC_1c207/fast' failed
make: *** [cmTC_1c207/fast] Error 2


Source file was:

#include <sys/types.h>
#include <sys/stat.h>

int main()
{
  (void)sizeof(((struct stat *)0)->st_mtime_n);
  return 0;
}

Performing C SOURCE FILE Test HAVE_STRUCT_STAT_ST_UMTIME failed with the following output:
Change Dir: /home/xin/tools/cmake-3.23.2/CMakeFiles/CMakeTmp

Run Build Command(s):/usr/bin/make -f Makefile cmTC_8d3db/fast && make  -f CMakeFiles/cmTC_8d3db.dir/build.make CMakeFiles/cmTC_8d3db.dir/build
make[1]: 进入目录“/home/xin/tools/cmake-3.23.2/CMakeFiles/CMakeTmp”
Building C object CMakeFiles/cmTC_8d3db.dir/src.c.o
/usr/bin/gcc -DHAVE_STRUCT_STAT_ST_UMTIME  -w  -o CMakeFiles/cmTC_8d3db.dir/src.c.o -c /home/xin/tools/cmake-3.23.2/CMakeFiles/CMakeTmp/src.c
/home/xin/tools/cmake-3.23.2/CMakeFiles/CMakeTmp/src.c: In function ‘main’:
/home/xin/tools/cmake-3.23.2/CMakeFiles/CMakeTmp/src.c:7:36: error: ‘struct stat’ has no member named ‘st_umtime’; did you mean ‘st_mtim’?
   (void)sizeof(((struct stat *)0)->st_umtime);
                                    ^~~~~~~~~
                                    st_mtim
CMakeFiles/cmTC_8d3db.dir/build.make:77: recipe for target 'CMakeFiles/cmTC_8d3db.dir/src.c.o' failed
make[1]: *** [CMakeFiles/cmTC_8d3db.dir/src.c.o] Error 1
make[1]: 离开目录“/home/xin/tools/cmake-3.23.2/CMakeFiles/CMakeTmp”
Makefile:127: recipe for target 'cmTC_8d3db/fast' failed
make: *** [cmTC_8d3db/fast] Error 2


Source file was:

#include <sys/types.h>
#include <sys/stat.h>

int main()
{
  (void)sizeof(((struct stat *)0)->st_umtime);
  return 0;
}

Performing C SOURCE FILE Test HAVE_STRUCT_STAT_ST_MTIME_USEC failed with the following output:
Change Dir: /home/xin/tools/cmake-3.23.2/CMakeFiles/CMakeTmp

Run Build Command(s):/usr/bin/make -f Makefile cmTC_985cd/fast && make  -f CMakeFiles/cmTC_985cd.dir/build.make CMakeFiles/cmTC_985cd.dir/build
make[1]: 进入目录“/home/xin/tools/cmake-3.23.2/CMakeFiles/CMakeTmp”
Building C object CMakeFiles/cmTC_985cd.dir/src.c.o
/usr/bin/gcc -DHAVE_STRUCT_STAT_ST_MTIME_USEC  -w  -o CMakeFiles/cmTC_985cd.dir/src.c.o -c /home/xin/tools/cmake-3.23.2/CMakeFiles/CMakeTmp/src.c
/home/xin/tools/cmake-3.23.2/CMakeFiles/CMakeTmp/src.c: In function ‘main’:
/home/xin/tools/cmake-3.23.2/CMakeFiles/CMakeTmp/src.c:7:36: error: ‘struct stat’ has no member named ‘st_mtime_usec’; did you mean ‘st_mtim’?
   (void)sizeof(((struct stat *)0)->st_mtime_usec);
                                    ^~~~~~~~~~~~~
                                    st_mtim
CMakeFiles/cmTC_985cd.dir/build.make:77: recipe for target 'CMakeFiles/cmTC_985cd.dir/src.c.o' failed
make[1]: *** [CMakeFiles/cmTC_985cd.dir/src.c.o] Error 1
make[1]: 离开目录“/home/xin/tools/cmake-3.23.2/CMakeFiles/CMakeTmp”
Makefile:127: recipe for target 'cmTC_985cd/fast' failed
make: *** [cmTC_985cd/fast] Error 2


Source file was:

#include <sys/types.h>
#include <sys/stat.h>

int main()
{
  (void)sizeof(((struct stat *)0)->st_mtime_usec);
  return 0;
}

Performing C SOURCE FILE Test HAVE_STRUCT_STAT_ST_FLAGS failed with the following output:
Change Dir: /home/xin/tools/cmake-3.23.2/CMakeFiles/CMakeTmp

Run Build Command(s):/usr/bin/make -f Makefile cmTC_acff1/fast && make  -f CMakeFiles/cmTC_acff1.dir/build.make CMakeFiles/cmTC_acff1.dir/build
make[1]: 进入目录“/home/xin/tools/cmake-3.23.2/CMakeFiles/CMakeTmp”
Building C object CMakeFiles/cmTC_acff1.dir/src.c.o
/usr/bin/gcc -DHAVE_STRUCT_STAT_ST_FLAGS  -w  -o CMakeFiles/cmTC_acff1.dir/src.c.o -c /home/xin/tools/cmake-3.23.2/CMakeFiles/CMakeTmp/src.c
/home/xin/tools/cmake-3.23.2/CMakeFiles/CMakeTmp/src.c: In function ‘main’:
/home/xin/tools/cmake-3.23.2/CMakeFiles/CMakeTmp/src.c:7:36: error: ‘struct stat’ has no member named ‘st_flags’; did you mean ‘st_nlink’?
   (void)sizeof(((struct stat *)0)->st_flags);
                                    ^~~~~~~~
                                    st_nlink
CMakeFiles/cmTC_acff1.dir/build.make:77: recipe for target 'CMakeFiles/cmTC_acff1.dir/src.c.o' failed
make[1]: *** [CMakeFiles/cmTC_acff1.dir/src.c.o] Error 1
make[1]: 离开目录“/home/xin/tools/cmake-3.23.2/CMakeFiles/CMakeTmp”
Makefile:127: recipe for target 'cmTC_acff1/fast' failed
make: *** [cmTC_acff1/fast] Error 2


Source file was:

#include <sys/types.h>
#include <sys/stat.h>

int main()
{
  (void)sizeof(((struct stat *)0)->st_flags);
  return 0;
}

Performing C SOURCE FILE Test HAVE_STRUCT_STATVFS_F_IOSIZE failed with the following output:
Change Dir: /home/xin/tools/cmake-3.23.2/CMakeFiles/CMakeTmp

Run Build Command(s):/usr/bin/make -f Makefile cmTC_c72a5/fast && make  -f CMakeFiles/cmTC_c72a5.dir/build.make CMakeFiles/cmTC_c72a5.dir/build
make[1]: 进入目录“/home/xin/tools/cmake-3.23.2/CMakeFiles/CMakeTmp”
Building C object CMakeFiles/cmTC_c72a5.dir/src.c.o
/usr/bin/gcc -DHAVE_STRUCT_STATVFS_F_IOSIZE  -w  -o CMakeFiles/cmTC_c72a5.dir/src.c.o -c /home/xin/tools/cmake-3.23.2/CMakeFiles/CMakeTmp/src.c
/home/xin/tools/cmake-3.23.2/CMakeFiles/CMakeTmp/src.c: In function ‘main’:
/home/xin/tools/cmake-3.23.2/CMakeFiles/CMakeTmp/src.c:7:39: error: ‘struct statvfs’ has no member named ‘f_iosize’; did you mean ‘f_bsize’?
   (void)sizeof(((struct statvfs *)0)->f_iosize);
                                       ^~~~~~~~
                                       f_bsize
CMakeFiles/cmTC_c72a5.dir/build.make:77: recipe for target 'CMakeFiles/cmTC_c72a5.dir/src.c.o' failed
make[1]: *** [CMakeFiles/cmTC_c72a5.dir/src.c.o] Error 1
make[1]: 离开目录“/home/xin/tools/cmake-3.23.2/CMakeFiles/CMakeTmp”
Makefile:127: recipe for target 'cmTC_c72a5/fast' failed
make: *** [cmTC_c72a5/fast] Error 2


Source file was:

#include <sys/types.h>
#include <sys/statvfs.h>

int main()
{
  (void)sizeof(((struct statvfs *)0)->f_iosize);
  return 0;
}

Checking for curses support failed with the following output:
Change Dir: /home/xin/tools/cmake-3.23.2/Source/Checks/Curses-build

Run Build Command(s):/usr/bin/make -f Makefile CheckCurses && make: *** 没有规则可制作目标“CheckCurses”。 停止。



Looking for a Fortran compiler failed with the following output:
-- The Fortran compiler identification is unknown
CMake Error at CMakeLists.txt:2 (project):
  No CMAKE_Fortran_COMPILER could be found.

  Tell CMake where to find the compiler by setting either the environment
  variable "FC" or the CMake cache entry CMAKE_Fortran_COMPILER to the full
  path to the compiler, or to the compiler name if it is in the PATH.


-- Configuring incomplete, errors occurred!
See also "/home/xin/tools/cmake-3.23.2/Tests/CMakeFiles/CheckFortran/CMakeFiles/CMakeOutput.log".
See also "/home/xin/tools/cmake-3.23.2/Tests/CMakeFiles/CheckFortran/CMakeFiles/CMakeError.log".

